#
# There is insufficient memory for the Java Runtime Environment to continue.
# Native memory allocation (malloc) failed to allocate 32744 bytes for ChunkPool::allocate
# Possible reasons:
#   The system is out of physical RAM or swap space
#   In 32 bit mode, the process size limit was hit
# Possible solutions:
#   Reduce memory load on the system
#   Increase physical memory or swap space
#   Check if swap backing store is full
#   Use 64 bit Java on a 64 bit OS
#   Decrease Java heap size (-Xmx/-Xms)
#   Decrease number of Java threads
#   Decrease Java thread stack sizes (-Xss)
#   Set larger code cache with -XX:ReservedCodeCacheSize=
# This output file may be truncated or incomplete.
#
#  Out of Memory Error (allocation.cpp:273), pid=10332, tid=0x000000000000047c
#
# JRE version: OpenJDK Runtime Environment (8.0_152-b01) (build 1.8.0_152-release-915-b01)
# Java VM: OpenJDK 64-Bit Server VM (25.152-b01 mixed mode windows-amd64 compressed oops)
# Failed to write core dump. Minidumps are not enabled by default on client versions of Windows
#

---------------  T H R E A D  ---------------

Current thread (0x0000000012f0e800):  JavaThread "C2 CompilerThread1" daemon [_thread_in_native, id=1148, stack(0x0000000014640000,0x0000000014740000)]

Stack: [0x0000000014640000,0x0000000014740000]
[error occurred during error reporting (printing stack bounds), id 0xc0000005]

Native frames: (J=compiled Java code, j=interpreted, Vv=VM code, C=native code)


Current CompileTask:
C2:   3373  837       4       org.objectweb.asm.ClassReader::a (3587 bytes)


---------------  P R O C E S S  ---------------

Java Threads: ( => current thread )
  0x000000001479d000 JavaThread "Service Thread" daemon [_thread_blocked, id=5128, stack(0x0000000014c40000,0x0000000014d40000)]
  0x000000001478f800 JavaThread "C1 CompilerThread2" daemon [_thread_blocked, id=5604, stack(0x0000000014b40000,0x0000000014c40000)]
=>0x0000000012f0e800 JavaThread "C2 CompilerThread1" daemon [_thread_in_native, id=1148, stack(0x0000000014640000,0x0000000014740000)]
  0x0000000012f0a800 JavaThread "C2 CompilerThread0" daemon [_thread_blocked, id=8092, stack(0x0000000014540000,0x0000000014640000)]
  0x0000000012efb800 JavaThread "Attach Listener" daemon [_thread_blocked, id=8124, stack(0x0000000014440000,0x0000000014540000)]
  0x0000000012f56800 JavaThread "Signal Dispatcher" daemon [_thread_blocked, id=4976, stack(0x0000000014340000,0x0000000014440000)]
  0x0000000002b9b000 JavaThread "Finalizer" daemon [_thread_blocked, id=10512, stack(0x0000000014160000,0x0000000014260000)]
  0x0000000002b96000 JavaThread "Reference Handler" daemon [_thread_blocked, id=8364, stack(0x0000000014060000,0x0000000014160000)]
  0x0000000002aa5000 JavaThread "main" [_thread_in_Java, id=8796, stack(0x00000000029a0000,0x0000000002aa0000)]

Other Threads:
  0x0000000012ec5000 VMThread [stack: 0x0000000013f60000,0x0000000014060000] [id=6660]
  0x000000001479e800 WatcherThread [stack: 0x0000000014d40000,0x0000000014e40000] [id=10088]

VM state:not at safepoint (normal execution)

VM Mutex/Monitor currently owned by a thread: None

Heap:
 PSYoungGen      total 18944K, used 12220K [0x00000000feb00000, 0x0000000100000000, 0x0000000100000000)
  eden space 16384K, 59% used [0x00000000feb00000,0x00000000ff470ac8,0x00000000ffb00000)
  from space 2560K, 99% used [0x00000000ffd80000,0x00000000ffffe840,0x0000000100000000)
  to   space 2560K, 0% used [0x00000000ffb00000,0x00000000ffb00000,0x00000000ffd80000)
 ParOldGen       total 44032K, used 6389K [0x00000000fc000000, 0x00000000feb00000, 0x00000000feb00000)
  object space 44032K, 14% used [0x00000000fc000000,0x00000000fc63d7d0,0x00000000feb00000)
 Metaspace       used 7626K, capacity 7784K, committed 7936K, reserved 1056768K
  class space    used 873K, capacity 956K, committed 1024K, reserved 1048576K

Card table byte_map: [0x0000000002810000,0x0000000002840000] byte_map_base: 0x0000000002030000

Marking Bits: (ParMarkBitMap*) 0x000000006f613950
 Begin Bits: [0x0000000012360000, 0x0000000012460000)
 End Bits:   [0x0000000012460000, 0x0000000012560000)

Polling page: 0x0000000000e70000

CodeCache: size=245760Kb used=3829Kb max_used=3840Kb free=241930Kb
 bounds [0x0000000002ba0000, 0x0000000002f70000, 0x0000000011ba0000]
 total_blobs=1324 nmethods=992 adapters=246
 compilation: enabled

Compilation events (10 events):
Event: 3.351 Thread 0x0000000012f0a800 nmethod 988 0x0000000002f5db50 code [0x0000000002f5dcc0, 0x0000000002f5e118]
Event: 3.352 Thread 0x0000000012f0a800  989       4       org.objectweb.asm.AnnotationVisitor::<init> (35 bytes)
Event: 3.352 Thread 0x0000000012f0a800 nmethod 989 0x0000000002f5a750 code [0x0000000002f5a880, 0x0000000002f5a938]
Event: 3.353 Thread 0x0000000012f0a800  990       4       org.objectweb.asm.MethodVisitor::visitAnnotation (19 bytes)
Event: 3.361 Thread 0x0000000012f0a800 nmethod 990 0x0000000002f5f450 code [0x0000000002f5f5e0, 0x0000000002f5fb88]
Event: 3.362 Thread 0x0000000012f0a800  991       4       org.objectweb.asm.tree.MethodNode::visitMethodInsn (43 bytes)
Event: 3.365 Thread 0x0000000012f0a800 nmethod 991 0x0000000002f5d710 code [0x0000000002f5d860, 0x0000000002f5da18]
Event: 3.365 Thread 0x0000000012f0a800  992       4       java.util.ArrayList::<init> (61 bytes)
Event: 3.367 Thread 0x0000000012f0a800 nmethod 992 0x0000000002f5d350 code [0x0000000002f5d4a0, 0x0000000002f5d618]
Event: 3.368 Thread 0x0000000012f0a800  993       4       org.objectweb.asm.ClassReader::a (75 bytes)

GC Heap History (4 events):
Event: 1.335 GC heap before
{Heap before GC invocations=1 (full 0):
 PSYoungGen      total 18944K, used 16384K [0x00000000feb00000, 0x0000000100000000, 0x0000000100000000)
  eden space 16384K, 100% used [0x00000000feb00000,0x00000000ffb00000,0x00000000ffb00000)
  from space 2560K, 0% used [0x00000000ffd80000,0x00000000ffd80000,0x0000000100000000)
  to   space 2560K, 0% used [0x00000000ffb00000,0x00000000ffb00000,0x00000000ffd80000)
 ParOldGen       total 44032K, used 0K [0x00000000fc000000, 0x00000000feb00000, 0x00000000feb00000)
  object space 44032K, 0% used [0x00000000fc000000,0x00000000fc000000,0x00000000feb00000)
 Metaspace       used 6574K, capacity 6746K, committed 7040K, reserved 1056768K
  class space    used 772K, capacity 823K, committed 896K, reserved 1048576K
Event: 1.412 GC heap after
Heap after GC invocations=1 (full 0):
 PSYoungGen      total 18944K, used 2528K [0x00000000feb00000, 0x0000000100000000, 0x0000000100000000)
  eden space 16384K, 0% used [0x00000000feb00000,0x00000000feb00000,0x00000000ffb00000)
  from space 2560K, 98% used [0x00000000ffb00000,0x00000000ffd78030,0x00000000ffd80000)
  to   space 2560K, 0% used [0x00000000ffd80000,0x00000000ffd80000,0x0000000100000000)
 ParOldGen       total 44032K, used 1630K [0x00000000fc000000, 0x00000000feb00000, 0x00000000feb00000)
  object space 44032K, 3% used [0x00000000fc000000,0x00000000fc1978e8,0x00000000feb00000)
 Metaspace       used 6574K, capacity 6746K, committed 7040K, reserved 1056768K
  class space    used 772K, capacity 823K, committed 896K, reserved 1048576K
}
Event: 2.073 GC heap before
{Heap before GC invocations=2 (full 0):
 PSYoungGen      total 18944K, used 18912K [0x00000000feb00000, 0x0000000100000000, 0x0000000100000000)
  eden space 16384K, 100% used [0x00000000feb00000,0x00000000ffb00000,0x00000000ffb00000)
  from space 2560K, 98% used [0x00000000ffb00000,0x00000000ffd78030,0x00000000ffd80000)
  to   space 2560K, 0% used [0x00000000ffd80000,0x00000000ffd80000,0x0000000100000000)
 ParOldGen       total 44032K, used 1630K [0x00000000fc000000, 0x00000000feb00000, 0x00000000feb00000)
  object space 44032K, 3% used [0x00000000fc000000,0x00000000fc1978e8,0x00000000feb00000)
 Metaspace       used 7555K, capacity 7720K, committed 7936K, reserved 1056768K
  class space    used 873K, capacity 956K, committed 1024K, reserved 1048576K
Event: 2.125 GC heap after
Heap after GC invocations=2 (full 0):
 PSYoungGen      total 18944K, used 2554K [0x00000000feb00000, 0x0000000100000000, 0x0000000100000000)
  eden space 16384K, 0% used [0x00000000feb00000,0x00000000feb00000,0x00000000ffb00000)
  from space 2560K, 99% used [0x00000000ffd80000,0x00000000ffffe840,0x0000000100000000)
  to   space 2560K, 0% used [0x00000000ffb00000,0x00000000ffb00000,0x00000000ffd80000)
 ParOldGen       total 44032K, used 6389K [0x00000000fc000000, 0x00000000feb00000, 0x00000000feb00000)
  object space 44032K, 14% used [0x00000000fc000000,0x00000000fc63d7d0,0x00000000feb00000)
 Metaspace       used 7555K, capacity 7720K, committed 7936K, reserved 1056768K
  class space    used 873K, capacity 956K, committed 1024K, reserved 1048576K
}

Deoptimization events (10 events):
Event: 1.285 Thread 0x0000000002aa5000 Uncommon trap: reason=unstable_if action=reinterpret pc=0x0000000002db7dec method=java.util.zip.ZipFile$ZipEntryIterator.hasNext()Z @ 25
Event: 1.286 Thread 0x0000000002aa5000 Uncommon trap: reason=unstable_if action=reinterpret pc=0x0000000002dc6168 method=java.util.zip.ZipCoder.decoder()Ljava/nio/charset/CharsetDecoder; @ 4
Event: 1.286 Thread 0x0000000002aa5000 Uncommon trap: reason=unstable_if action=reinterpret pc=0x0000000002dba9d8 method=java.util.zip.ZipEntry.setExtra0([BZ)V @ 1
Event: 1.290 Thread 0x0000000002aa5000 Uncommon trap: reason=unstable_if action=reinterpret pc=0x0000000002dbe55c method=java.util.zip.ZipFile$ZipEntryIterator.hasNext()Z @ 25
Event: 1.290 Thread 0x0000000002aa5000 Uncommon trap: reason=unstable_if action=reinterpret pc=0x0000000002dc1a4c method=java.util.zip.ZipCoder.decoder()Ljava/nio/charset/CharsetDecoder; @ 4
Event: 1.294 Thread 0x0000000002aa5000 Uncommon trap: reason=unstable_if action=reinterpret pc=0x0000000002dbb79c method=java.util.zip.ZipCoder.decoder()Ljava/nio/charset/CharsetDecoder; @ 4
Event: 1.547 Thread 0x0000000002aa5000 Uncommon trap: reason=unstable_if action=reinterpret pc=0x0000000002dd96a0 method=java.util.zip.ZipFile.getZipEntry(Ljava/lang/String;J)Ljava/util/zip/ZipEntry; @ 19
Event: 1.697 Thread 0x0000000002aa5000 Uncommon trap: reason=unloaded action=reinterpret pc=0x0000000002dbe97c method=java.util.zip.ZipEntry.setExtra0([BZ)V @ 37
Event: 1.885 Thread 0x0000000002aa5000 Uncommon trap: reason=unstable_if action=reinterpret pc=0x0000000002d9a56c method=java.lang.String.<init>([CII)V @ 18
Event: 2.038 Thread 0x0000000002aa5000 Uncommon trap: reason=unstable_if action=reinterpret pc=0x0000000002e5cabc method=org.objectweb.asm.ClassReader.readUTF8(I[C)Ljava/lang/String; @ 11

Classes redefined (0 events):
No events

Internal exceptions (10 events):
Event: 1.590 Thread 0x0000000002aa5000 Exception <a 'sun/nio/fs/WindowsException'> (0x00000000ff180510) thrown at [D:\src\AOSP-openjdk-cygwin\jdk8u\hotspot\src\share\vm\prims\jni.cpp, line 709]
Event: 1.590 Thread 0x0000000002aa5000 Exception <a 'sun/nio/fs/WindowsException'> (0x00000000ff180b08) thrown at [D:\src\AOSP-openjdk-cygwin\jdk8u\hotspot\src\share\vm\prims\jni.cpp, line 709]
Event: 1.590 Thread 0x0000000002aa5000 Exception <a 'sun/nio/fs/WindowsException'> (0x00000000ff1812d8) thrown at [D:\src\AOSP-openjdk-cygwin\jdk8u\hotspot\src\share\vm\prims\jni.cpp, line 709]
Event: 1.590 Thread 0x0000000002aa5000 Exception <a 'sun/nio/fs/WindowsException'> (0x00000000ff1818a8) thrown at [D:\src\AOSP-openjdk-cygwin\jdk8u\hotspot\src\share\vm\prims\jni.cpp, line 709]
Event: 1.590 Thread 0x0000000002aa5000 Exception <a 'sun/nio/fs/WindowsException'> (0x00000000ff182068) thrown at [D:\src\AOSP-openjdk-cygwin\jdk8u\hotspot\src\share\vm\prims\jni.cpp, line 709]
Event: 1.592 Thread 0x0000000002aa5000 Exception <a 'sun/nio/fs/WindowsException'> (0x00000000ff1874d0) thrown at [D:\src\AOSP-openjdk-cygwin\jdk8u\hotspot\src\share\vm\prims\jni.cpp, line 709]
Event: 1.722 Thread 0x0000000002aa5000 Exception <a 'sun/nio/fs/WindowsException'> (0x00000000ff51a1e8) thrown at [D:\src\AOSP-openjdk-cygwin\jdk8u\hotspot\src\share\vm\prims\jni.cpp, line 709]
Event: 1.722 Thread 0x0000000002aa5000 Exception <a 'sun/nio/fs/WindowsException'> (0x00000000ff51a7a8) thrown at [D:\src\AOSP-openjdk-cygwin\jdk8u\hotspot\src\share\vm\prims\jni.cpp, line 709]
Event: 1.889 Thread 0x0000000002aa5000 Exception <a 'sun/nio/fs/WindowsException'> (0x00000000ff6678f0) thrown at [D:\src\AOSP-openjdk-cygwin\jdk8u\hotspot\src\share\vm\prims\jni.cpp, line 709]
Event: 1.889 Thread 0x0000000002aa5000 Exception <a 'sun/nio/fs/WindowsException'> (0x00000000ff667e30) thrown at [D:\src\AOSP-openjdk-cygwin\jdk8u\hotspot\src\share\vm\prims\jni.cpp, line 709]

Events (10 events):
Event: 1.886 loading class java/util/Vector$Itr done
Event: 1.887 loading class com/google/devtools/build/android/desugar/DirectoryOutputFileProvider
Event: 1.887 loading class com/google/devtools/build/android/desugar/DirectoryOutputFileProvider done
Event: 1.899 loading class org/objectweb/asm/Opcodes
Event: 1.899 loading class org/objectweb/asm/Opcodes done
Event: 2.038 Thread 0x0000000002aa5000 Uncommon trap: trap_request=0xffffff65 fr.pc=0x0000000002e5cabc
Event: 2.038 Thread 0x0000000002aa5000 DEOPT PACKING pc=0x0000000002e5cabc sp=0x0000000002a9f3b0
Event: 2.038 Thread 0x0000000002aa5000 DEOPT UNPACKING pc=0x0000000002be556a sp=0x0000000002a9f398 mode 2
Event: 2.072 Executing VM operation: ParallelGCFailedAllocation
Event: 2.125 Executing VM operation: ParallelGCFailedAllocation done


Dynamic libraries:
0x00007ff67b3f0000 - 0x00007ff67b421000 	C:\Program Files\Android\Android Studio\jre\bin\java.exe
0x00007ffbee940000 - 0x00007ffbeeaed000 	C:\Windows\SYSTEM32\ntdll.dll
0x00007ffbec4b0000 - 0x00007ffbec5ee000 	C:\Windows\system32\KERNEL32.DLL
0x00007ffbebb60000 - 0x00007ffbebc75000 	C:\Windows\system32\KERNELBASE.dll
0x00007ffbedeb0000 - 0x00007ffbedf5a000 	C:\Windows\system32\ADVAPI32.dll
0x00007ffbee110000 - 0x00007ffbee287000 	C:\Windows\system32\USER32.dll
0x00007ffbe9780000 - 0x00007ffbe99fb000 	C:\Windows\WinSxS\amd64_microsoft.windows.common-controls_6595b64144ccf1df_6.0.9600.18006_none_623f33d3ecbe86e8\COMCTL32.dll
0x00007ffbedb90000 - 0x00007ffbedc3a000 	C:\Windows\system32\msvcrt.dll
0x00007ffbee4d0000 - 0x00007ffbee529000 	C:\Windows\SYSTEM32\sechost.dll
0x00007ffbebfd0000 - 0x00007ffbec110000 	C:\Windows\system32\RPCRT4.dll
0x00007ffbedfc0000 - 0x00007ffbee10f000 	C:\Windows\system32\GDI32.dll
0x00007ffbebb30000 - 0x00007ffbebb5e000 	C:\Windows\system32\SspiCli.dll
0x00007ffbec470000 - 0x00007ffbec4a6000 	C:\Windows\system32\IMM32.DLL
0x00007ffbec310000 - 0x00007ffbec462000 	C:\Windows\system32\MSCTF.dll
0x000000006ed70000 - 0x000000006ee42000 	C:\Program Files\Android\Android Studio\jre\jre\bin\msvcr100.dll
0x000000006ee50000 - 0x000000006f68e000 	C:\Program Files\Android\Android Studio\jre\jre\bin\server\jvm.dll
0x00007ffbe4260000 - 0x00007ffbe4269000 	C:\Windows\SYSTEM32\WSOCK32.dll
0x00007ffbd8d20000 - 0x00007ffbd8d42000 	C:\Windows\SYSTEM32\WINMM.dll
0x00007ffbe5bd0000 - 0x00007ffbe5bda000 	C:\Windows\SYSTEM32\VERSION.dll
0x00007ffbedb20000 - 0x00007ffbedb27000 	C:\Windows\system32\PSAPI.DLL
0x00007ffbedf60000 - 0x00007ffbedfba000 	C:\Windows\system32\WS2_32.dll
0x00007ffbd8cf0000 - 0x00007ffbd8d1a000 	C:\Windows\SYSTEM32\WINMMBASE.dll
0x00007ffbebfc0000 - 0x00007ffbebfc9000 	C:\Windows\system32\NSI.dll
0x00007ffbebd90000 - 0x00007ffbebddf000 	C:\Windows\SYSTEM32\cfgmgr32.dll
0x00007ffbea890000 - 0x00007ffbea8b8000 	C:\Windows\SYSTEM32\DEVOBJ.dll
0x00007ffbc9b00000 - 0x00007ffbc9b0f000 	C:\Program Files\Android\Android Studio\jre\jre\bin\verify.dll
0x00007ffbc0740000 - 0x00007ffbc0769000 	C:\Program Files\Android\Android Studio\jre\jre\bin\java.dll
0x00007ffbc0720000 - 0x00007ffbc0736000 	C:\Program Files\Android\Android Studio\jre\jre\bin\zip.dll
0x00007ffbec5f0000 - 0x00007ffbedb18000 	C:\Windows\system32\SHELL32.dll
0x00007ffbee720000 - 0x00007ffbee931000 	C:\Windows\SYSTEM32\combase.dll
0x00007ffbedb30000 - 0x00007ffbedb84000 	C:\Windows\system32\SHLWAPI.dll
0x00007ffbea000000 - 0x00007ffbea0b2000 	C:\Windows\SYSTEM32\SHCORE.dll
0x00007ffbeba60000 - 0x00007ffbeba75000 	C:\Windows\SYSTEM32\profapi.dll
0x00007ffbeb360000 - 0x00007ffbeb380000 	C:\Windows\SYSTEM32\CRYPTSP.dll
0x00007ffbeaf80000 - 0x00007ffbeafb6000 	C:\Windows\system32\rsaenh.dll
0x00007ffbeb5b0000 - 0x00007ffbeb5d6000 	C:\Windows\SYSTEM32\bcrypt.dll
0x00007ffbeb090000 - 0x00007ffbeb0b1000 	C:\Windows\SYSTEM32\USERENV.dll
0x00007ffbeb8c0000 - 0x00007ffbeb923000 	C:\Windows\system32\bcryptprimitives.dll
0x00007ffbeb930000 - 0x00007ffbeb93b000 	C:\Windows\SYSTEM32\CRYPTBASE.dll
0x00007ffbd02d0000 - 0x00007ffbd02ea000 	C:\Program Files\Android\Android Studio\jre\jre\bin\net.dll
0x00007ffbeb300000 - 0x00007ffbeb359000 	C:\Windows\system32\mswsock.dll
0x00007ffbe6f50000 - 0x00007ffbe6f7a000 	C:\Windows\SYSTEM32\IPHLPAPI.DLL
0x00007ffbe6f30000 - 0x00007ffbe6f3a000 	C:\Windows\SYSTEM32\WINNSI.DLL
0x00007ffbe6a10000 - 0x00007ffbe6a26000 	C:\Windows\SYSTEM32\dhcpcsvc6.DLL
0x00007ffbe6b80000 - 0x00007ffbe6b9a000 	C:\Windows\SYSTEM32\dhcpcsvc.DLL
0x00007ffbcdd70000 - 0x00007ffbcdd81000 	C:\Program Files\Android\Android Studio\jre\jre\bin\nio.dll

VM Arguments:
jvm_args: -Djava.awt.headless=true -Xmx64M -Dfile.encoding=windows-1256 -Duser.country=US -Duser.language=en -Duser.variant 
java_command: com.google.devtools.build.android.desugar.Desugar --input C:\Users\Tareq Naji\AndroidStudioProjects\ALTARIQ_Restaurant\app\build\intermediates\transforms\stackFramesFixer\debug\27.jar --output C:\Users\Tareq Naji\AndroidStudioProjects\ALTARIQ_Restaurant\app\build\intermediates\transforms\desugar\debug\29.jar --input C:\Users\Tareq Naji\AndroidStudioProjects\ALTARIQ_Restaurant\app\build\tmp\kotlin-classes\debug --output C:\Users\Tareq Naji\AndroidStudioProjects\ALTARIQ_Restaurant\app\build\intermediates\transforms\desugar\debug\1 --input C:\Users\Tareq Naji\AndroidStudioProjects\ALTARIQ_Restaurant\app\build\intermediates\transforms\stackFramesFixer\debug\9.jar --output C:\Users\Tareq Naji\AndroidStudioProjects\ALTARIQ_Restaurant\app\build\intermediates\transforms\desugar\debug\11.jar --input C:\Users\Tareq Naji\AndroidStudioProjects\ALTARIQ_Restaurant\app\build\intermediates\transforms\stackFramesFixer\debug\15.jar --output C:\Users\Tareq Naji\AndroidStudioProjects\ALTARIQ_Restaurant\app\build\intermediates\transforms\desugar\debug\17.jar --input C:\Users\Tareq Naji\AndroidStudioProjects\ALTARIQ_Restaurant\app\build\intermediates\transforms\stackFramesFixer\debug\2.jar --output C:\Users\Tareq Naji\AndroidStudioProjects\ALTARIQ_Restaurant\app\build\intermediates\transforms\desugar\debug\4.jar --input C:\Users\Tareq Naji\AndroidStudioProjects\ALTARIQ_Restaurant\app\build\intermediates\transforms\stackFramesFixer\debug\19.jar --output C:\Users\Tareq Naji\AndroidStudioProjects\ALTARIQ_Restaurant\app\build\intermediates\transforms\desugar\debug\21.jar --input C:\Users\Tareq Naji\AndroidStudioProjects\ALTARIQ_Restaurant\app\build\intermediates\classes\debug --output C:\Users\Tareq Naji\AndroidStudioProjects\ALTARIQ_Restaurant\app\build\intermediates\transforms\desugar\debug\0 --input C:\Users\Tareq Naji\AndroidStudioProjects\ALTARIQ_Restaurant\app\build\intermediates\transforms\stackFramesFixer\debug\5.jar --output C:\Users\Tareq Naji\AndroidStudioProjects\
java_class_path (initial): C:\Users\Tareq Naji\AppData\Local\Temp\desugar_deploy.jar3103544775793964176
Launcher Type: SUN_STANDARD

Environment Variables:
PATH=C:\ProgramData\Oracle\Java\javapath;C:\Windows\system32;C:\Windows;C:\Windows\System32\Wbem;C:\Windows\System32\WindowsPowerShell\v1.0\;C:\Program Files (x86)\Intel\OpenCL SDK\2.0\bin\x86;C:\Program Files (x86)\Intel\OpenCL SDK\2.0\bin\x64;C:\Program Files\Microsoft SQL Server\120\DTS\Binn\;C:\Program Files\Microsoft SQL Server\Client SDK\ODBC\110\Tools\Binn\;C:\Program Files (x86)\Microsoft SQL Server\120\Tools\Binn\;C:\Program Files\Microsoft SQL Server\120\Tools\Binn\;C:\Program Files (x86)\Microsoft SQL Server\120\Tools\Binn\ManagementStudio\;C:\Program Files (x86)\Microsoft SQL Server\120\DTS\Binn\;C:\Program Files (x86)\Intel\OpenCL SDK\2.0\bin\x86;C:\Program Files (x86)\Intel\OpenCL SDK\2.0\bin\x64;E:\android-ndk-r10e\;C:\Program Files (x86)\GtkSharp\2.12\bin;C:\Program Files\Microsoft SQL Server\130\Tools\Binn\;C:\Program Files (x86)\Skype\Phone\;C:\Program Files\dotnet\;C:\Program Files\Git\cmd;C:\Program Files (x86)\Microsoft SQL Server\Client SDK\ODBC\130\Tools\Binn\;C:\Program Files (x86)\Microsoft SQL Server\140\Tools\Binn\;C:\Program Files (x86)\Microsoft SQL Server\140\DTS\Binn\;C:\Program Files (x86)\Microsoft SQL Server\140\Tools\Binn\ManagementStudio\;C:\Program Files\Microsoft SQL Server\Client SDK\ODBC\130\Tools\Binn\;C:\Program Files\Microsoft SQL Server\140\Tools\Binn\;C:\Program Files\Microsoft SQL Server\140\DTS\Binn\;C:\Users\Tareq Naji\.dnx\bin;E:\android-ndk-r13b
USERNAME=Tareq Naji
OS=Windows_NT
PROCESSOR_IDENTIFIER=Intel64 Family 6 Model 42 Stepping 7, GenuineIntel



---------------  S Y S T E M  ---------------

OS: Windows 8.1 , 64 bit Build 9600 (6.3.9600.17415)

CPU:total 4 (initial active 4) (2 cores per cpu, 2 threads per core) family 6 model 42 stepping 7, cmov, cx8, fxsr, mmx, sse, sse2, sse3, ssse3, sse4.1, sse4.2, popcnt, avx, aes, clmul, ht, tsc, tscinvbit

Memory: 4k page, physical 8321388k(776072k free), swap 9462972k(5360k free)

vm_info: OpenJDK 64-Bit Server VM (25.152-b01) for windows-amd64 JRE (1.8.0_152-release-915-b01), built by "builder" with MS VC++ 10.0 (VS2010)

time: Mon Mar 12 16:38:43 2018
elapsed time: 3 seconds (0d 0h 0m 3s)

