#
# There is insufficient memory for the Java Runtime Environment to continue.
# Native memory allocation (malloc) failed to allocate 246576 bytes for Chunk::new
# Possible reasons:
#   The system is out of physical RAM or swap space
#   In 32 bit mode, the process size limit was hit
# Possible solutions:
#   Reduce memory load on the system
#   Increase physical memory or swap space
#   Check if swap backing store is full
#   Use 64 bit Java on a 64 bit OS
#   Decrease Java heap size (-Xmx/-Xms)
#   Decrease number of Java threads
#   Decrease Java thread stack sizes (-Xss)
#   Set larger code cache with -XX:ReservedCodeCacheSize=
# This output file may be truncated or incomplete.
#
#  Out of Memory Error (allocation.cpp:390), pid=4620, tid=0x0000000000000c4c
#
# JRE version: OpenJDK Runtime Environment (8.0_152-b01) (build 1.8.0_152-release-915-b01)
# Java VM: OpenJDK 64-Bit Server VM (25.152-b01 mixed mode windows-amd64 compressed oops)
# Failed to write core dump. Minidumps are not enabled by default on client versions of Windows
#

---------------  T H R E A D  ---------------

Current thread (0x0000000012d2b800):  JavaThread "C2 CompilerThread0" daemon [_thread_in_native, id=3148, stack(0x0000000014370000,0x0000000014470000)]

Stack: [0x0000000014370000,0x0000000014470000]
[error occurred during error reporting (printing stack bounds), id 0xc0000005]

Native frames: (J=compiled Java code, j=interpreted, Vv=VM code, C=native code)


Current CompileTask:
C2:   2882  869 %     4       org.objectweb.asm.ClassReader::a @ 1360 (3587 bytes)


---------------  P R O C E S S  ---------------

Java Threads: ( => current thread )
  0x00000000145c4000 JavaThread "Service Thread" daemon [_thread_blocked, id=1732, stack(0x0000000014a70000,0x0000000014b70000)]
  0x0000000012d7d800 JavaThread "C1 CompilerThread2" daemon [_thread_in_native, id=4540, stack(0x0000000014970000,0x0000000014a70000)]
  0x0000000012d2f800 JavaThread "C2 CompilerThread1" daemon [_thread_blocked, id=4328, stack(0x0000000014470000,0x0000000014570000)]
=>0x0000000012d2b800 JavaThread "C2 CompilerThread0" daemon [_thread_in_native, id=3148, stack(0x0000000014370000,0x0000000014470000)]
  0x0000000012d1c000 JavaThread "Attach Listener" daemon [_thread_blocked, id=11256, stack(0x0000000014270000,0x0000000014370000)]
  0x0000000012d77800 JavaThread "Signal Dispatcher" daemon [_thread_blocked, id=2224, stack(0x0000000014170000,0x0000000014270000)]
  0x0000000012d0e800 JavaThread "Finalizer" daemon [_thread_blocked, id=2256, stack(0x0000000013f70000,0x0000000014070000)]
  0x00000000029b7000 JavaThread "Reference Handler" daemon [_thread_blocked, id=8324, stack(0x0000000013e70000,0x0000000013f70000)]
  0x00000000028c6000 JavaThread "main" [_thread_in_vm, id=8644, stack(0x0000000002700000,0x0000000002800000)]

Other Threads:
  0x0000000012ce4000 VMThread [stack: 0x0000000013d70000,0x0000000013e70000] [id=9824]
  0x00000000145c6000 WatcherThread [stack: 0x0000000014b70000,0x0000000014c70000] [id=1176]

VM state:not at safepoint (normal execution)

VM Mutex/Monitor currently owned by a thread: None

Heap:
 PSYoungGen      total 18944K, used 3941K [0x00000000feb00000, 0x0000000100000000, 0x0000000100000000)
  eden space 16384K, 8% used [0x00000000feb00000,0x00000000fec5e368,0x00000000ffb00000)
  from space 2560K, 99% used [0x00000000ffd80000,0x00000000ffffb368,0x0000000100000000)
  to   space 2560K, 0% used [0x00000000ffb00000,0x00000000ffb00000,0x00000000ffd80000)
 ParOldGen       total 44032K, used 5165K [0x00000000fc000000, 0x00000000feb00000, 0x00000000feb00000)
  object space 44032K, 11% used [0x00000000fc000000,0x00000000fc50b440,0x00000000feb00000)
 Metaspace       used 7603K, capacity 7784K, committed 7936K, reserved 1056768K
  class space    used 873K, capacity 956K, committed 1024K, reserved 1048576K

Card table byte_map: [0x0000000002810000,0x0000000002840000] byte_map_base: 0x0000000002030000

Marking Bits: (ParMarkBitMap*) 0x000000006f613950
 Begin Bits: [0x0000000012180000, 0x0000000012280000)
 End Bits:   [0x0000000012280000, 0x0000000012380000)

Polling page: 0x0000000000d60000

CodeCache: size=245760Kb used=3530Kb max_used=3530Kb free=242230Kb
 bounds [0x00000000029c0000, 0x0000000002d40000, 0x00000000119c0000]
 total_blobs=1252 nmethods=920 adapters=246
 compilation: enabled

Compilation events (10 events):
Event: 2.871 Thread 0x0000000012d7d800 nmethod 917 0x0000000002d324d0 code [0x0000000002d32640, 0x0000000002d32850]
Event: 2.872 Thread 0x0000000012d7d800  918       3       org.objectweb.asm.tree.VarInsnNode::accept (18 bytes)
Event: 2.872 Thread 0x0000000012d7d800 nmethod 918 0x0000000002d32910 code [0x0000000002d32a80, 0x0000000002d32d78]
Event: 2.872 Thread 0x0000000012d7d800  919       3       org.objectweb.asm.MethodVisitor::visitFieldInsn (20 bytes)
Event: 2.873 Thread 0x0000000012d7d800 nmethod 919 0x0000000002d32e50 code [0x0000000002d32fc0, 0x0000000002d33228]
Event: 2.873 Thread 0x0000000012d7d800  920       3       org.objectweb.asm.MethodWriter::visitTypeInsn (118 bytes)
Event: 2.873 Thread 0x0000000012d7d800 nmethod 920 0x0000000002d33310 code [0x0000000002d334c0, 0x0000000002d33948]
Event: 2.874 Thread 0x0000000012d7d800  921       3       org.objectweb.asm.ClassVisitor::<init> (35 bytes)
Event: 2.874 Thread 0x0000000012d7d800 nmethod 921 0x0000000002d33b90 code [0x0000000002d33d00, 0x0000000002d34008]
Event: 2.878 Thread 0x0000000012d7d800  922       3       org.objectweb.asm.ClassReader::accept (1176 bytes)

GC Heap History (4 events):
Event: 1.417 GC heap before
{Heap before GC invocations=1 (full 0):
 PSYoungGen      total 18944K, used 16384K [0x00000000feb00000, 0x0000000100000000, 0x0000000100000000)
  eden space 16384K, 100% used [0x00000000feb00000,0x00000000ffb00000,0x00000000ffb00000)
  from space 2560K, 0% used [0x00000000ffd80000,0x00000000ffd80000,0x0000000100000000)
  to   space 2560K, 0% used [0x00000000ffb00000,0x00000000ffb00000,0x00000000ffd80000)
 ParOldGen       total 44032K, used 0K [0x00000000fc000000, 0x00000000feb00000, 0x00000000feb00000)
  object space 44032K, 0% used [0x00000000fc000000,0x00000000fc000000,0x00000000feb00000)
 Metaspace       used 6580K, capacity 6746K, committed 7040K, reserved 1056768K
  class space    used 773K, capacity 823K, committed 896K, reserved 1048576K
Event: 1.430 GC heap after
Heap after GC invocations=1 (full 0):
 PSYoungGen      total 18944K, used 2530K [0x00000000feb00000, 0x0000000100000000, 0x0000000100000000)
  eden space 16384K, 0% used [0x00000000feb00000,0x00000000feb00000,0x00000000ffb00000)
  from space 2560K, 98% used [0x00000000ffb00000,0x00000000ffd78b38,0x00000000ffd80000)
  to   space 2560K, 0% used [0x00000000ffd80000,0x00000000ffd80000,0x0000000100000000)
 ParOldGen       total 44032K, used 1587K [0x00000000fc000000, 0x00000000feb00000, 0x00000000feb00000)
  object space 44032K, 3% used [0x00000000fc000000,0x00000000fc18cfb0,0x00000000feb00000)
 Metaspace       used 6580K, capacity 6746K, committed 7040K, reserved 1056768K
  class space    used 773K, capacity 823K, committed 896K, reserved 1048576K
}
Event: 2.669 GC heap before
{Heap before GC invocations=2 (full 0):
 PSYoungGen      total 18944K, used 18914K [0x00000000feb00000, 0x0000000100000000, 0x0000000100000000)
  eden space 16384K, 100% used [0x00000000feb00000,0x00000000ffb00000,0x00000000ffb00000)
  from space 2560K, 98% used [0x00000000ffb00000,0x00000000ffd78b38,0x00000000ffd80000)
  to   space 2560K, 0% used [0x00000000ffd80000,0x00000000ffd80000,0x0000000100000000)
 ParOldGen       total 44032K, used 1587K [0x00000000fc000000, 0x00000000feb00000, 0x00000000feb00000)
  object space 44032K, 3% used [0x00000000fc000000,0x00000000fc18cfb0,0x00000000feb00000)
 Metaspace       used 7561K, capacity 7720K, committed 7936K, reserved 1056768K
  class space    used 873K, capacity 956K, committed 1024K, reserved 1048576K
Event: 2.763 GC heap after
Heap after GC invocations=2 (full 0):
 PSYoungGen      total 18944K, used 2540K [0x00000000feb00000, 0x0000000100000000, 0x0000000100000000)
  eden space 16384K, 0% used [0x00000000feb00000,0x00000000feb00000,0x00000000ffb00000)
  from space 2560K, 99% used [0x00000000ffd80000,0x00000000ffffb368,0x0000000100000000)
  to   space 2560K, 0% used [0x00000000ffb00000,0x00000000ffb00000,0x00000000ffd80000)
 ParOldGen       total 44032K, used 5165K [0x00000000fc000000, 0x00000000feb00000, 0x00000000feb00000)
  object space 44032K, 11% used [0x00000000fc000000,0x00000000fc50b440,0x00000000feb00000)
 Metaspace       used 7561K, capacity 7720K, committed 7936K, reserved 1056768K
  class space    used 873K, capacity 956K, committed 1024K, reserved 1048576K
}

Deoptimization events (10 events):
Event: 1.205 Thread 0x00000000028c6000 Uncommon trap: reason=unstable_if action=reinterpret pc=0x0000000002bdf8c8 method=java.util.zip.ZipFile$ZipEntryIterator.hasNext()Z @ 25
Event: 1.205 Thread 0x00000000028c6000 Uncommon trap: reason=unstable_if action=reinterpret pc=0x0000000002be9968 method=java.util.zip.ZipCoder.decoder()Ljava/nio/charset/CharsetDecoder; @ 4
Event: 1.208 Thread 0x00000000028c6000 Uncommon trap: reason=unstable_if action=reinterpret pc=0x0000000002be001c method=java.util.zip.ZipFile$ZipEntryIterator.hasNext()Z @ 25
Event: 1.299 Thread 0x00000000028c6000 Uncommon trap: reason=unstable_if action=reinterpret pc=0x0000000002be4b0c method=java.util.zip.ZipCoder.decoder()Ljava/nio/charset/CharsetDecoder; @ 4
Event: 1.606 Thread 0x00000000028c6000 Uncommon trap: reason=unstable_if action=reinterpret pc=0x0000000002bf7a20 method=java.util.zip.ZipFile.getZipEntry(Ljava/lang/String;J)Ljava/util/zip/ZipEntry; @ 19
Event: 1.671 Thread 0x00000000028c6000 Uncommon trap: reason=unloaded action=reinterpret pc=0x0000000002be29fc method=java.util.zip.ZipEntry.setExtra0([BZ)V @ 37
Event: 2.140 Thread 0x00000000028c6000 Uncommon trap: reason=unstable_if action=reinterpret pc=0x0000000002ba332c method=java.lang.String.<init>([CII)V @ 18
Event: 2.861 Thread 0x00000000028c6000 Uncommon trap: reason=unstable_if action=reinterpret pc=0x0000000002d19138 method=org.objectweb.asm.MethodWriter.visitFieldInsn(ILjava/lang/String;Ljava/lang/String;Ljava/lang/String;)V @ 207
Event: 2.868 Thread 0x00000000028c6000 Uncommon trap: reason=unstable_if action=reinterpret pc=0x0000000002d172b4 method=org.objectweb.asm.MethodWriter.visitVarInsn(II)V @ 142
Event: 2.868 Thread 0x00000000028c6000 Uncommon trap: reason=unstable_if action=reinterpret pc=0x0000000002ce144c method=org.objectweb.asm.MethodWriter.visitVarInsn(II)V @ 130

Classes redefined (0 events):
No events

Internal exceptions (10 events):
Event: 1.681 Thread 0x00000000028c6000 Exception <a 'sun/nio/fs/WindowsException'> (0x00000000ff1a6be0) thrown at [D:\src\AOSP-openjdk-cygwin\jdk8u\hotspot\src\share\vm\prims\jni.cpp, line 709]
Event: 1.681 Thread 0x00000000028c6000 Exception <a 'sun/nio/fs/WindowsException'> (0x00000000ff1a71d8) thrown at [D:\src\AOSP-openjdk-cygwin\jdk8u\hotspot\src\share\vm\prims\jni.cpp, line 709]
Event: 1.681 Thread 0x00000000028c6000 Exception <a 'sun/nio/fs/WindowsException'> (0x00000000ff1a79a8) thrown at [D:\src\AOSP-openjdk-cygwin\jdk8u\hotspot\src\share\vm\prims\jni.cpp, line 709]
Event: 1.681 Thread 0x00000000028c6000 Exception <a 'sun/nio/fs/WindowsException'> (0x00000000ff1a7f78) thrown at [D:\src\AOSP-openjdk-cygwin\jdk8u\hotspot\src\share\vm\prims\jni.cpp, line 709]
Event: 1.681 Thread 0x00000000028c6000 Exception <a 'sun/nio/fs/WindowsException'> (0x00000000ff1a8738) thrown at [D:\src\AOSP-openjdk-cygwin\jdk8u\hotspot\src\share\vm\prims\jni.cpp, line 709]
Event: 1.683 Thread 0x00000000028c6000 Exception <a 'sun/nio/fs/WindowsException'> (0x00000000ff1adba0) thrown at [D:\src\AOSP-openjdk-cygwin\jdk8u\hotspot\src\share\vm\prims\jni.cpp, line 709]
Event: 1.946 Thread 0x00000000028c6000 Exception <a 'sun/nio/fs/WindowsException'> (0x00000000ff5cce08) thrown at [D:\src\AOSP-openjdk-cygwin\jdk8u\hotspot\src\share\vm\prims\jni.cpp, line 709]
Event: 1.947 Thread 0x00000000028c6000 Exception <a 'sun/nio/fs/WindowsException'> (0x00000000ff5cd348) thrown at [D:\src\AOSP-openjdk-cygwin\jdk8u\hotspot\src\share\vm\prims\jni.cpp, line 709]
Event: 2.455 Thread 0x00000000028c6000 Exception <a 'sun/nio/fs/WindowsException'> (0x00000000ff8cd0f8) thrown at [D:\src\AOSP-openjdk-cygwin\jdk8u\hotspot\src\share\vm\prims\jni.cpp, line 709]
Event: 2.455 Thread 0x00000000028c6000 Exception <a 'sun/nio/fs/WindowsException'> (0x00000000ff8cd638) thrown at [D:\src\AOSP-openjdk-cygwin\jdk8u\hotspot\src\share\vm\prims\jni.cpp, line 709]

Events (10 events):
Event: 2.763 Executing VM operation: ParallelGCFailedAllocation done
Event: 2.861 Thread 0x00000000028c6000 Uncommon trap: trap_request=0xffffff65 fr.pc=0x0000000002d19138
Event: 2.861 Thread 0x00000000028c6000 DEOPT PACKING pc=0x0000000002d19138 sp=0x00000000027fef00
Event: 2.867 Thread 0x00000000028c6000 DEOPT UNPACKING pc=0x0000000002a0556a sp=0x00000000027fee40 mode 2
Event: 2.868 Thread 0x00000000028c6000 Uncommon trap: trap_request=0xffffff65 fr.pc=0x0000000002d172b4
Event: 2.868 Thread 0x00000000028c6000 DEOPT PACKING pc=0x0000000002d172b4 sp=0x00000000027fef90
Event: 2.868 Thread 0x00000000028c6000 DEOPT UNPACKING pc=0x0000000002a0556a sp=0x00000000027fee78 mode 2
Event: 2.868 Thread 0x00000000028c6000 Uncommon trap: trap_request=0xffffff65 fr.pc=0x0000000002ce144c
Event: 2.868 Thread 0x00000000028c6000 DEOPT PACKING pc=0x0000000002ce144c sp=0x00000000027fef00
Event: 2.868 Thread 0x00000000028c6000 DEOPT UNPACKING pc=0x0000000002a0556a sp=0x00000000027fee60 mode 2


Dynamic libraries:
0x00007ff67b3f0000 - 0x00007ff67b421000 	C:\Program Files\Android\Android Studio\jre\bin\java.exe
0x00007ffbee940000 - 0x00007ffbeeaed000 	C:\Windows\SYSTEM32\ntdll.dll
0x00007ffbec4b0000 - 0x00007ffbec5ee000 	C:\Windows\system32\KERNEL32.DLL
0x00007ffbebb60000 - 0x00007ffbebc75000 	C:\Windows\system32\KERNELBASE.dll
0x00007ffbedeb0000 - 0x00007ffbedf5a000 	C:\Windows\system32\ADVAPI32.dll
0x00007ffbee110000 - 0x00007ffbee287000 	C:\Windows\system32\USER32.dll
0x00007ffbe9780000 - 0x00007ffbe99fb000 	C:\Windows\WinSxS\amd64_microsoft.windows.common-controls_6595b64144ccf1df_6.0.9600.18006_none_623f33d3ecbe86e8\COMCTL32.dll
0x00007ffbedb90000 - 0x00007ffbedc3a000 	C:\Windows\system32\msvcrt.dll
0x00007ffbee4d0000 - 0x00007ffbee529000 	C:\Windows\SYSTEM32\sechost.dll
0x00007ffbebfd0000 - 0x00007ffbec110000 	C:\Windows\system32\RPCRT4.dll
0x00007ffbedfc0000 - 0x00007ffbee10f000 	C:\Windows\system32\GDI32.dll
0x00007ffbebb30000 - 0x00007ffbebb5e000 	C:\Windows\system32\SspiCli.dll
0x00007ffbec470000 - 0x00007ffbec4a6000 	C:\Windows\system32\IMM32.DLL
0x00007ffbec310000 - 0x00007ffbec462000 	C:\Windows\system32\MSCTF.dll
0x000000006ed70000 - 0x000000006ee42000 	C:\Program Files\Android\Android Studio\jre\jre\bin\msvcr100.dll
0x000000006ee50000 - 0x000000006f68e000 	C:\Program Files\Android\Android Studio\jre\jre\bin\server\jvm.dll
0x00007ffbe4260000 - 0x00007ffbe4269000 	C:\Windows\SYSTEM32\WSOCK32.dll
0x00007ffbd8d20000 - 0x00007ffbd8d42000 	C:\Windows\SYSTEM32\WINMM.dll
0x00007ffbe5bd0000 - 0x00007ffbe5bda000 	C:\Windows\SYSTEM32\VERSION.dll
0x00007ffbedb20000 - 0x00007ffbedb27000 	C:\Windows\system32\PSAPI.DLL
0x00007ffbedf60000 - 0x00007ffbedfba000 	C:\Windows\system32\WS2_32.dll
0x00007ffbd8cf0000 - 0x00007ffbd8d1a000 	C:\Windows\SYSTEM32\WINMMBASE.dll
0x00007ffbebfc0000 - 0x00007ffbebfc9000 	C:\Windows\system32\NSI.dll
0x00007ffbebd90000 - 0x00007ffbebddf000 	C:\Windows\SYSTEM32\cfgmgr32.dll
0x00007ffbea890000 - 0x00007ffbea8b8000 	C:\Windows\SYSTEM32\DEVOBJ.dll
0x00007ffbe5f90000 - 0x00007ffbe5f9f000 	C:\Program Files\Android\Android Studio\jre\jre\bin\verify.dll
0x00007ffbd04f0000 - 0x00007ffbd0519000 	C:\Program Files\Android\Android Studio\jre\jre\bin\java.dll
0x00007ffbe5f70000 - 0x00007ffbe5f86000 	C:\Program Files\Android\Android Studio\jre\jre\bin\zip.dll
0x00007ffbec5f0000 - 0x00007ffbedb18000 	C:\Windows\system32\SHELL32.dll
0x00007ffbee720000 - 0x00007ffbee931000 	C:\Windows\SYSTEM32\combase.dll
0x00007ffbedb30000 - 0x00007ffbedb84000 	C:\Windows\system32\SHLWAPI.dll
0x00007ffbea000000 - 0x00007ffbea0b2000 	C:\Windows\SYSTEM32\SHCORE.dll
0x00007ffbeba60000 - 0x00007ffbeba75000 	C:\Windows\SYSTEM32\profapi.dll
0x00007ffbeb360000 - 0x00007ffbeb380000 	C:\Windows\SYSTEM32\CRYPTSP.dll
0x00007ffbeaf80000 - 0x00007ffbeafb6000 	C:\Windows\system32\rsaenh.dll
0x00007ffbeb5b0000 - 0x00007ffbeb5d6000 	C:\Windows\SYSTEM32\bcrypt.dll
0x00007ffbeb090000 - 0x00007ffbeb0b1000 	C:\Windows\SYSTEM32\USERENV.dll
0x00007ffbeb8c0000 - 0x00007ffbeb923000 	C:\Windows\system32\bcryptprimitives.dll
0x00007ffbeb930000 - 0x00007ffbeb93b000 	C:\Windows\SYSTEM32\CRYPTBASE.dll
0x00007ffbd04d0000 - 0x00007ffbd04ea000 	C:\Program Files\Android\Android Studio\jre\jre\bin\net.dll
0x00007ffbeb300000 - 0x00007ffbeb359000 	C:\Windows\system32\mswsock.dll
0x00007ffbe6f50000 - 0x00007ffbe6f7a000 	C:\Windows\SYSTEM32\IPHLPAPI.DLL
0x00007ffbe6f30000 - 0x00007ffbe6f3a000 	C:\Windows\SYSTEM32\WINNSI.DLL
0x00007ffbe6a10000 - 0x00007ffbe6a26000 	C:\Windows\SYSTEM32\dhcpcsvc6.DLL
0x00007ffbe6b80000 - 0x00007ffbe6b9a000 	C:\Windows\SYSTEM32\dhcpcsvc.DLL
0x00007ffbd04b0000 - 0x00007ffbd04c1000 	C:\Program Files\Android\Android Studio\jre\jre\bin\nio.dll

VM Arguments:
jvm_args: -Djava.awt.headless=true -Xmx64M -Dfile.encoding=windows-1256 -Duser.country=US -Duser.language=en -Duser.variant 
java_command: com.google.devtools.build.android.desugar.Desugar --input C:\Users\Tareq Naji\AndroidStudioProjects\ALTARIQ_Restaurant\app\build\tmp\kotlin-classes\debug --output C:\Users\Tareq Naji\AndroidStudioProjects\ALTARIQ_Restaurant\app\build\intermediates\transforms\desugar\debug\2 --input C:\Users\Tareq Naji\AndroidStudioProjects\ALTARIQ_Restaurant\app\build\intermediates\transforms\stackFramesFixer\debug\9.jar --output C:\Users\Tareq Naji\AndroidStudioProjects\ALTARIQ_Restaurant\app\build\intermediates\transforms\desugar\debug\13.jar --input C:\Users\Tareq Naji\AndroidStudioProjects\ALTARIQ_Restaurant\app\build\intermediates\transforms\stackFramesFixer\debug\16.jar --output C:\Users\Tareq Naji\AndroidStudioProjects\ALTARIQ_Restaurant\app\build\intermediates\transforms\desugar\debug\20.jar --input C:\Users\Tareq Naji\AndroidStudioProjects\ALTARIQ_Restaurant\app\build\intermediates\transforms\stackFramesFixer\debug\29.jar --output C:\Users\Tareq Naji\AndroidStudioProjects\ALTARIQ_Restaurant\app\build\intermediates\transforms\desugar\debug\33.jar --input C:\Users\Tareq Naji\AndroidStudioProjects\ALTARIQ_Restaurant\app\build\intermediates\transforms\stackFramesFixer\debug\37.jar --output C:\Users\Tareq Naji\AndroidStudioProjects\ALTARIQ_Restaurant\app\build\intermediates\transforms\desugar\debug\41.jar --input C:\Users\Tareq Naji\AndroidStudioProjects\ALTARIQ_Restaurant\app\build\intermediates\transforms\stackFramesFixer\debug\8.jar --output C:\Users\Tareq Naji\AndroidStudioProjects\ALTARIQ_Restaurant\app\build\intermediates\transforms\desugar\debug\12.jar --input C:\Users\Tareq Naji\AndroidStudioProjects\ALTARIQ_Restaurant\app\build\intermediates\transforms\stackFramesFixer\debug\30.jar --output C:\Users\Tareq Naji\AndroidStudioProjects\ALTARIQ_Restaurant\app\build\intermediates\transforms\desugar\debug\34.jar --input C:\Users\Tareq Naji\AndroidStudioProjects\ALTARIQ_Restaurant\app\build\intermediates\transforms\stackFramesFixer\debug\25.jar --output C:\Users
java_class_path (initial): C:\Users\Tareq Naji\AppData\Local\Temp\desugar_deploy.jar3748663850244346686
Launcher Type: SUN_STANDARD

Environment Variables:
PATH=C:\ProgramData\Oracle\Java\javapath;C:\Windows\system32;C:\Windows;C:\Windows\System32\Wbem;C:\Windows\System32\WindowsPowerShell\v1.0\;C:\Program Files (x86)\Intel\OpenCL SDK\2.0\bin\x86;C:\Program Files (x86)\Intel\OpenCL SDK\2.0\bin\x64;C:\Program Files\Microsoft SQL Server\120\DTS\Binn\;C:\Program Files\Microsoft SQL Server\Client SDK\ODBC\110\Tools\Binn\;C:\Program Files (x86)\Microsoft SQL Server\120\Tools\Binn\;C:\Program Files\Microsoft SQL Server\120\Tools\Binn\;C:\Program Files (x86)\Microsoft SQL Server\120\Tools\Binn\ManagementStudio\;C:\Program Files (x86)\Microsoft SQL Server\120\DTS\Binn\;C:\Program Files (x86)\Intel\OpenCL SDK\2.0\bin\x86;C:\Program Files (x86)\Intel\OpenCL SDK\2.0\bin\x64;E:\android-ndk-r10e\;C:\Program Files (x86)\GtkSharp\2.12\bin;C:\Program Files\Microsoft SQL Server\130\Tools\Binn\;C:\Program Files (x86)\Skype\Phone\;C:\Program Files\dotnet\;C:\Program Files\Git\cmd;C:\Program Files (x86)\Microsoft SQL Server\Client SDK\ODBC\130\Tools\Binn\;C:\Program Files (x86)\Microsoft SQL Server\140\Tools\Binn\;C:\Program Files (x86)\Microsoft SQL Server\140\DTS\Binn\;C:\Program Files (x86)\Microsoft SQL Server\140\Tools\Binn\ManagementStudio\;C:\Program Files\Microsoft SQL Server\Client SDK\ODBC\130\Tools\Binn\;C:\Program Files\Microsoft SQL Server\140\Tools\Binn\;C:\Program Files\Microsoft SQL Server\140\DTS\Binn\;C:\Users\Tareq Naji\.dnx\bin;E:\android-ndk-r13b
USERNAME=Tareq Naji
OS=Windows_NT
PROCESSOR_IDENTIFIER=Intel64 Family 6 Model 42 Stepping 7, GenuineIntel



---------------  S Y S T E M  ---------------

OS: Windows 8.1 , 64 bit Build 9600 (6.3.9600.17415)

CPU:total 4 (initial active 4) (2 cores per cpu, 2 threads per core) family 6 model 42 stepping 7, cmov, cx8, fxsr, mmx, sse, sse2, sse3, ssse3, sse4.1, sse4.2, popcnt, avx, aes, clmul, ht, tsc, tscinvbit

Memory: 4k page, physical 8321388k(594132k free), swap 9462972k(5316k free)

vm_info: OpenJDK 64-Bit Server VM (25.152-b01) for windows-amd64 JRE (1.8.0_152-release-915-b01), built by "builder" with MS VC++ 10.0 (VS2010)

time: Tue Mar 13 13:38:47 2018
elapsed time: 2 seconds (0d 0h 0m 2s)

