#
# There is insufficient memory for the Java Runtime Environment to continue.
# Native memory allocation (malloc) failed to allocate 261536 bytes for Chunk::new
# Possible reasons:
#   The system is out of physical RAM or swap space
#   In 32 bit mode, the process size limit was hit
# Possible solutions:
#   Reduce memory load on the system
#   Increase physical memory or swap space
#   Check if swap backing store is full
#   Use 64 bit Java on a 64 bit OS
#   Decrease Java heap size (-Xmx/-Xms)
#   Decrease number of Java threads
#   Decrease Java thread stack sizes (-Xss)
#   Set larger code cache with -XX:ReservedCodeCacheSize=
# This output file may be truncated or incomplete.
#
#  Out of Memory Error (allocation.cpp:390), pid=3424, tid=0x00000000000011b4
#
# JRE version: OpenJDK Runtime Environment (8.0_152-b01) (build 1.8.0_152-release-915-b01)
# Java VM: OpenJDK 64-Bit Server VM (25.152-b01 mixed mode windows-amd64 compressed oops)
# Failed to write core dump. Minidumps are not enabled by default on client versions of Windows
#

---------------  T H R E A D  ---------------

Current thread (0x00000000131a3800):  JavaThread "C2 CompilerThread1" daemon [_thread_in_native, id=4532, stack(0x00000000148e0000,0x00000000149e0000)]

Stack: [0x00000000148e0000,0x00000000149e0000]
[error occurred during error reporting (printing stack bounds), id 0xc0000005]

Native frames: (J=compiled Java code, j=interpreted, Vv=VM code, C=native code)


Current CompileTask:
C2:   3412 1020       4       org.objectweb.asm.tree.MethodInsnNode::accept (30 bytes)


---------------  P R O C E S S  ---------------

Java Threads: ( => current thread )
  0x0000000014a51000 JavaThread "Service Thread" daemon [_thread_blocked, id=1536, stack(0x0000000014ee0000,0x0000000014fe0000)]
  0x0000000014a2b800 JavaThread "C1 CompilerThread2" daemon [_thread_blocked, id=8904, stack(0x0000000014de0000,0x0000000014ee0000)]
=>0x00000000131a3800 JavaThread "C2 CompilerThread1" daemon [_thread_in_native, id=4532, stack(0x00000000148e0000,0x00000000149e0000)]
  0x000000001319c800 JavaThread "C2 CompilerThread0" daemon [_thread_in_native, id=5668, stack(0x00000000147e0000,0x00000000148e0000)]
  0x000000001319b000 JavaThread "Attach Listener" daemon [_thread_blocked, id=5164, stack(0x00000000146e0000,0x00000000147e0000)]
  0x00000000131e9800 JavaThread "Signal Dispatcher" daemon [_thread_blocked, id=2280, stack(0x00000000145e0000,0x00000000146e0000)]
  0x000000001317e000 JavaThread "Finalizer" daemon [_thread_blocked, id=10028, stack(0x00000000143e0000,0x00000000144e0000)]
  0x0000000002e27800 JavaThread "Reference Handler" daemon [_thread_blocked, id=8620, stack(0x00000000142e0000,0x00000000143e0000)]
  0x0000000002d36800 JavaThread "main" [_thread_in_Java, id=4132, stack(0x0000000002c30000,0x0000000002d30000)]

Other Threads:
  0x0000000013154800 VMThread [stack: 0x00000000141e0000,0x00000000142e0000] [id=6640]
  0x0000000014a53000 WatcherThread [stack: 0x0000000014fe0000,0x00000000150e0000] [id=9308]

VM state:not at safepoint (normal execution)

VM Mutex/Monitor currently owned by a thread: None

Heap:
 PSYoungGen      total 18944K, used 5608K [0x00000000feb00000, 0x0000000100000000, 0x0000000100000000)
  eden space 16384K, 19% used [0x00000000feb00000,0x00000000fee2a808,0x00000000ffb00000)
  from space 2560K, 92% used [0x00000000ffb00000,0x00000000ffd4f8a8,0x00000000ffd80000)
  to   space 2560K, 0% used [0x00000000ffd80000,0x00000000ffd80000,0x0000000100000000)
 ParOldGen       total 44032K, used 5675K [0x00000000fc000000, 0x00000000feb00000, 0x00000000feb00000)
  object space 44032K, 12% used [0x00000000fc000000,0x00000000fc58acc8,0x00000000feb00000)
 Metaspace       used 7644K, capacity 7848K, committed 7936K, reserved 1056768K
  class space    used 872K, capacity 956K, committed 1024K, reserved 1048576K

Card table byte_map: [0x0000000002ba0000,0x0000000002bd0000] byte_map_base: 0x00000000023c0000

Marking Bits: (ParMarkBitMap*) 0x000000005bdd3950
 Begin Bits: [0x00000000125f0000, 0x00000000126f0000)
 End Bits:   [0x00000000126f0000, 0x00000000127f0000)

Polling page: 0x0000000002b40000

CodeCache: size=245760Kb used=3879Kb max_used=3879Kb free=241880Kb
 bounds [0x0000000002e30000, 0x0000000003200000, 0x0000000011e30000]
 total_blobs=1357 nmethods=1025 adapters=246
 compilation: enabled

Compilation events (10 events):
Event: 3.396 Thread 0x0000000014a2b800 1030       3       java.util.HashMap$EntryIterator::<init> (11 bytes)
Event: 3.396 Thread 0x0000000014a2b800 nmethod 1030 0x00000000031fd050 code [0x00000000031fd1c0, 0x00000000031fd368]
Event: 3.401 Thread 0x0000000014a2b800 1031       3       com.google.devtools.build.android.desugar.ZipInputFileProvider::getInputStream (16 bytes)
Event: 3.402 Thread 0x0000000014a2b800 nmethod 1031 0x00000000031fcb10 code [0x00000000031fcc80, 0x00000000031fcf58]
Event: 3.402 Thread 0x0000000014a2b800 1032       3       com.google.devtools.build.android.desugar.CoreLibraryRewriter::reader (29 bytes)
Event: 3.403 Thread 0x0000000014a2b800 nmethod 1032 0x00000000031f0e50 code [0x00000000031f1000, 0x00000000031f1508]
Event: 3.403 Thread 0x0000000014a2b800 1033       3       java.util.zip.ZipFile$ZipFileInputStream::available (22 bytes)
Event: 3.403 Thread 0x0000000014a2b800 nmethod 1033 0x00000000031f0ad0 code [0x00000000031f0c20, 0x00000000031f0dd0]
Event: 3.404 Thread 0x0000000014a2b800 1034       3       java.util.zip.ZipFile$ZipFileInputStream::read (25 bytes)
Event: 3.404 Thread 0x0000000014a2b800 nmethod 1034 0x00000000031f0610 code [0x00000000031f0780, 0x00000000031f0a08]

GC Heap History (6 events):
Event: 1.373 GC heap before
{Heap before GC invocations=1 (full 0):
 PSYoungGen      total 18944K, used 16384K [0x00000000feb00000, 0x0000000100000000, 0x0000000100000000)
  eden space 16384K, 100% used [0x00000000feb00000,0x00000000ffb00000,0x00000000ffb00000)
  from space 2560K, 0% used [0x00000000ffd80000,0x00000000ffd80000,0x0000000100000000)
  to   space 2560K, 0% used [0x00000000ffb00000,0x00000000ffb00000,0x00000000ffd80000)
 ParOldGen       total 44032K, used 0K [0x00000000fc000000, 0x00000000feb00000, 0x00000000feb00000)
  object space 44032K, 0% used [0x00000000fc000000,0x00000000fc000000,0x00000000feb00000)
 Metaspace       used 6572K, capacity 6746K, committed 7040K, reserved 1056768K
  class space    used 773K, capacity 823K, committed 896K, reserved 1048576K
Event: 1.400 GC heap after
Heap after GC invocations=1 (full 0):
 PSYoungGen      total 18944K, used 2544K [0x00000000feb00000, 0x0000000100000000, 0x0000000100000000)
  eden space 16384K, 0% used [0x00000000feb00000,0x00000000feb00000,0x00000000ffb00000)
  from space 2560K, 99% used [0x00000000ffb00000,0x00000000ffd7c020,0x00000000ffd80000)
  to   space 2560K, 0% used [0x00000000ffd80000,0x00000000ffd80000,0x0000000100000000)
 ParOldGen       total 44032K, used 1631K [0x00000000fc000000, 0x00000000feb00000, 0x00000000feb00000)
  object space 44032K, 3% used [0x00000000fc000000,0x00000000fc197f68,0x00000000feb00000)
 Metaspace       used 6572K, capacity 6746K, committed 7040K, reserved 1056768K
  class space    used 773K, capacity 823K, committed 896K, reserved 1048576K
}
Event: 2.337 GC heap before
{Heap before GC invocations=2 (full 0):
 PSYoungGen      total 18944K, used 18928K [0x00000000feb00000, 0x0000000100000000, 0x0000000100000000)
  eden space 16384K, 100% used [0x00000000feb00000,0x00000000ffb00000,0x00000000ffb00000)
  from space 2560K, 99% used [0x00000000ffb00000,0x00000000ffd7c020,0x00000000ffd80000)
  to   space 2560K, 0% used [0x00000000ffd80000,0x00000000ffd80000,0x0000000100000000)
 ParOldGen       total 44032K, used 1631K [0x00000000fc000000, 0x00000000feb00000, 0x00000000feb00000)
  object space 44032K, 3% used [0x00000000fc000000,0x00000000fc197f68,0x00000000feb00000)
 Metaspace       used 7573K, capacity 7720K, committed 7936K, reserved 1056768K
  class space    used 871K, capacity 956K, committed 1024K, reserved 1048576K
Event: 2.362 GC heap after
Heap after GC invocations=2 (full 0):
 PSYoungGen      total 18944K, used 2538K [0x00000000feb00000, 0x0000000100000000, 0x0000000100000000)
  eden space 16384K, 0% used [0x00000000feb00000,0x00000000feb00000,0x00000000ffb00000)
  from space 2560K, 99% used [0x00000000ffd80000,0x00000000ffffa890,0x0000000100000000)
  to   space 2560K, 0% used [0x00000000ffb00000,0x00000000ffb00000,0x00000000ffd80000)
 ParOldGen       total 44032K, used 5675K [0x00000000fc000000, 0x00000000feb00000, 0x00000000feb00000)
  object space 44032K, 12% used [0x00000000fc000000,0x00000000fc58acc8,0x00000000feb00000)
 Metaspace       used 7573K, capacity 7720K, committed 7936K, reserved 1056768K
  class space    used 871K, capacity 956K, committed 1024K, reserved 1048576K
}
Event: 3.301 GC heap before
{Heap before GC invocations=3 (full 0):
 PSYoungGen      total 18944K, used 18922K [0x00000000feb00000, 0x0000000100000000, 0x0000000100000000)
  eden space 16384K, 100% used [0x00000000feb00000,0x00000000ffb00000,0x00000000ffb00000)
  from space 2560K, 99% used [0x00000000ffd80000,0x00000000ffffa890,0x0000000100000000)
  to   space 2560K, 0% used [0x00000000ffb00000,0x00000000ffb00000,0x00000000ffd80000)
 ParOldGen       total 44032K, used 5675K [0x00000000fc000000, 0x00000000feb00000, 0x00000000feb00000)
  object space 44032K, 12% used [0x00000000fc000000,0x00000000fc58acc8,0x00000000feb00000)
 Metaspace       used 7637K, capacity 7848K, committed 7936K, reserved 1056768K
  class space    used 872K, capacity 956K, committed 1024K, reserved 1048576K
Event: 3.341 GC heap after
Heap after GC invocations=3 (full 0):
 PSYoungGen      total 18944K, used 2366K [0x00000000feb00000, 0x0000000100000000, 0x0000000100000000)
  eden space 16384K, 0% used [0x00000000feb00000,0x00000000feb00000,0x00000000ffb00000)
  from space 2560K, 92% used [0x00000000ffb00000,0x00000000ffd4f8a8,0x00000000ffd80000)
  to   space 2560K, 0% used [0x00000000ffd80000,0x00000000ffd80000,0x0000000100000000)
 ParOldGen       total 44032K, used 5675K [0x00000000fc000000, 0x00000000feb00000, 0x00000000feb00000)
  object space 44032K, 12% used [0x00000000fc000000,0x00000000fc58acc8,0x00000000feb00000)
 Metaspace       used 7637K, capacity 7848K, committed 7936K, reserved 1056768K
  class space    used 872K, capacity 956K, committed 1024K, reserved 1048576K
}

Deoptimization events (10 events):
Event: 1.547 Thread 0x0000000002d36800 Uncommon trap: reason=unstable_if action=reinterpret pc=0x00000000030468dc method=java.util.zip.ZipCoder.decoder()Ljava/nio/charset/CharsetDecoder; @ 4
Event: 1.549 Thread 0x0000000002d36800 Uncommon trap: reason=unstable_if action=reinterpret pc=0x000000000304302c method=java.util.zip.ZipCoder.decoder()Ljava/nio/charset/CharsetDecoder; @ 4
Event: 1.563 Thread 0x0000000002d36800 Uncommon trap: reason=unstable_if action=reinterpret pc=0x000000000306be88 method=java.util.HashMap$HashIterator.nextNode()Ljava/util/HashMap$Node; @ 74
Event: 1.625 Thread 0x0000000002d36800 Uncommon trap: reason=unloaded action=reinterpret pc=0x000000000305477c method=java.util.zip.ZipEntry.setExtra0([BZ)V @ 37
Event: 1.641 Thread 0x0000000002d36800 Uncommon trap: reason=unstable_if action=reinterpret pc=0x000000000306a1c8 method=java.util.HashMap$HashIterator.nextNode()Ljava/util/HashMap$Node; @ 74
Event: 2.293 Thread 0x0000000002d36800 Uncommon trap: reason=unstable_if action=reinterpret pc=0x00000000030f517c method=java.lang.String.<init>([CII)V @ 18
Event: 2.561 Thread 0x0000000002d36800 Uncommon trap: reason=class_check action=maybe_recompile pc=0x000000000316375c method=org.objectweb.asm.MethodVisitor.visitVarInsn(II)V @ 13
Event: 2.561 Thread 0x0000000002d36800 Uncommon trap: reason=class_check action=maybe_recompile pc=0x000000000316375c method=org.objectweb.asm.MethodVisitor.visitVarInsn(II)V @ 13
Event: 2.561 Thread 0x0000000002d36800 Uncommon trap: reason=class_check action=maybe_recompile pc=0x000000000316375c method=org.objectweb.asm.MethodVisitor.visitVarInsn(II)V @ 13
Event: 2.561 Thread 0x0000000002d36800 Uncommon trap: reason=class_check action=maybe_recompile pc=0x000000000316375c method=org.objectweb.asm.MethodVisitor.visitVarInsn(II)V @ 13

Classes redefined (0 events):
No events

Internal exceptions (10 events):
Event: 1.639 Thread 0x0000000002d36800 Exception <a 'sun/nio/fs/WindowsException'> (0x00000000ff18f850) thrown at [D:\src\AOSP-openjdk-cygwin\jdk8u\hotspot\src\share\vm\prims\jni.cpp, line 709]
Event: 1.640 Thread 0x0000000002d36800 Exception <a 'sun/nio/fs/WindowsException'> (0x00000000ff18fe48) thrown at [D:\src\AOSP-openjdk-cygwin\jdk8u\hotspot\src\share\vm\prims\jni.cpp, line 709]
Event: 1.640 Thread 0x0000000002d36800 Exception <a 'sun/nio/fs/WindowsException'> (0x00000000ff190618) thrown at [D:\src\AOSP-openjdk-cygwin\jdk8u\hotspot\src\share\vm\prims\jni.cpp, line 709]
Event: 1.640 Thread 0x0000000002d36800 Exception <a 'sun/nio/fs/WindowsException'> (0x00000000ff190be8) thrown at [D:\src\AOSP-openjdk-cygwin\jdk8u\hotspot\src\share\vm\prims\jni.cpp, line 709]
Event: 1.640 Thread 0x0000000002d36800 Exception <a 'sun/nio/fs/WindowsException'> (0x00000000ff1913a8) thrown at [D:\src\AOSP-openjdk-cygwin\jdk8u\hotspot\src\share\vm\prims\jni.cpp, line 709]
Event: 1.645 Thread 0x0000000002d36800 Exception <a 'sun/nio/fs/WindowsException'> (0x00000000ff196810) thrown at [D:\src\AOSP-openjdk-cygwin\jdk8u\hotspot\src\share\vm\prims\jni.cpp, line 709]
Event: 1.891 Thread 0x0000000002d36800 Exception <a 'sun/nio/fs/WindowsException'> (0x00000000ff62e0f0) thrown at [D:\src\AOSP-openjdk-cygwin\jdk8u\hotspot\src\share\vm\prims\jni.cpp, line 709]
Event: 1.892 Thread 0x0000000002d36800 Exception <a 'sun/nio/fs/WindowsException'> (0x00000000ff62e6b0) thrown at [D:\src\AOSP-openjdk-cygwin\jdk8u\hotspot\src\share\vm\prims\jni.cpp, line 709]
Event: 2.731 Thread 0x0000000002d36800 Exception <a 'sun/nio/fs/WindowsException'> (0x00000000fefae0a0) thrown at [D:\src\AOSP-openjdk-cygwin\jdk8u\hotspot\src\share\vm\prims\jni.cpp, line 709]
Event: 2.732 Thread 0x0000000002d36800 Exception <a 'sun/nio/fs/WindowsException'> (0x00000000fefae5e0) thrown at [D:\src\AOSP-openjdk-cygwin\jdk8u\hotspot\src\share\vm\prims\jni.cpp, line 709]

Events (10 events):
Event: 2.561 Thread 0x0000000002d36800 DEOPT PACKING pc=0x000000000316375c sp=0x0000000002d2ecc0
Event: 2.561 Thread 0x0000000002d36800 DEOPT UNPACKING pc=0x0000000002e7556a sp=0x0000000002d2ec70 mode 2
Event: 2.571 loading class java/util/Vector$Itr
Event: 2.571 loading class java/util/Vector$Itr done
Event: 3.295 Thread 0x0000000002d36800 DEOPT PACKING pc=0x000000000316d586 sp=0x0000000002d2eda0
Event: 3.295 Thread 0x0000000002d36800 DEOPT UNPACKING pc=0x0000000002e775bf sp=0x0000000002d2eb80 mode 0
Event: 3.301 Executing VM operation: ParallelGCFailedAllocation
Event: 3.341 Executing VM operation: ParallelGCFailedAllocation done
Event: 3.360 Thread 0x0000000002d36800 DEOPT PACKING pc=0x000000000313c1f0 sp=0x0000000002d2ed50
Event: 3.360 Thread 0x0000000002d36800 DEOPT UNPACKING pc=0x0000000002e775bf sp=0x0000000002d2ea78 mode 0


Dynamic libraries:
0x00007ff687940000 - 0x00007ff687971000 	C:\Program Files\Android\Android Studio\jre\bin\java.exe
0x00007ffbe79c0000 - 0x00007ffbe7b6d000 	C:\Windows\SYSTEM32\ntdll.dll
0x00007ffbe5730000 - 0x00007ffbe586e000 	C:\Windows\system32\KERNEL32.DLL
0x00007ffbe4e90000 - 0x00007ffbe4fa5000 	C:\Windows\system32\KERNELBASE.dll
0x00007ffbe5c30000 - 0x00007ffbe5cda000 	C:\Windows\system32\ADVAPI32.dll
0x00007ffbe5870000 - 0x00007ffbe59e7000 	C:\Windows\system32\USER32.dll
0x00007ffbe2230000 - 0x00007ffbe24ab000 	C:\Windows\WinSxS\amd64_microsoft.windows.common-controls_6595b64144ccf1df_6.0.9600.18006_none_623f33d3ecbe86e8\COMCTL32.dll
0x00007ffbe6140000 - 0x00007ffbe61ea000 	C:\Windows\system32\msvcrt.dll
0x00007ffbe5bd0000 - 0x00007ffbe5c29000 	C:\Windows\SYSTEM32\sechost.dll
0x00007ffbe55f0000 - 0x00007ffbe5730000 	C:\Windows\system32\RPCRT4.dll
0x00007ffbe51f0000 - 0x00007ffbe533f000 	C:\Windows\system32\GDI32.dll
0x00007ffbe5010000 - 0x00007ffbe503e000 	C:\Windows\system32\SspiCli.dll
0x00007ffbe5550000 - 0x00007ffbe5586000 	C:\Windows\system32\IMM32.DLL
0x00007ffbe59f0000 - 0x00007ffbe5b42000 	C:\Windows\system32\MSCTF.dll
0x000000005b480000 - 0x000000005b552000 	C:\Program Files\Android\Android Studio\jre\jre\bin\msvcr100.dll
0x000000005b610000 - 0x000000005be4e000 	C:\Program Files\Android\Android Studio\jre\jre\bin\server\jvm.dll
0x00007ffbdd240000 - 0x00007ffbdd249000 	C:\Windows\SYSTEM32\WSOCK32.dll
0x00007ffbd1e30000 - 0x00007ffbd1e52000 	C:\Windows\SYSTEM32\WINMM.dll
0x00007ffbdd7a0000 - 0x00007ffbdd7aa000 	C:\Windows\SYSTEM32\VERSION.dll
0x00007ffbe51e0000 - 0x00007ffbe51e7000 	C:\Windows\system32\PSAPI.DLL
0x00007ffbe61f0000 - 0x00007ffbe624a000 	C:\Windows\system32\WS2_32.dll
0x00007ffbd1e00000 - 0x00007ffbd1e2a000 	C:\Windows\SYSTEM32\WINMMBASE.dll
0x00007ffbe5400000 - 0x00007ffbe5409000 	C:\Windows\system32\NSI.dll
0x00007ffbe4e40000 - 0x00007ffbe4e8f000 	C:\Windows\SYSTEM32\cfgmgr32.dll
0x00007ffbe3930000 - 0x00007ffbe3958000 	C:\Windows\SYSTEM32\DEVOBJ.dll
0x00007ffbe11c0000 - 0x00007ffbe11cf000 	C:\Program Files\Android\Android Studio\jre\jre\bin\verify.dll
0x00007ffbe0d50000 - 0x00007ffbe0d79000 	C:\Program Files\Android\Android Studio\jre\jre\bin\java.dll
0x00007ffbe11a0000 - 0x00007ffbe11b6000 	C:\Program Files\Android\Android Studio\jre\jre\bin\zip.dll
0x00007ffbe6250000 - 0x00007ffbe7778000 	C:\Windows\system32\SHELL32.dll
0x00007ffbe7790000 - 0x00007ffbe79a1000 	C:\Windows\SYSTEM32\combase.dll
0x00007ffbe5590000 - 0x00007ffbe55e4000 	C:\Windows\system32\SHLWAPI.dll
0x00007ffbe2e60000 - 0x00007ffbe2f12000 	C:\Windows\SYSTEM32\SHCORE.dll
0x00007ffbe4ae0000 - 0x00007ffbe4af5000 	C:\Windows\SYSTEM32\profapi.dll
0x00007ffbe43e0000 - 0x00007ffbe4400000 	C:\Windows\SYSTEM32\CRYPTSP.dll
0x00007ffbe4000000 - 0x00007ffbe4036000 	C:\Windows\system32\rsaenh.dll
0x00007ffbe4630000 - 0x00007ffbe4656000 	C:\Windows\SYSTEM32\bcrypt.dll
0x00007ffbe4110000 - 0x00007ffbe4131000 	C:\Windows\SYSTEM32\USERENV.dll
0x00007ffbe4940000 - 0x00007ffbe49a3000 	C:\Windows\system32\bcryptprimitives.dll
0x00007ffbe49b0000 - 0x00007ffbe49bb000 	C:\Windows\SYSTEM32\CRYPTBASE.dll
0x00007ffbe0d30000 - 0x00007ffbe0d4a000 	C:\Program Files\Android\Android Studio\jre\jre\bin\net.dll
0x00007ffbe4380000 - 0x00007ffbe43d9000 	C:\Windows\system32\mswsock.dll
0x00007ffbdffd0000 - 0x00007ffbdfffa000 	C:\Windows\SYSTEM32\IPHLPAPI.DLL
0x00007ffbdffb0000 - 0x00007ffbdffba000 	C:\Windows\SYSTEM32\WINNSI.DLL
0x00007ffbdfa70000 - 0x00007ffbdfa86000 	C:\Windows\SYSTEM32\dhcpcsvc6.DLL
0x00007ffbdfc70000 - 0x00007ffbdfc8a000 	C:\Windows\SYSTEM32\dhcpcsvc.DLL
0x00007ffbe0d10000 - 0x00007ffbe0d21000 	C:\Program Files\Android\Android Studio\jre\jre\bin\nio.dll

VM Arguments:
jvm_args: -Djava.awt.headless=true -Xmx64M -Dfile.encoding=windows-1256 -Duser.country=US -Duser.language=en -Duser.variant 
java_command: com.google.devtools.build.android.desugar.Desugar --input C:\Users\Tareq Naji\AndroidStudioProjects\ALTARIQ_Restaurant\app\build\intermediates\transforms\stackFramesFixer\debug\0.jar --output C:\Users\Tareq Naji\AndroidStudioProjects\ALTARIQ_Restaurant\app\build\intermediates\transforms\desugar\debug\4.jar --input C:\Users\Tareq Naji\AndroidStudioProjects\ALTARIQ_Restaurant\app\build\intermediates\transforms\stackFramesFixer\debug\14.jar --output C:\Users\Tareq Naji\AndroidStudioProjects\ALTARIQ_Restaurant\app\build\intermediates\transforms\desugar\debug\18.jar --input C:\Users\Tareq Naji\AndroidStudioProjects\ALTARIQ_Restaurant\app\build\intermediates\transforms\stackFramesFixer\debug\17.jar --output C:\Users\Tareq Naji\AndroidStudioProjects\ALTARIQ_Restaurant\app\build\intermediates\transforms\desugar\debug\21.jar --input C:\Users\Tareq Naji\AndroidStudioProjects\ALTARIQ_Restaurant\app\build\intermediates\transforms\stackFramesFixer\debug\16.jar --output C:\Users\Tareq Naji\AndroidStudioProjects\ALTARIQ_Restaurant\app\build\intermediates\transforms\desugar\debug\20.jar --input C:\Users\Tareq Naji\AndroidStudioProjects\ALTARIQ_Restaurant\app\build\intermediates\transforms\stackFramesFixer\debug\40.jar --output C:\Users\Tareq Naji\AndroidStudioProjects\ALTARIQ_Restaurant\app\build\intermediates\transforms\desugar\debug\44.jar --input C:\Users\Tareq Naji\AndroidStudioProjects\ALTARIQ_Restaurant\app\build\intermediates\transforms\stackFramesFixer\debug\31.jar --output C:\Users\Tareq Naji\AndroidStudioProjects\ALTARIQ_Restaurant\app\build\intermediates\transforms\desugar\debug\35.jar --input C:\Users\Tareq Naji\AndroidStudioProjects\ALTARIQ_Restaurant\app\build\intermediates\transforms\stackFramesFixer\debug\12.jar --output C:\Users\Tareq Naji\AndroidStudioProjects\ALTARIQ_Restaurant\app\build\intermediates\transforms\desugar\debug\16.jar --input C:\Users\Tareq Naji\AndroidStudioProjects\ALTARIQ_Restaurant\app\build\intermediates\classes\debug --output 
java_class_path (initial): C:\Users\Tareq Naji\AppData\Local\Temp\desugar_deploy.jar8038275393226035552
Launcher Type: SUN_STANDARD

Environment Variables:
PATH=C:\ProgramData\Oracle\Java\javapath;C:\Windows\system32;C:\Windows;C:\Windows\System32\Wbem;C:\Windows\System32\WindowsPowerShell\v1.0\;C:\Program Files (x86)\Intel\OpenCL SDK\2.0\bin\x86;C:\Program Files (x86)\Intel\OpenCL SDK\2.0\bin\x64;C:\Program Files\Microsoft SQL Server\120\DTS\Binn\;C:\Program Files\Microsoft SQL Server\Client SDK\ODBC\110\Tools\Binn\;C:\Program Files (x86)\Microsoft SQL Server\120\Tools\Binn\;C:\Program Files\Microsoft SQL Server\120\Tools\Binn\;C:\Program Files (x86)\Microsoft SQL Server\120\Tools\Binn\ManagementStudio\;C:\Program Files (x86)\Microsoft SQL Server\120\DTS\Binn\;C:\Program Files (x86)\Intel\OpenCL SDK\2.0\bin\x86;C:\Program Files (x86)\Intel\OpenCL SDK\2.0\bin\x64;E:\android-ndk-r10e\;C:\Program Files (x86)\GtkSharp\2.12\bin;C:\Program Files\Microsoft SQL Server\130\Tools\Binn\;C:\Program Files (x86)\Skype\Phone\;C:\Program Files\dotnet\;C:\Program Files\Git\cmd;C:\Program Files (x86)\Microsoft SQL Server\Client SDK\ODBC\130\Tools\Binn\;C:\Program Files (x86)\Microsoft SQL Server\140\Tools\Binn\;C:\Program Files (x86)\Microsoft SQL Server\140\DTS\Binn\;C:\Program Files (x86)\Microsoft SQL Server\140\Tools\Binn\ManagementStudio\;C:\Program Files\Microsoft SQL Server\Client SDK\ODBC\130\Tools\Binn\;C:\Program Files\Microsoft SQL Server\140\Tools\Binn\;C:\Program Files\Microsoft SQL Server\140\DTS\Binn\;C:\Users\Tareq Naji\.dnx\bin;E:\android-ndk-r13b
USERNAME=Tareq Naji
OS=Windows_NT
PROCESSOR_IDENTIFIER=Intel64 Family 6 Model 42 Stepping 7, GenuineIntel



---------------  S Y S T E M  ---------------

OS: Windows 8.1 , 64 bit Build 9600 (6.3.9600.17415)

CPU:total 4 (initial active 4) (2 cores per cpu, 2 threads per core) family 6 model 42 stepping 7, cmov, cx8, fxsr, mmx, sse, sse2, sse3, ssse3, sse4.1, sse4.2, popcnt, avx, aes, clmul, ht, tsc, tscinvbit

Memory: 4k page, physical 8321388k(302312k free), swap 9263608k(4152k free)

vm_info: OpenJDK 64-Bit Server VM (25.152-b01) for windows-amd64 JRE (1.8.0_152-release-915-b01), built by "builder" with MS VC++ 10.0 (VS2010)

time: Mon Mar 19 13:58:45 2018
elapsed time: 3 seconds (0d 0h 0m 3s)

