#
# There is insufficient memory for the Java Runtime Environment to continue.
# Native memory allocation (malloc) failed to allocate 32744 bytes for ChunkPool::allocate
# Possible reasons:
#   The system is out of physical RAM or swap space
#   In 32 bit mode, the process size limit was hit
# Possible solutions:
#   Reduce memory load on the system
#   Increase physical memory or swap space
#   Check if swap backing store is full
#   Use 64 bit Java on a 64 bit OS
#   Decrease Java heap size (-Xmx/-Xms)
#   Decrease number of Java threads
#   Decrease Java thread stack sizes (-Xss)
#   Set larger code cache with -XX:ReservedCodeCacheSize=
# This output file may be truncated or incomplete.
#
#  Out of Memory Error (allocation.cpp:273), pid=1796, tid=0x0000000000001424
#
# JRE version: OpenJDK Runtime Environment (8.0_152-b01) (build 1.8.0_152-release-915-b01)
# Java VM: OpenJDK 64-Bit Server VM (25.152-b01 mixed mode windows-amd64 compressed oops)
# Failed to write core dump. Minidumps are not enabled by default on client versions of Windows
#

---------------  T H R E A D  ---------------

Current thread (0x0000000012bf9000):  JavaThread "C2 CompilerThread1" daemon [_thread_in_native, id=5156, stack(0x0000000014720000,0x0000000014820000)]

Stack: [0x0000000014720000,0x0000000014820000]
[error occurred during error reporting (printing stack bounds), id 0xc0000005]

Native frames: (J=compiled Java code, j=interpreted, Vv=VM code, C=native code)


Current CompileTask:
C2:   5292  943       4       org.objectweb.asm.MethodVisitor::visitVarInsn (17 bytes)


---------------  P R O C E S S  ---------------

Java Threads: ( => current thread )
  0x0000000014375800 JavaThread "Service Thread" daemon [_thread_blocked, id=1092, stack(0x0000000014920000,0x0000000014a20000)]
  0x0000000014371000 JavaThread "C1 CompilerThread2" daemon [_thread_blocked, id=3048, stack(0x0000000014820000,0x0000000014920000)]
=>0x0000000012bf9000 JavaThread "C2 CompilerThread1" daemon [_thread_in_native, id=5156, stack(0x0000000014720000,0x0000000014820000)]
  0x0000000012bac000 JavaThread "C2 CompilerThread0" daemon [_thread_in_native, id=5692, stack(0x0000000014220000,0x0000000014320000)]
  0x0000000012bab000 JavaThread "Attach Listener" daemon [_thread_blocked, id=8928, stack(0x0000000014120000,0x0000000014220000)]
  0x0000000012bf7800 JavaThread "Signal Dispatcher" daemon [_thread_blocked, id=1688, stack(0x0000000014020000,0x0000000014120000)]
  0x0000000012b8e000 JavaThread "Finalizer" daemon [_thread_blocked, id=8892, stack(0x0000000013e10000,0x0000000013f10000)]
  0x00000000027e7800 JavaThread "Reference Handler" daemon [_thread_blocked, id=9540, stack(0x0000000013d10000,0x0000000013e10000)]
  0x00000000026f6800 JavaThread "main" [_thread_in_vm, id=9728, stack(0x00000000025d0000,0x00000000026d0000)]

Other Threads:
  0x0000000012b64800 VMThread [stack: 0x0000000013c10000,0x0000000013d10000] [id=8948]
  0x0000000014377800 WatcherThread [stack: 0x0000000014a20000,0x0000000014b20000] [id=4736]

VM state:not at safepoint (normal execution)

VM Mutex/Monitor currently owned by a thread: None

Heap:
 PSYoungGen      total 18944K, used 6233K [0x00000000feb00000, 0x0000000100000000, 0x0000000100000000)
  eden space 16384K, 22% used [0x00000000feb00000,0x00000000fee9a9e8,0x00000000ffb00000)
  from space 2560K, 99% used [0x00000000ffd80000,0x00000000ffffbbc0,0x0000000100000000)
  to   space 2560K, 0% used [0x00000000ffb00000,0x00000000ffb00000,0x00000000ffd80000)
 ParOldGen       total 44032K, used 5362K [0x00000000fc000000, 0x00000000feb00000, 0x00000000feb00000)
  object space 44032K, 12% used [0x00000000fc000000,0x00000000fc53c8f8,0x00000000feb00000)
 Metaspace       used 7636K, capacity 7848K, committed 7936K, reserved 1056768K
  class space    used 874K, capacity 956K, committed 1024K, reserved 1048576K

Card table byte_map: [0x0000000011bb0000,0x0000000011be0000] byte_map_base: 0x00000000113d0000

Marking Bits: (ParMarkBitMap*) 0x000000005bdd3950
 Begin Bits: [0x0000000011fe0000, 0x00000000120e0000)
 End Bits:   [0x00000000120e0000, 0x00000000121e0000)

Polling page: 0x0000000000d00000

CodeCache: size=245760Kb used=3647Kb max_used=3647Kb free=242112Kb
 bounds [0x00000000027f0000, 0x0000000002b90000, 0x00000000117f0000]
 total_blobs=1274 nmethods=942 adapters=246
 compilation: enabled

Compilation events (10 events):
Event: 5.267 Thread 0x0000000014371000 nmethod 938 0x0000000002b763d0 code [0x0000000002b76520, 0x0000000002b76670]
Event: 5.267 Thread 0x0000000014371000  939       3       org.objectweb.asm.FieldWriter::<init> (97 bytes)
Event: 5.268 Thread 0x0000000014371000 nmethod 939 0x0000000002b6f890 code [0x0000000002b6fa40, 0x0000000002b6fee8]
Event: 5.270 Thread 0x0000000014371000  940       3       org.objectweb.asm.FieldWriter::a (262 bytes)
Event: 5.272 Thread 0x0000000014371000 nmethod 940 0x0000000002b7dbd0 code [0x0000000002b7de60, 0x0000000002b7ed68]
Event: 5.273 Thread 0x0000000014371000  941       3       org.objectweb.asm.FieldWriter::a (475 bytes)
Event: 5.276 Thread 0x0000000014371000 nmethod 941 0x0000000002b7f510 code [0x0000000002b7f8c0, 0x0000000002b80cf8]
Event: 5.279 Thread 0x0000000014371000  942       3       org.objectweb.asm.ClassReader::<init> (257 bytes)
Event: 5.280 Thread 0x0000000014371000 nmethod 942 0x0000000002b81650 code [0x0000000002b81820, 0x0000000002b821c8]
Event: 5.281 Thread 0x0000000012bf9000  943       4       org.objectweb.asm.MethodVisitor::visitVarInsn (17 bytes)

GC Heap History (4 events):
Event: 2.738 GC heap before
{Heap before GC invocations=1 (full 0):
 PSYoungGen      total 18944K, used 16384K [0x00000000feb00000, 0x0000000100000000, 0x0000000100000000)
  eden space 16384K, 100% used [0x00000000feb00000,0x00000000ffb00000,0x00000000ffb00000)
  from space 2560K, 0% used [0x00000000ffd80000,0x00000000ffd80000,0x0000000100000000)
  to   space 2560K, 0% used [0x00000000ffb00000,0x00000000ffb00000,0x00000000ffd80000)
 ParOldGen       total 44032K, used 0K [0x00000000fc000000, 0x00000000feb00000, 0x00000000feb00000)
  object space 44032K, 0% used [0x00000000fc000000,0x00000000fc000000,0x00000000feb00000)
 Metaspace       used 6579K, capacity 6746K, committed 7040K, reserved 1056768K
  class space    used 773K, capacity 823K, committed 896K, reserved 1048576K
Event: 2.806 GC heap after
Heap after GC invocations=1 (full 0):
 PSYoungGen      total 18944K, used 2544K [0x00000000feb00000, 0x0000000100000000, 0x0000000100000000)
  eden space 16384K, 0% used [0x00000000feb00000,0x00000000feb00000,0x00000000ffb00000)
  from space 2560K, 99% used [0x00000000ffb00000,0x00000000ffd7c020,0x00000000ffd80000)
  to   space 2560K, 0% used [0x00000000ffd80000,0x00000000ffd80000,0x0000000100000000)
 ParOldGen       total 44032K, used 1650K [0x00000000fc000000, 0x00000000feb00000, 0x00000000feb00000)
  object space 44032K, 3% used [0x00000000fc000000,0x00000000fc19cbb8,0x00000000feb00000)
 Metaspace       used 6579K, capacity 6746K, committed 7040K, reserved 1056768K
  class space    used 773K, capacity 823K, committed 896K, reserved 1048576K
}
Event: 4.291 GC heap before
{Heap before GC invocations=2 (full 0):
 PSYoungGen      total 18944K, used 18928K [0x00000000feb00000, 0x0000000100000000, 0x0000000100000000)
  eden space 16384K, 100% used [0x00000000feb00000,0x00000000ffb00000,0x00000000ffb00000)
  from space 2560K, 99% used [0x00000000ffb00000,0x00000000ffd7c020,0x00000000ffd80000)
  to   space 2560K, 0% used [0x00000000ffd80000,0x00000000ffd80000,0x0000000100000000)
 ParOldGen       total 44032K, used 1650K [0x00000000fc000000, 0x00000000feb00000, 0x00000000feb00000)
  object space 44032K, 3% used [0x00000000fc000000,0x00000000fc19cbb8,0x00000000feb00000)
 Metaspace       used 7577K, capacity 7720K, committed 7936K, reserved 1056768K
  class space    used 872K, capacity 956K, committed 1024K, reserved 1048576K
Event: 4.706 GC heap after
Heap after GC invocations=2 (full 0):
 PSYoungGen      total 18944K, used 2542K [0x00000000feb00000, 0x0000000100000000, 0x0000000100000000)
  eden space 16384K, 0% used [0x00000000feb00000,0x00000000feb00000,0x00000000ffb00000)
  from space 2560K, 99% used [0x00000000ffd80000,0x00000000ffffbbc0,0x0000000100000000)
  to   space 2560K, 0% used [0x00000000ffb00000,0x00000000ffb00000,0x00000000ffd80000)
 ParOldGen       total 44032K, used 5362K [0x00000000fc000000, 0x00000000feb00000, 0x00000000feb00000)
  object space 44032K, 12% used [0x00000000fc000000,0x00000000fc53c8f8,0x00000000feb00000)
 Metaspace       used 7577K, capacity 7720K, committed 7936K, reserved 1056768K
  class space    used 872K, capacity 956K, committed 1024K, reserved 1048576K
}

Deoptimization events (10 events):
Event: 2.584 Thread 0x00000000026f6800 Uncommon trap: reason=unstable_if action=reinterpret pc=0x0000000002a0cb5c method=java.util.zip.ZipFile$ZipEntryIterator.hasNext()Z @ 25
Event: 2.584 Thread 0x00000000026f6800 Uncommon trap: reason=unstable_if action=reinterpret pc=0x0000000002a06fdc method=java.util.zip.ZipCoder.decoder()Ljava/nio/charset/CharsetDecoder; @ 4
Event: 2.887 Thread 0x00000000026f6800 Uncommon trap: reason=unstable_if action=reinterpret pc=0x0000000002a19808 method=java.util.HashMap$HashIterator.nextNode()Ljava/util/HashMap$Node; @ 74
Event: 3.030 Thread 0x00000000026f6800 Uncommon trap: reason=unloaded action=reinterpret pc=0x0000000002a125fc method=java.util.zip.ZipEntry.setExtra0([BZ)V @ 37
Event: 3.051 Thread 0x00000000026f6800 Uncommon trap: reason=unstable_if action=reinterpret pc=0x0000000002a19d88 method=java.util.HashMap$HashIterator.nextNode()Ljava/util/HashMap$Node; @ 74
Event: 3.871 Thread 0x00000000026f6800 Uncommon trap: reason=unstable_if action=reinterpret pc=0x00000000029e782c method=java.lang.String.<init>([CII)V @ 18
Event: 4.017 Thread 0x00000000026f6800 Uncommon trap: reason=unstable_if action=reinterpret pc=0x0000000002aac940 method=org.objectweb.asm.ClassReader.readUTF8(I[C)Ljava/lang/String; @ 7
Event: 4.729 Thread 0x00000000026f6800 Uncommon trap: reason=unstable_if action=reinterpret pc=0x0000000002b32b68 method=org.objectweb.asm.MethodWriter.visitVarInsn(II)V @ 142
Event: 4.729 Thread 0x00000000026f6800 Uncommon trap: reason=unstable_if action=reinterpret pc=0x0000000002b43320 method=org.objectweb.asm.Type.getArgumentsAndReturnSizes(Ljava/lang/String;)I @ 47
Event: 5.262 Thread 0x00000000026f6800 Uncommon trap: reason=unstable_if action=reinterpret pc=0x0000000002b05840 method=org.objectweb.asm.Item.a(Lorg/objectweb/asm/Item;)Z @ 345

Classes redefined (0 events):
No events

Internal exceptions (10 events):
Event: 3.049 Thread 0x00000000026f6800 Exception <a 'sun/nio/fs/WindowsException'> (0x00000000ff189de8) thrown at [D:\src\AOSP-openjdk-cygwin\jdk8u\hotspot\src\share\vm\prims\jni.cpp, line 709]
Event: 3.049 Thread 0x00000000026f6800 Exception <a 'sun/nio/fs/WindowsException'> (0x00000000ff18a3e0) thrown at [D:\src\AOSP-openjdk-cygwin\jdk8u\hotspot\src\share\vm\prims\jni.cpp, line 709]
Event: 3.050 Thread 0x00000000026f6800 Exception <a 'sun/nio/fs/WindowsException'> (0x00000000ff18abb0) thrown at [D:\src\AOSP-openjdk-cygwin\jdk8u\hotspot\src\share\vm\prims\jni.cpp, line 709]
Event: 3.050 Thread 0x00000000026f6800 Exception <a 'sun/nio/fs/WindowsException'> (0x00000000ff18b180) thrown at [D:\src\AOSP-openjdk-cygwin\jdk8u\hotspot\src\share\vm\prims\jni.cpp, line 709]
Event: 3.050 Thread 0x00000000026f6800 Exception <a 'sun/nio/fs/WindowsException'> (0x00000000ff18b940) thrown at [D:\src\AOSP-openjdk-cygwin\jdk8u\hotspot\src\share\vm\prims\jni.cpp, line 709]
Event: 3.054 Thread 0x00000000026f6800 Exception <a 'sun/nio/fs/WindowsException'> (0x00000000ff190da8) thrown at [D:\src\AOSP-openjdk-cygwin\jdk8u\hotspot\src\share\vm\prims\jni.cpp, line 709]
Event: 3.492 Thread 0x00000000026f6800 Exception <a 'sun/nio/fs/WindowsException'> (0x00000000ff627200) thrown at [D:\src\AOSP-openjdk-cygwin\jdk8u\hotspot\src\share\vm\prims\jni.cpp, line 709]
Event: 3.493 Thread 0x00000000026f6800 Exception <a 'sun/nio/fs/WindowsException'> (0x00000000ff6277c0) thrown at [D:\src\AOSP-openjdk-cygwin\jdk8u\hotspot\src\share\vm\prims\jni.cpp, line 709]
Event: 4.015 Thread 0x00000000026f6800 Exception <a 'sun/nio/fs/WindowsException'> (0x00000000ff89e648) thrown at [D:\src\AOSP-openjdk-cygwin\jdk8u\hotspot\src\share\vm\prims\jni.cpp, line 709]
Event: 4.015 Thread 0x00000000026f6800 Exception <a 'sun/nio/fs/WindowsException'> (0x00000000ff89eb88) thrown at [D:\src\AOSP-openjdk-cygwin\jdk8u\hotspot\src\share\vm\prims\jni.cpp, line 709]

Events (10 events):
Event: 4.743 loading class java/time/temporal/TemporalAccessor done
Event: 4.743 loading class java/time/temporal/Temporal done
Event: 4.743 loading class java/time/temporal/TemporalAdjuster
Event: 4.743 loading class java/time/temporal/TemporalAdjuster done
Event: 4.743 loading class java/time/Instant done
Event: 4.835 Executing VM operation: EnableBiasedLocking
Event: 4.980 Executing VM operation: EnableBiasedLocking done
Event: 5.262 Thread 0x00000000026f6800 Uncommon trap: trap_request=0xffffff65 fr.pc=0x0000000002b05840
Event: 5.262 Thread 0x00000000026f6800 DEOPT PACKING pc=0x0000000002b05840 sp=0x00000000026ceab0
Event: 5.262 Thread 0x00000000026f6800 DEOPT UNPACKING pc=0x000000000283556a sp=0x00000000026cea48 mode 2


Dynamic libraries:
0x00007ff687940000 - 0x00007ff687971000 	C:\Program Files\Android\Android Studio\jre\bin\java.exe
0x00007ffbe79c0000 - 0x00007ffbe7b6d000 	C:\Windows\SYSTEM32\ntdll.dll
0x00007ffbe5730000 - 0x00007ffbe586e000 	C:\Windows\system32\KERNEL32.DLL
0x00007ffbe4e90000 - 0x00007ffbe4fa5000 	C:\Windows\system32\KERNELBASE.dll
0x00007ffbe5c30000 - 0x00007ffbe5cda000 	C:\Windows\system32\ADVAPI32.dll
0x00007ffbe5870000 - 0x00007ffbe59e7000 	C:\Windows\system32\USER32.dll
0x00007ffbe2230000 - 0x00007ffbe24ab000 	C:\Windows\WinSxS\amd64_microsoft.windows.common-controls_6595b64144ccf1df_6.0.9600.18006_none_623f33d3ecbe86e8\COMCTL32.dll
0x00007ffbe6140000 - 0x00007ffbe61ea000 	C:\Windows\system32\msvcrt.dll
0x00007ffbe5bd0000 - 0x00007ffbe5c29000 	C:\Windows\SYSTEM32\sechost.dll
0x00007ffbe55f0000 - 0x00007ffbe5730000 	C:\Windows\system32\RPCRT4.dll
0x00007ffbe51f0000 - 0x00007ffbe533f000 	C:\Windows\system32\GDI32.dll
0x00007ffbe5010000 - 0x00007ffbe503e000 	C:\Windows\system32\SspiCli.dll
0x00007ffbe5550000 - 0x00007ffbe5586000 	C:\Windows\system32\IMM32.DLL
0x00007ffbe59f0000 - 0x00007ffbe5b42000 	C:\Windows\system32\MSCTF.dll
0x000000005b480000 - 0x000000005b552000 	C:\Program Files\Android\Android Studio\jre\jre\bin\msvcr100.dll
0x000000005b610000 - 0x000000005be4e000 	C:\Program Files\Android\Android Studio\jre\jre\bin\server\jvm.dll
0x00007ffbdd240000 - 0x00007ffbdd249000 	C:\Windows\SYSTEM32\WSOCK32.dll
0x00007ffbd1e30000 - 0x00007ffbd1e52000 	C:\Windows\SYSTEM32\WINMM.dll
0x00007ffbdd7a0000 - 0x00007ffbdd7aa000 	C:\Windows\SYSTEM32\VERSION.dll
0x00007ffbe51e0000 - 0x00007ffbe51e7000 	C:\Windows\system32\PSAPI.DLL
0x00007ffbe61f0000 - 0x00007ffbe624a000 	C:\Windows\system32\WS2_32.dll
0x00007ffbd1e00000 - 0x00007ffbd1e2a000 	C:\Windows\SYSTEM32\WINMMBASE.dll
0x00007ffbe5400000 - 0x00007ffbe5409000 	C:\Windows\system32\NSI.dll
0x00007ffbe4e40000 - 0x00007ffbe4e8f000 	C:\Windows\SYSTEM32\cfgmgr32.dll
0x00007ffbe3930000 - 0x00007ffbe3958000 	C:\Windows\SYSTEM32\DEVOBJ.dll
0x00007ffbe11c0000 - 0x00007ffbe11cf000 	C:\Program Files\Android\Android Studio\jre\jre\bin\verify.dll
0x00007ffbe0d50000 - 0x00007ffbe0d79000 	C:\Program Files\Android\Android Studio\jre\jre\bin\java.dll
0x00007ffbe11a0000 - 0x00007ffbe11b6000 	C:\Program Files\Android\Android Studio\jre\jre\bin\zip.dll
0x00007ffbe6250000 - 0x00007ffbe7778000 	C:\Windows\system32\SHELL32.dll
0x00007ffbe7790000 - 0x00007ffbe79a1000 	C:\Windows\SYSTEM32\combase.dll
0x00007ffbe5590000 - 0x00007ffbe55e4000 	C:\Windows\system32\SHLWAPI.dll
0x00007ffbe2e60000 - 0x00007ffbe2f12000 	C:\Windows\SYSTEM32\SHCORE.dll
0x00007ffbe4ae0000 - 0x00007ffbe4af5000 	C:\Windows\SYSTEM32\profapi.dll
0x00007ffbe43e0000 - 0x00007ffbe4400000 	C:\Windows\SYSTEM32\CRYPTSP.dll
0x00007ffbe4000000 - 0x00007ffbe4036000 	C:\Windows\system32\rsaenh.dll
0x00007ffbe4630000 - 0x00007ffbe4656000 	C:\Windows\SYSTEM32\bcrypt.dll
0x00007ffbe4110000 - 0x00007ffbe4131000 	C:\Windows\SYSTEM32\USERENV.dll
0x00007ffbe4940000 - 0x00007ffbe49a3000 	C:\Windows\system32\bcryptprimitives.dll
0x00007ffbe49b0000 - 0x00007ffbe49bb000 	C:\Windows\SYSTEM32\CRYPTBASE.dll
0x00007ffbe0d30000 - 0x00007ffbe0d4a000 	C:\Program Files\Android\Android Studio\jre\jre\bin\net.dll
0x00007ffbe4380000 - 0x00007ffbe43d9000 	C:\Windows\system32\mswsock.dll
0x00007ffbdffd0000 - 0x00007ffbdfffa000 	C:\Windows\SYSTEM32\IPHLPAPI.DLL
0x00007ffbdffb0000 - 0x00007ffbdffba000 	C:\Windows\SYSTEM32\WINNSI.DLL
0x00007ffbdfa70000 - 0x00007ffbdfa86000 	C:\Windows\SYSTEM32\dhcpcsvc6.DLL
0x00007ffbdfc70000 - 0x00007ffbdfc8a000 	C:\Windows\SYSTEM32\dhcpcsvc.DLL
0x00007ffbe0d10000 - 0x00007ffbe0d21000 	C:\Program Files\Android\Android Studio\jre\jre\bin\nio.dll

VM Arguments:
jvm_args: -Djava.awt.headless=true -Xmx64M -Dfile.encoding=windows-1256 -Duser.country=US -Duser.language=en -Duser.variant 
java_command: com.google.devtools.build.android.desugar.Desugar --input C:\Users\Tareq Naji\AndroidStudioProjects\ALTARIQ_Restaurant\app\build\intermediates\transforms\stackFramesFixer\debug\27.jar --output C:\Users\Tareq Naji\AndroidStudioProjects\ALTARIQ_Restaurant\app\build\intermediates\transforms\desugar\debug\31.jar --input C:\Users\Tareq Naji\AndroidStudioProjects\ALTARIQ_Restaurant\app\build\intermediates\transforms\stackFramesFixer\debug\14.jar --output C:\Users\Tareq Naji\AndroidStudioProjects\ALTARIQ_Restaurant\app\build\intermediates\transforms\desugar\debug\18.jar --input C:\Users\Tareq Naji\AndroidStudioProjects\ALTARIQ_Restaurant\app\build\intermediates\transforms\stackFramesFixer\debug\26.jar --output C:\Users\Tareq Naji\AndroidStudioProjects\ALTARIQ_Restaurant\app\build\intermediates\transforms\desugar\debug\30.jar --input C:\Users\Tareq Naji\AndroidStudioProjects\ALTARIQ_Restaurant\app\build\intermediates\transforms\stackFramesFixer\debug\13.jar --output C:\Users\Tareq Naji\AndroidStudioProjects\ALTARIQ_Restaurant\app\build\intermediates\transforms\desugar\debug\17.jar --input C:\Users\Tareq Naji\AndroidStudioProjects\ALTARIQ_Restaurant\app\build\intermediates\transforms\stackFramesFixer\debug\8.jar --output C:\Users\Tareq Naji\AndroidStudioProjects\ALTARIQ_Restaurant\app\build\intermediates\transforms\desugar\debug\12.jar --input C:\Users\Tareq Naji\AndroidStudioProjects\ALTARIQ_Restaurant\app\build\intermediates\transforms\stackFramesFixer\debug\19.jar --output C:\Users\Tareq Naji\AndroidStudioProjects\ALTARIQ_Restaurant\app\build\intermediates\transforms\desugar\debug\23.jar --input C:\Users\Tareq Naji\AndroidStudioProjects\ALTARIQ_Restaurant\app\build\intermediates\transforms\stackFramesFixer\debug\25.jar --output C:\Users\Tareq Naji\AndroidStudioProjects\ALTARIQ_Restaurant\app\build\intermediates\transforms\desugar\debug\29.jar --input C:\Users\Tareq Naji\AndroidStudioProjects\ALTARIQ_Restaurant\app\build\intermediates\transforms\stackFrames
java_class_path (initial): C:\Users\Tareq Naji\AppData\Local\Temp\desugar_deploy.jar6351809273961122176
Launcher Type: SUN_STANDARD

Environment Variables:
PATH=C:\ProgramData\Oracle\Java\javapath;C:\Windows\system32;C:\Windows;C:\Windows\System32\Wbem;C:\Windows\System32\WindowsPowerShell\v1.0\;C:\Program Files (x86)\Intel\OpenCL SDK\2.0\bin\x86;C:\Program Files (x86)\Intel\OpenCL SDK\2.0\bin\x64;C:\Program Files\Microsoft SQL Server\120\DTS\Binn\;C:\Program Files\Microsoft SQL Server\Client SDK\ODBC\110\Tools\Binn\;C:\Program Files (x86)\Microsoft SQL Server\120\Tools\Binn\;C:\Program Files\Microsoft SQL Server\120\Tools\Binn\;C:\Program Files (x86)\Microsoft SQL Server\120\Tools\Binn\ManagementStudio\;C:\Program Files (x86)\Microsoft SQL Server\120\DTS\Binn\;C:\Program Files (x86)\Intel\OpenCL SDK\2.0\bin\x86;C:\Program Files (x86)\Intel\OpenCL SDK\2.0\bin\x64;E:\android-ndk-r10e\;C:\Program Files (x86)\GtkSharp\2.12\bin;C:\Program Files\Microsoft SQL Server\130\Tools\Binn\;C:\Program Files (x86)\Skype\Phone\;C:\Program Files\dotnet\;C:\Program Files\Git\cmd;C:\Program Files (x86)\Microsoft SQL Server\Client SDK\ODBC\130\Tools\Binn\;C:\Program Files (x86)\Microsoft SQL Server\140\Tools\Binn\;C:\Program Files (x86)\Microsoft SQL Server\140\DTS\Binn\;C:\Program Files (x86)\Microsoft SQL Server\140\Tools\Binn\ManagementStudio\;C:\Program Files\Microsoft SQL Server\Client SDK\ODBC\130\Tools\Binn\;C:\Program Files\Microsoft SQL Server\140\Tools\Binn\;C:\Program Files\Microsoft SQL Server\140\DTS\Binn\;C:\Users\Tareq Naji\.dnx\bin;E:\android-ndk-r13b
USERNAME=Tareq Naji
OS=Windows_NT
PROCESSOR_IDENTIFIER=Intel64 Family 6 Model 42 Stepping 7, GenuineIntel



---------------  S Y S T E M  ---------------

OS: Windows 8.1 , 64 bit Build 9600 (6.3.9600.17415)

CPU:total 4 (initial active 4) (2 cores per cpu, 2 threads per core) family 6 model 42 stepping 7, cmov, cx8, fxsr, mmx, sse, sse2, sse3, ssse3, sse4.1, sse4.2, popcnt, avx, aes, clmul, ht, tsc, tscinvbit

Memory: 4k page, physical 8321388k(273180k free), swap 9263608k(5152k free)

vm_info: OpenJDK 64-Bit Server VM (25.152-b01) for windows-amd64 JRE (1.8.0_152-release-915-b01), built by "builder" with MS VC++ 10.0 (VS2010)

time: Mon Mar 19 14:39:08 2018
elapsed time: 5 seconds (0d 0h 0m 5s)

