#
# There is insufficient memory for the Java Runtime Environment to continue.
# Native memory allocation (malloc) failed to allocate 851456 bytes for Chunk::new
# Possible reasons:
#   The system is out of physical RAM or swap space
#   In 32 bit mode, the process size limit was hit
# Possible solutions:
#   Reduce memory load on the system
#   Increase physical memory or swap space
#   Check if swap backing store is full
#   Use 64 bit Java on a 64 bit OS
#   Decrease Java heap size (-Xmx/-Xms)
#   Decrease number of Java threads
#   Decrease Java thread stack sizes (-Xss)
#   Set larger code cache with -XX:ReservedCodeCacheSize=
# This output file may be truncated or incomplete.
#
#  Out of Memory Error (allocation.cpp:390), pid=9076, tid=0x0000000000001828
#
# JRE version: OpenJDK Runtime Environment (8.0_152-b01) (build 1.8.0_152-release-915-b01)
# Java VM: OpenJDK 64-Bit Server VM (25.152-b01 mixed mode windows-amd64 compressed oops)
# Failed to write core dump. Minidumps are not enabled by default on client versions of Windows
#

---------------  T H R E A D  ---------------

Current thread (0x0000000012b70800):  JavaThread "C2 CompilerThread1" daemon [_thread_in_native, id=6184, stack(0x00000000142c0000,0x00000000143c0000)]

Stack: [0x00000000142c0000,0x00000000143c0000]
[error occurred during error reporting (printing stack bounds), id 0xc0000005]

Native frames: (J=compiled Java code, j=interpreted, Vv=VM code, C=native code)


Current CompileTask:
C2:   6160  925 %     4       org.objectweb.asm.ClassReader::a @ 1480 (3587 bytes)


---------------  P R O C E S S  ---------------

Java Threads: ( => current thread )
  0x0000000014420000 JavaThread "Service Thread" daemon [_thread_blocked, id=8588, stack(0x00000000148c0000,0x00000000149c0000)]
  0x0000000012bbd800 JavaThread "C1 CompilerThread2" daemon [_thread_blocked, id=6860, stack(0x00000000147c0000,0x00000000148c0000)]
=>0x0000000012b70800 JavaThread "C2 CompilerThread1" daemon [_thread_in_native, id=6184, stack(0x00000000142c0000,0x00000000143c0000)]
  0x0000000012b6d000 JavaThread "C2 CompilerThread0" daemon [_thread_blocked, id=3872, stack(0x00000000141c0000,0x00000000142c0000)]
  0x0000000012b5d000 JavaThread "Attach Listener" daemon [_thread_blocked, id=4592, stack(0x00000000140c0000,0x00000000141c0000)]
  0x0000000012bb8800 JavaThread "Signal Dispatcher" daemon [_thread_blocked, id=3556, stack(0x0000000013fc0000,0x00000000140c0000)]
  0x0000000012b4e800 JavaThread "Finalizer" daemon [_thread_blocked, id=2052, stack(0x0000000013db0000,0x0000000013eb0000)]
  0x00000000027b8000 JavaThread "Reference Handler" daemon [_thread_blocked, id=7056, stack(0x0000000013cb0000,0x0000000013db0000)]
  0x00000000026c7000 JavaThread "main" [_thread_in_Java, id=5656, stack(0x00000000025c0000,0x00000000026c0000)]

Other Threads:
  0x0000000012b24800 VMThread [stack: 0x0000000013bb0000,0x0000000013cb0000] [id=7008]
  0x0000000014422000 WatcherThread [stack: 0x00000000149c0000,0x0000000014ac0000] [id=2940]

VM state:not at safepoint (normal execution)

VM Mutex/Monitor currently owned by a thread: None

Heap:
 PSYoungGen      total 18944K, used 4589K [0x00000000feb00000, 0x0000000100000000, 0x0000000100000000)
  eden space 16384K, 12% used [0x00000000feb00000,0x00000000fecff2b8,0x00000000ffb00000)
  from space 2560K, 99% used [0x00000000ffd80000,0x00000000ffffc400,0x0000000100000000)
  to   space 2560K, 0% used [0x00000000ffb00000,0x00000000ffb00000,0x00000000ffd80000)
 ParOldGen       total 44032K, used 5570K [0x00000000fc000000, 0x00000000feb00000, 0x00000000feb00000)
  object space 44032K, 12% used [0x00000000fc000000,0x00000000fc570bf8,0x00000000feb00000)
 Metaspace       used 7637K, capacity 7858K, committed 7936K, reserved 1056768K
  class space    used 875K, capacity 957K, committed 1024K, reserved 1048576K

Card table byte_map: [0x0000000002470000,0x00000000024a0000] byte_map_base: 0x0000000001c90000

Marking Bits: (ParMarkBitMap*) 0x0000000056ba3950
 Begin Bits: [0x0000000011fa0000, 0x00000000120a0000)
 End Bits:   [0x00000000120a0000, 0x00000000121a0000)

Polling page: 0x0000000002430000

CodeCache: size=245760Kb used=3622Kb max_used=3634Kb free=242137Kb
 bounds [0x00000000027c0000, 0x0000000002b50000, 0x00000000117c0000]
 total_blobs=1262 nmethods=930 adapters=246
 compilation: enabled

Compilation events (10 events):
Event: 5.758 Thread 0x0000000012bbd800 nmethod 924 0x0000000002b3b3d0 code [0x0000000002b3b840, 0x0000000002b3e568]
Event: 5.759 Thread 0x0000000012b70800  925 %     4       org.objectweb.asm.ClassReader::a @ 1480 (3587 bytes)
Event: 5.880 Thread 0x0000000012bbd800  926       3       com.google.devtools.build.android.desugar.LambdaDesugaring$InvokedynamicRewriter::<init> (42 bytes)
Event: 5.881 Thread 0x0000000012bbd800 nmethod 926 0x0000000002b33a10 code [0x0000000002b33be0, 0x0000000002b343c8]
Event: 5.881 Thread 0x0000000012bbd800  927       3       com.google.devtools.build.android.desugar.DefaultMethodClassFixer::visitMethod (75 bytes)
Event: 5.883 Thread 0x0000000012bbd800 nmethod 927 0x0000000002b3a210 code [0x0000000002b3a420, 0x0000000002b3ae98]
Event: 5.884 Thread 0x0000000012bbd800  928       3       org.objectweb.asm.ClassReader::accept (1176 bytes)
Event: 5.896 Thread 0x0000000012bbd800 nmethod 928 0x0000000002b3f250 code [0x0000000002b3f980, 0x0000000002b46028]
Event: 5.898 Thread 0x0000000012bbd800  929       3       java.util.HashMap::<init> (11 bytes)
Event: 5.898 Thread 0x0000000012bbd800 nmethod 929 0x0000000002b335d0 code [0x0000000002b33740, 0x0000000002b33950]

GC Heap History (4 events):
Event: 2.020 GC heap before
{Heap before GC invocations=1 (full 0):
 PSYoungGen      total 18944K, used 16384K [0x00000000feb00000, 0x0000000100000000, 0x0000000100000000)
  eden space 16384K, 100% used [0x00000000feb00000,0x00000000ffb00000,0x00000000ffb00000)
  from space 2560K, 0% used [0x00000000ffd80000,0x00000000ffd80000,0x0000000100000000)
  to   space 2560K, 0% used [0x00000000ffb00000,0x00000000ffb00000,0x00000000ffd80000)
 ParOldGen       total 44032K, used 0K [0x00000000fc000000, 0x00000000feb00000, 0x00000000feb00000)
  object space 44032K, 0% used [0x00000000fc000000,0x00000000fc000000,0x00000000feb00000)
 Metaspace       used 6597K, capacity 6752K, committed 7040K, reserved 1056768K
  class space    used 773K, capacity 824K, committed 896K, reserved 1048576K
Event: 2.029 GC heap after
Heap after GC invocations=1 (full 0):
 PSYoungGen      total 18944K, used 2551K [0x00000000feb00000, 0x0000000100000000, 0x0000000100000000)
  eden space 16384K, 0% used [0x00000000feb00000,0x00000000feb00000,0x00000000ffb00000)
  from space 2560K, 99% used [0x00000000ffb00000,0x00000000ffd7dc00,0x00000000ffd80000)
  to   space 2560K, 0% used [0x00000000ffd80000,0x00000000ffd80000,0x0000000100000000)
 ParOldGen       total 44032K, used 1543K [0x00000000fc000000, 0x00000000feb00000, 0x00000000feb00000)
  object space 44032K, 3% used [0x00000000fc000000,0x00000000fc181ca0,0x00000000feb00000)
 Metaspace       used 6597K, capacity 6752K, committed 7040K, reserved 1056768K
  class space    used 773K, capacity 824K, committed 896K, reserved 1048576K
}
Event: 5.024 GC heap before
{Heap before GC invocations=2 (full 0):
 PSYoungGen      total 18944K, used 18935K [0x00000000feb00000, 0x0000000100000000, 0x0000000100000000)
  eden space 16384K, 100% used [0x00000000feb00000,0x00000000ffb00000,0x00000000ffb00000)
  from space 2560K, 99% used [0x00000000ffb00000,0x00000000ffd7dc00,0x00000000ffd80000)
  to   space 2560K, 0% used [0x00000000ffd80000,0x00000000ffd80000,0x0000000100000000)
 ParOldGen       total 44032K, used 1543K [0x00000000fc000000, 0x00000000feb00000, 0x00000000feb00000)
  object space 44032K, 3% used [0x00000000fc000000,0x00000000fc181ca0,0x00000000feb00000)
 Metaspace       used 7547K, capacity 7730K, committed 7936K, reserved 1056768K
  class space    used 875K, capacity 957K, committed 1024K, reserved 1048576K
Event: 5.574 GC heap after
Heap after GC invocations=2 (full 0):
 PSYoungGen      total 18944K, used 2545K [0x00000000feb00000, 0x0000000100000000, 0x0000000100000000)
  eden space 16384K, 0% used [0x00000000feb00000,0x00000000feb00000,0x00000000ffb00000)
  from space 2560K, 99% used [0x00000000ffd80000,0x00000000ffffc400,0x0000000100000000)
  to   space 2560K, 0% used [0x00000000ffb00000,0x00000000ffb00000,0x00000000ffd80000)
 ParOldGen       total 44032K, used 5570K [0x00000000fc000000, 0x00000000feb00000, 0x00000000feb00000)
  object space 44032K, 12% used [0x00000000fc000000,0x00000000fc570bf8,0x00000000feb00000)
 Metaspace       used 7547K, capacity 7730K, committed 7936K, reserved 1056768K
  class space    used 875K, capacity 957K, committed 1024K, reserved 1048576K
}

Deoptimization events (10 events):
Event: 1.921 Thread 0x00000000026c7000 Uncommon trap: reason=unstable_if action=reinterpret pc=0x00000000029e2958 method=java.util.zip.ZipEntry.setExtra0([BZ)V @ 1
Event: 1.927 Thread 0x00000000026c7000 Uncommon trap: reason=unstable_if action=reinterpret pc=0x00000000029e941c method=java.util.zip.ZipFile$ZipEntryIterator.hasNext()Z @ 25
Event: 1.927 Thread 0x00000000026c7000 Uncommon trap: reason=unstable_if action=reinterpret pc=0x00000000029f2d78 method=java.util.zip.ZipCoder.decoder()Ljava/nio/charset/CharsetDecoder; @ 4
Event: 1.931 Thread 0x00000000026c7000 Uncommon trap: reason=unstable_if action=reinterpret pc=0x00000000029f544c method=java.util.zip.ZipCoder.decoder()Ljava/nio/charset/CharsetDecoder; @ 4
Event: 2.121 Thread 0x00000000026c7000 Uncommon trap: reason=unstable_if action=reinterpret pc=0x00000000029f790c method=java.util.zip.ZipCoder.decoder()Ljava/nio/charset/CharsetDecoder; @ 4
Event: 2.126 Thread 0x00000000026c7000 Uncommon trap: reason=unstable_if action=reinterpret pc=0x00000000029eeadc method=java.util.zip.ZipCoder.decoder()Ljava/nio/charset/CharsetDecoder; @ 4
Event: 2.129 Thread 0x00000000026c7000 Uncommon trap: reason=unstable_if action=reinterpret pc=0x00000000029e8b6c method=java.util.zip.ZipCoder.decoder()Ljava/nio/charset/CharsetDecoder; @ 4
Event: 2.257 Thread 0x00000000026c7000 Uncommon trap: reason=unloaded action=reinterpret pc=0x00000000029e9dfc method=java.util.zip.ZipEntry.setExtra0([BZ)V @ 37
Event: 2.936 Thread 0x00000000026c7000 Uncommon trap: reason=unstable_if action=reinterpret pc=0x00000000029b46ec method=java.lang.String.<init>([CII)V @ 18
Event: 4.936 Thread 0x00000000026c7000 Uncommon trap: reason=unstable_if action=reinterpret pc=0x0000000002ac675c method=org.objectweb.asm.ClassReader.readUTF8(I[C)Ljava/lang/String; @ 7

Classes redefined (0 events):
No events

Internal exceptions (10 events):
Event: 2.269 Thread 0x00000000026c7000 Exception <a 'sun/nio/fs/WindowsException'> (0x00000000ff1cdce0) thrown at [D:\src\AOSP-openjdk-cygwin\jdk8u\hotspot\src\share\vm\prims\jni.cpp, line 709]
Event: 2.269 Thread 0x00000000026c7000 Exception <a 'sun/nio/fs/WindowsException'> (0x00000000ff1ce2b0) thrown at [D:\src\AOSP-openjdk-cygwin\jdk8u\hotspot\src\share\vm\prims\jni.cpp, line 709]
Event: 2.270 Thread 0x00000000026c7000 Exception <a 'sun/nio/fs/WindowsException'> (0x00000000ff1cea70) thrown at [D:\src\AOSP-openjdk-cygwin\jdk8u\hotspot\src\share\vm\prims\jni.cpp, line 709]
Event: 2.280 Thread 0x00000000026c7000 Exception <a 'sun/nio/fs/WindowsException'> (0x00000000ff1d3ed8) thrown at [D:\src\AOSP-openjdk-cygwin\jdk8u\hotspot\src\share\vm\prims\jni.cpp, line 709]
Event: 2.796 Thread 0x00000000026c7000 Exception <a 'sun/nio/fs/WindowsException'> (0x00000000ff7a8290) thrown at [D:\src\AOSP-openjdk-cygwin\jdk8u\hotspot\src\share\vm\prims\jni.cpp, line 709]
Event: 2.797 Thread 0x00000000026c7000 Exception <a 'sun/nio/fs/WindowsException'> (0x00000000ff7a8850) thrown at [D:\src\AOSP-openjdk-cygwin\jdk8u\hotspot\src\share\vm\prims\jni.cpp, line 709]
Event: 3.084 Thread 0x00000000026c7000 Exception <a 'sun/nio/fs/WindowsException'> (0x00000000ff8c78f8) thrown at [D:\src\AOSP-openjdk-cygwin\jdk8u\hotspot\src\share\vm\prims\jni.cpp, line 709]
Event: 3.084 Thread 0x00000000026c7000 Exception <a 'sun/nio/fs/WindowsException'> (0x00000000ff8c7e38) thrown at [D:\src\AOSP-openjdk-cygwin\jdk8u\hotspot\src\share\vm\prims\jni.cpp, line 709]
Event: 4.115 Thread 0x00000000026c7000 Exception <a 'sun/nio/fs/WindowsException'> (0x00000000ffa38550) thrown at [D:\src\AOSP-openjdk-cygwin\jdk8u\hotspot\src\share\vm\prims\jni.cpp, line 709]
Event: 4.115 Thread 0x00000000026c7000 Exception <a 'sun/nio/fs/WindowsException'> (0x00000000ffa38a90) thrown at [D:\src\AOSP-openjdk-cygwin\jdk8u\hotspot\src\share\vm\prims\jni.cpp, line 709]

Events (10 events):
Event: 4.934 loading class java/time/temporal/TemporalAccessor done
Event: 4.934 loading class java/time/temporal/Temporal done
Event: 4.934 loading class java/time/temporal/TemporalAdjuster
Event: 4.934 loading class java/time/temporal/TemporalAdjuster done
Event: 4.934 loading class java/time/Instant done
Event: 4.936 Thread 0x00000000026c7000 Uncommon trap: trap_request=0xffffff65 fr.pc=0x0000000002ac675c
Event: 4.936 Thread 0x00000000026c7000 DEOPT PACKING pc=0x0000000002ac675c sp=0x00000000026bec30
Event: 4.936 Thread 0x00000000026c7000 DEOPT UNPACKING pc=0x000000000280556a sp=0x00000000026bec00 mode 2
Event: 5.024 Executing VM operation: ParallelGCFailedAllocation
Event: 5.575 Executing VM operation: ParallelGCFailedAllocation done


Dynamic libraries:
0x00007ff759090000 - 0x00007ff7590c1000 	C:\Program Files\Android\Android Studio\jre\bin\java.exe
0x00007ff816700000 - 0x00007ff8168ad000 	C:\Windows\SYSTEM32\ntdll.dll
0x00007ff816080000 - 0x00007ff8161be000 	C:\Windows\system32\KERNEL32.DLL
0x00007ff813bd0000 - 0x00007ff813ce5000 	C:\Windows\system32\KERNELBASE.dll
0x00007ff813dc0000 - 0x00007ff813e6a000 	C:\Windows\system32\ADVAPI32.dll
0x00007ff813e80000 - 0x00007ff813ff7000 	C:\Windows\system32\USER32.dll
0x00007ff8114b0000 - 0x00007ff81172b000 	C:\Windows\WinSxS\amd64_microsoft.windows.common-controls_6595b64144ccf1df_6.0.9600.18006_none_623f33d3ecbe86e8\COMCTL32.dll
0x00007ff8163c0000 - 0x00007ff81646a000 	C:\Windows\system32\msvcrt.dll
0x00007ff8142f0000 - 0x00007ff814349000 	C:\Windows\SYSTEM32\sechost.dll
0x00007ff816280000 - 0x00007ff8163c0000 	C:\Windows\system32\RPCRT4.dll
0x00007ff816550000 - 0x00007ff81669f000 	C:\Windows\system32\GDI32.dll
0x00007ff813d50000 - 0x00007ff813d7e000 	C:\Windows\system32\SspiCli.dll
0x00007ff813d80000 - 0x00007ff813db6000 	C:\Windows\system32\IMM32.DLL
0x00007ff814450000 - 0x00007ff8145a2000 	C:\Windows\system32\MSCTF.dll
0x0000000056300000 - 0x00000000563d2000 	C:\Program Files\Android\Android Studio\jre\jre\bin\msvcr100.dll
0x00000000563e0000 - 0x0000000056c1e000 	C:\Program Files\Android\Android Studio\jre\jre\bin\server\jvm.dll
0x00007ff80c020000 - 0x00007ff80c029000 	C:\Windows\SYSTEM32\WSOCK32.dll
0x00007ff800ae0000 - 0x00007ff800b02000 	C:\Windows\SYSTEM32\WINMM.dll
0x00007ff80cfb0000 - 0x00007ff80cfba000 	C:\Windows\SYSTEM32\VERSION.dll
0x00007ff816470000 - 0x00007ff816477000 	C:\Windows\system32\PSAPI.DLL
0x00007ff816020000 - 0x00007ff81607a000 	C:\Windows\system32\WS2_32.dll
0x00007ff800ab0000 - 0x00007ff800ada000 	C:\Windows\SYSTEM32\WINMMBASE.dll
0x00007ff814350000 - 0x00007ff814359000 	C:\Windows\system32\NSI.dll
0x00007ff813b80000 - 0x00007ff813bcf000 	C:\Windows\SYSTEM32\cfgmgr32.dll
0x00007ff812670000 - 0x00007ff812698000 	C:\Windows\SYSTEM32\DEVOBJ.dll
0x00007ff810160000 - 0x00007ff81016f000 	C:\Program Files\Android\Android Studio\jre\jre\bin\verify.dll
0x00007ff810130000 - 0x00007ff810159000 	C:\Program Files\Android\Android Studio\jre\jre\bin\java.dll
0x00007ff80ff90000 - 0x00007ff80ffa6000 	C:\Program Files\Android\Android Studio\jre\jre\bin\zip.dll
0x00007ff8145b0000 - 0x00007ff815ad8000 	C:\Windows\system32\SHELL32.dll
0x00007ff814060000 - 0x00007ff814271000 	C:\Windows\SYSTEM32\combase.dll
0x00007ff8166a0000 - 0x00007ff8166f4000 	C:\Windows\system32\SHLWAPI.dll
0x00007ff811dc0000 - 0x00007ff811e72000 	C:\Windows\SYSTEM32\SHCORE.dll
0x00007ff813820000 - 0x00007ff813835000 	C:\Windows\SYSTEM32\profapi.dll
0x00007ff813120000 - 0x00007ff813140000 	C:\Windows\SYSTEM32\CRYPTSP.dll
0x00007ff812d40000 - 0x00007ff812d76000 	C:\Windows\system32\rsaenh.dll
0x00007ff813370000 - 0x00007ff813396000 	C:\Windows\SYSTEM32\bcrypt.dll
0x00007ff812e50000 - 0x00007ff812e71000 	C:\Windows\SYSTEM32\USERENV.dll
0x00007ff813680000 - 0x00007ff8136e3000 	C:\Windows\system32\bcryptprimitives.dll
0x00007ff8136f0000 - 0x00007ff8136fb000 	C:\Windows\SYSTEM32\CRYPTBASE.dll
0x00007ffff7560000 - 0x00007ffff757a000 	C:\Program Files\Android\Android Studio\jre\jre\bin\net.dll
0x00007ff8130c0000 - 0x00007ff813119000 	C:\Windows\system32\mswsock.dll
0x00007ff80ecb0000 - 0x00007ff80ecda000 	C:\Windows\SYSTEM32\IPHLPAPI.DLL
0x00007ff80ec90000 - 0x00007ff80ec9a000 	C:\Windows\SYSTEM32\WINNSI.DLL
0x00007ff80e7d0000 - 0x00007ff80e7e6000 	C:\Windows\SYSTEM32\dhcpcsvc6.DLL
0x00007ff80ea00000 - 0x00007ff80ea1a000 	C:\Windows\SYSTEM32\dhcpcsvc.DLL
0x00007ffff7540000 - 0x00007ffff7551000 	C:\Program Files\Android\Android Studio\jre\jre\bin\nio.dll

VM Arguments:
jvm_args: -Djava.awt.headless=true -Xmx64M -Dfile.encoding=windows-1256 -Duser.country=US -Duser.language=en -Duser.variant 
java_command: com.google.devtools.build.android.desugar.Desugar --input C:\Users\Tareq Naji\AndroidStudioProjects\ALTARIQ_Restaurant\app\build\intermediates\transforms\stackFramesFixer\debug\22.jar --output C:\Users\Tareq Naji\AndroidStudioProjects\ALTARIQ_Restaurant\app\build\intermediates\transforms\desugar\debug\26.jar --input C:\Users\Tareq Naji\AndroidStudioProjects\ALTARIQ_Restaurant\app\build\intermediates\transforms\stackFramesFixer\debug\31.jar --output C:\Users\Tareq Naji\AndroidStudioProjects\ALTARIQ_Restaurant\app\build\intermediates\transforms\desugar\debug\35.jar --input C:\Users\Tareq Naji\AndroidStudioProjects\ALTARIQ_Restaurant\app\build\intermediates\transforms\stackFramesFixer\debug\18.jar --output C:\Users\Tareq Naji\AndroidStudioProjects\ALTARIQ_Restaurant\app\build\intermediates\transforms\desugar\debug\22.jar --input C:\Users\Tareq Naji\AndroidStudioProjects\ALTARIQ_Restaurant\app\build\intermediates\transforms\stackFramesFixer\debug\37.jar --output C:\Users\Tareq Naji\AndroidStudioProjects\ALTARIQ_Restaurant\app\build\intermediates\transforms\desugar\debug\41.jar --input C:\Users\Tareq Naji\AndroidStudioProjects\ALTARIQ_Restaurant\app\build\intermediates\transforms\stackFramesFixer\debug\8.jar --output C:\Users\Tareq Naji\AndroidStudioProjects\ALTARIQ_Restaurant\app\build\intermediates\transforms\desugar\debug\12.jar --input C:\Users\Tareq Naji\AndroidStudioProjects\ALTARIQ_Restaurant\app\build\intermediates\classes\debug --output C:\Users\Tareq Naji\AndroidStudioProjects\ALTARIQ_Restaurant\app\build\intermediates\transforms\desugar\debug\1 --input C:\Users\Tareq Naji\AndroidStudioProjects\ALTARIQ_Restaurant\app\build\intermediates\transforms\stackFramesFixer\debug\44.jar --output C:\Users\Tareq Naji\AndroidStudioProjects\ALTARIQ_Restaurant\app\build\intermediates\transforms\desugar\debug\48.jar --input C:\Users\Tareq Naji\AndroidStudioProjects\ALTARIQ_Restaurant\app\build\intermediates\transforms\stackFramesFixer\debug\48.jar --output C:\U
java_class_path (initial): C:\Users\Tareq Naji\AppData\Local\Temp\desugar_deploy.jar2038568132954709756
Launcher Type: SUN_STANDARD

Environment Variables:
PATH=C:\ProgramData\Oracle\Java\javapath;C:\Windows\system32;C:\Windows;C:\Windows\System32\Wbem;C:\Windows\System32\WindowsPowerShell\v1.0\;C:\Program Files (x86)\Intel\OpenCL SDK\2.0\bin\x86;C:\Program Files (x86)\Intel\OpenCL SDK\2.0\bin\x64;C:\Program Files\Microsoft SQL Server\120\DTS\Binn\;C:\Program Files\Microsoft SQL Server\Client SDK\ODBC\110\Tools\Binn\;C:\Program Files (x86)\Microsoft SQL Server\120\Tools\Binn\;C:\Program Files\Microsoft SQL Server\120\Tools\Binn\;C:\Program Files (x86)\Microsoft SQL Server\120\Tools\Binn\ManagementStudio\;C:\Program Files (x86)\Microsoft SQL Server\120\DTS\Binn\;C:\Program Files (x86)\Intel\OpenCL SDK\2.0\bin\x86;C:\Program Files (x86)\Intel\OpenCL SDK\2.0\bin\x64;E:\android-ndk-r10e\;C:\Program Files (x86)\GtkSharp\2.12\bin;C:\Program Files\Microsoft SQL Server\130\Tools\Binn\;C:\Program Files (x86)\Skype\Phone\;C:\Program Files\dotnet\;C:\Program Files\Git\cmd;C:\Program Files (x86)\Microsoft SQL Server\Client SDK\ODBC\130\Tools\Binn\;C:\Program Files (x86)\Microsoft SQL Server\140\Tools\Binn\;C:\Program Files (x86)\Microsoft SQL Server\140\DTS\Binn\;C:\Program Files (x86)\Microsoft SQL Server\140\Tools\Binn\ManagementStudio\;C:\Program Files\Microsoft SQL Server\Client SDK\ODBC\130\Tools\Binn\;C:\Program Files\Microsoft SQL Server\140\Tools\Binn\;C:\Program Files\Microsoft SQL Server\140\DTS\Binn\;C:\Users\Tareq Naji\.dnx\bin;E:\android-ndk-r13b
USERNAME=Tareq Naji
OS=Windows_NT
PROCESSOR_IDENTIFIER=Intel64 Family 6 Model 42 Stepping 7, GenuineIntel



---------------  S Y S T E M  ---------------

OS: Windows 8.1 , 64 bit Build 9600 (6.3.9600.17415)

CPU:total 4 (initial active 4) (2 cores per cpu, 2 threads per core) family 6 model 42 stepping 7, cmov, cx8, fxsr, mmx, sse, sse2, sse3, ssse3, sse4.1, sse4.2, popcnt, avx, aes, clmul, ht, tsc, tscinvbit

Memory: 4k page, physical 8321388k(234648k free), swap 11467116k(5108k free)

vm_info: OpenJDK 64-Bit Server VM (25.152-b01) for windows-amd64 JRE (1.8.0_152-release-915-b01), built by "builder" with MS VC++ 10.0 (VS2010)

time: Tue Mar 20 21:58:15 2018
elapsed time: 6 seconds (0d 0h 0m 6s)

