#
# There is insufficient memory for the Java Runtime Environment to continue.
# Native memory allocation (malloc) failed to allocate 2448656 bytes for Chunk::new
# Possible reasons:
#   The system is out of physical RAM or swap space
#   In 32 bit mode, the process size limit was hit
# Possible solutions:
#   Reduce memory load on the system
#   Increase physical memory or swap space
#   Check if swap backing store is full
#   Use 64 bit Java on a 64 bit OS
#   Decrease Java heap size (-Xmx/-Xms)
#   Decrease number of Java threads
#   Decrease Java thread stack sizes (-Xss)
#   Set larger code cache with -XX:ReservedCodeCacheSize=
# This output file may be truncated or incomplete.
#
#  Out of Memory Error (allocation.cpp:390), pid=3144, tid=0x0000000000001f74
#
# JRE version: OpenJDK Runtime Environment (8.0_152-b01) (build 1.8.0_152-release-915-b01)
# Java VM: OpenJDK 64-Bit Server VM (25.152-b01 mixed mode windows-amd64 compressed oops)
# Failed to write core dump. Minidumps are not enabled by default on client versions of Windows
#

---------------  T H R E A D  ---------------

Current thread (0x00000000130cf000):  JavaThread "C2 CompilerThread1" daemon [_thread_in_native, id=8052, stack(0x0000000014800000,0x0000000014900000)]

Stack: [0x0000000014800000,0x0000000014900000]
[error occurred during error reporting (printing stack bounds), id 0xc0000005]

Native frames: (J=compiled Java code, j=interpreted, Vv=VM code, C=native code)


Current CompileTask:
C2:   7261  898 %     4       org.objectweb.asm.ClassReader::a @ 1360 (3587 bytes)


---------------  P R O C E S S  ---------------

Java Threads: ( => current thread )
  0x0000000014956000 JavaThread "Service Thread" daemon [_thread_blocked, id=7544, stack(0x0000000014e00000,0x0000000014f00000)]
  0x00000000130d3000 JavaThread "C1 CompilerThread2" daemon [_thread_blocked, id=4512, stack(0x0000000014d00000,0x0000000014e00000)]
=>0x00000000130cf000 JavaThread "C2 CompilerThread1" daemon [_thread_in_native, id=8052, stack(0x0000000014800000,0x0000000014900000)]
  0x00000000130cb800 JavaThread "C2 CompilerThread0" daemon [_thread_blocked, id=10684, stack(0x0000000014700000,0x0000000014800000)]
  0x00000000130cb000 JavaThread "Attach Listener" daemon [_thread_blocked, id=1508, stack(0x0000000014600000,0x0000000014700000)]
  0x0000000013117800 JavaThread "Signal Dispatcher" daemon [_thread_blocked, id=8496, stack(0x0000000014500000,0x0000000014600000)]
  0x00000000130ae000 JavaThread "Finalizer" daemon [_thread_blocked, id=7164, stack(0x0000000014320000,0x0000000014420000)]
  0x0000000002d57000 JavaThread "Reference Handler" daemon [_thread_blocked, id=5900, stack(0x0000000014220000,0x0000000014320000)]
  0x0000000002c65000 JavaThread "main" [_thread_in_Java, id=6732, stack(0x0000000002b60000,0x0000000002c60000)]

Other Threads:
  0x0000000013085800 VMThread [stack: 0x0000000014120000,0x0000000014220000] [id=8796]
  0x0000000014957000 WatcherThread [stack: 0x0000000014f00000,0x0000000015000000] [id=908]

VM state:not at safepoint (normal execution)

VM Mutex/Monitor currently owned by a thread: None

Heap:
 PSYoungGen      total 18944K, used 18697K [0x00000000feb00000, 0x0000000100000000, 0x0000000100000000)
  eden space 16384K, 98% used [0x00000000feb00000,0x00000000ffac6708,0x00000000ffb00000)
  from space 2560K, 99% used [0x00000000ffb00000,0x00000000ffd7c020,0x00000000ffd80000)
  to   space 2560K, 0% used [0x00000000ffd80000,0x00000000ffd80000,0x0000000100000000)
 ParOldGen       total 44032K, used 1628K [0x00000000fc000000, 0x00000000feb00000, 0x00000000feb00000)
  object space 44032K, 3% used [0x00000000fc000000,0x00000000fc197058,0x00000000feb00000)
 Metaspace       used 7580K, capacity 7720K, committed 7936K, reserved 1056768K
  class space    used 872K, capacity 956K, committed 1024K, reserved 1048576K

Card table byte_map: [0x0000000001250000,0x0000000001280000] byte_map_base: 0x0000000000a70000

Marking Bits: (ParMarkBitMap*) 0x000000006f613950
 Begin Bits: [0x0000000012520000, 0x0000000012620000)
 End Bits:   [0x0000000012620000, 0x0000000012720000)

Polling page: 0x0000000001210000

CodeCache: size=245760Kb used=3513Kb max_used=3524Kb free=242246Kb
 bounds [0x0000000002d60000, 0x00000000030e0000, 0x0000000011d60000]
 total_blobs=1231 nmethods=899 adapters=246
 compilation: enabled

Compilation events (10 events):
Event: 6.785 Thread 0x00000000130cb800 nmethod 894 0x00000000030cfc10 code [0x00000000030cfda0, 0x00000000030d0418]
Event: 6.788 Thread 0x00000000130cf000  895       4       org.objectweb.asm.Item::<init> (66 bytes)
Event: 6.789 Thread 0x00000000130cf000 nmethod 895 0x0000000003063e10 code [0x0000000003063f40, 0x0000000003063ff8]
Event: 6.789 Thread 0x00000000130cb800  896       4       org.objectweb.asm.ClassWriter::b (152 bytes)
Event: 6.796 Thread 0x00000000130cb800 nmethod 896 0x00000000030ce490 code [0x00000000030ce600, 0x00000000030ce978]
Event: 6.801 Thread 0x00000000130cf000  898 %     4       org.objectweb.asm.ClassReader::a @ 1360 (3587 bytes)
Event: 6.991 Thread 0x00000000130d3000  899       3       org.objectweb.asm.Type::getArgumentsAndReturnSizes (151 bytes)
Event: 6.992 Thread 0x00000000130d3000 nmethod 899 0x00000000030ccf90 code [0x00000000030cd1c0, 0x00000000030cdf58]
Event: 6.993 Thread 0x00000000130cb800  900       4       org.objectweb.asm.ByteVector::b (64 bytes)
Event: 6.995 Thread 0x00000000130cb800 nmethod 900 0x00000000030ccb50 code [0x00000000030ccca0, 0x00000000030cce48]

GC Heap History (2 events):
Event: 1.588 GC heap before
{Heap before GC invocations=1 (full 0):
 PSYoungGen      total 18944K, used 16384K [0x00000000feb00000, 0x0000000100000000, 0x0000000100000000)
  eden space 16384K, 100% used [0x00000000feb00000,0x00000000ffb00000,0x00000000ffb00000)
  from space 2560K, 0% used [0x00000000ffd80000,0x00000000ffd80000,0x0000000100000000)
  to   space 2560K, 0% used [0x00000000ffb00000,0x00000000ffb00000,0x00000000ffd80000)
 ParOldGen       total 44032K, used 0K [0x00000000fc000000, 0x00000000feb00000, 0x00000000feb00000)
  object space 44032K, 0% used [0x00000000fc000000,0x00000000fc000000,0x00000000feb00000)
 Metaspace       used 6586K, capacity 6746K, committed 7040K, reserved 1056768K
  class space    used 773K, capacity 823K, committed 896K, reserved 1048576K
Event: 1.627 GC heap after
Heap after GC invocations=1 (full 0):
 PSYoungGen      total 18944K, used 2544K [0x00000000feb00000, 0x0000000100000000, 0x0000000100000000)
  eden space 16384K, 0% used [0x00000000feb00000,0x00000000feb00000,0x00000000ffb00000)
  from space 2560K, 99% used [0x00000000ffb00000,0x00000000ffd7c020,0x00000000ffd80000)
  to   space 2560K, 0% used [0x00000000ffd80000,0x00000000ffd80000,0x0000000100000000)
 ParOldGen       total 44032K, used 1628K [0x00000000fc000000, 0x00000000feb00000, 0x00000000feb00000)
  object space 44032K, 3% used [0x00000000fc000000,0x00000000fc197058,0x00000000feb00000)
 Metaspace       used 6586K, capacity 6746K, committed 7040K, reserved 1056768K
  class space    used 773K, capacity 823K, committed 896K, reserved 1048576K
}

Deoptimization events (10 events):
Event: 1.497 Thread 0x0000000002c65000 Uncommon trap: reason=unstable_if action=reinterpret pc=0x0000000002f7f39c method=java.util.zip.ZipFile$ZipEntryIterator.hasNext()Z @ 25
Event: 1.498 Thread 0x0000000002c65000 Uncommon trap: reason=unstable_if action=reinterpret pc=0x0000000002f8c84c method=java.util.zip.ZipCoder.decoder()Ljava/nio/charset/CharsetDecoder; @ 4
Event: 1.701 Thread 0x0000000002c65000 Uncommon trap: reason=unstable_if action=reinterpret pc=0x0000000002f8ed0c method=java.util.zip.ZipCoder.decoder()Ljava/nio/charset/CharsetDecoder; @ 4
Event: 1.703 Thread 0x0000000002c65000 Uncommon trap: reason=unstable_if action=reinterpret pc=0x0000000002f8209c method=java.util.zip.ZipCoder.decoder()Ljava/nio/charset/CharsetDecoder; @ 4
Event: 1.703 Thread 0x0000000002c65000 Uncommon trap: reason=unstable_if action=reinterpret pc=0x0000000002f7be6c method=java.util.zip.ZipCoder.decoder()Ljava/nio/charset/CharsetDecoder; @ 4
Event: 1.946 Thread 0x0000000002c65000 Uncommon trap: reason=unloaded action=reinterpret pc=0x0000000002f7ab7c method=java.util.zip.ZipEntry.setExtra0([BZ)V @ 37
Event: 2.323 Thread 0x0000000002c65000 Uncommon trap: reason=unstable_if action=reinterpret pc=0x0000000002f5856c method=java.lang.String.<init>([CII)V @ 18
Event: 2.665 Thread 0x0000000002c65000 Uncommon trap: reason=unstable_if action=reinterpret pc=0x000000000305473c method=java.lang.String.<init>([CII)V @ 18
Event: 4.471 Thread 0x0000000002c65000 Uncommon trap: reason=unstable_if action=reinterpret pc=0x000000000305598c method=java.lang.String.<init>([CII)V @ 18
Event: 6.799 Thread 0x0000000002c65000 Uncommon trap: reason=unstable_if action=reinterpret pc=0x0000000003090358 method=org.objectweb.asm.Type.getArgumentsAndReturnSizes(Ljava/lang/String;)I @ 47

Classes redefined (0 events):
No events

Internal exceptions (10 events):
Event: 1.827 Thread 0x0000000002c65000 Exception <a 'sun/nio/fs/WindowsException'> (0x00000000ff181e60) thrown at [D:\src\AOSP-openjdk-cygwin\jdk8u\hotspot\src\share\vm\prims\jni.cpp, line 709]
Event: 1.829 Thread 0x0000000002c65000 Exception <a 'sun/nio/fs/WindowsException'> (0x00000000ff1872c8) thrown at [D:\src\AOSP-openjdk-cygwin\jdk8u\hotspot\src\share\vm\prims\jni.cpp, line 709]
Event: 2.009 Thread 0x0000000002c65000 Exception <a 'sun/nio/fs/WindowsException'> (0x00000000ff51a250) thrown at [D:\src\AOSP-openjdk-cygwin\jdk8u\hotspot\src\share\vm\prims\jni.cpp, line 709]
Event: 2.010 Thread 0x0000000002c65000 Exception <a 'sun/nio/fs/WindowsException'> (0x00000000ff51a810) thrown at [D:\src\AOSP-openjdk-cygwin\jdk8u\hotspot\src\share\vm\prims\jni.cpp, line 709]
Event: 2.598 Thread 0x0000000002c65000 Exception <a 'sun/nio/fs/WindowsException'> (0x00000000ff7a51c8) thrown at [D:\src\AOSP-openjdk-cygwin\jdk8u\hotspot\src\share\vm\prims\jni.cpp, line 709]
Event: 2.598 Thread 0x0000000002c65000 Exception <a 'sun/nio/fs/WindowsException'> (0x00000000ff7a5708) thrown at [D:\src\AOSP-openjdk-cygwin\jdk8u\hotspot\src\share\vm\prims\jni.cpp, line 709]
Event: 2.680 Thread 0x0000000002c65000 Exception <a 'sun/nio/fs/WindowsException'> (0x00000000ff8039b8) thrown at [D:\src\AOSP-openjdk-cygwin\jdk8u\hotspot\src\share\vm\prims\jni.cpp, line 709]
Event: 2.680 Thread 0x0000000002c65000 Exception <a 'sun/nio/fs/WindowsException'> (0x00000000ff803ef8) thrown at [D:\src\AOSP-openjdk-cygwin\jdk8u\hotspot\src\share\vm\prims\jni.cpp, line 709]
Event: 5.942 Thread 0x0000000002c65000 Exception <a 'sun/nio/fs/WindowsException'> (0x00000000ff8c6970) thrown at [D:\src\AOSP-openjdk-cygwin\jdk8u\hotspot\src\share\vm\prims\jni.cpp, line 709]
Event: 5.942 Thread 0x0000000002c65000 Exception <a 'sun/nio/fs/WindowsException'> (0x00000000ff8c6eb0) thrown at [D:\src\AOSP-openjdk-cygwin\jdk8u\hotspot\src\share\vm\prims\jni.cpp, line 709]

Events (10 events):
Event: 2.665 Thread 0x0000000002c65000 DEOPT PACKING pc=0x000000000305473c sp=0x0000000002c5f130
Event: 2.665 Thread 0x0000000002c65000 DEOPT UNPACKING pc=0x0000000002da556a sp=0x0000000002c5efd8 mode 2
Event: 4.339 Executing VM operation: EnableBiasedLocking
Event: 4.339 Executing VM operation: EnableBiasedLocking done
Event: 4.471 Thread 0x0000000002c65000 Uncommon trap: trap_request=0xffffff65 fr.pc=0x000000000305598c
Event: 4.471 Thread 0x0000000002c65000 DEOPT PACKING pc=0x000000000305598c sp=0x0000000002c5eba0
Event: 4.471 Thread 0x0000000002c65000 DEOPT UNPACKING pc=0x0000000002da556a sp=0x0000000002c5eac0 mode 2
Event: 6.799 Thread 0x0000000002c65000 Uncommon trap: trap_request=0xffffff65 fr.pc=0x0000000003090358
Event: 6.799 Thread 0x0000000002c65000 DEOPT PACKING pc=0x0000000003090358 sp=0x0000000002c5ea60
Event: 6.799 Thread 0x0000000002c65000 DEOPT UNPACKING pc=0x0000000002da556a sp=0x0000000002c5e9e8 mode 2


Dynamic libraries:
0x00007ff67b3f0000 - 0x00007ff67b421000 	C:\Program Files\Android\Android Studio\jre\bin\java.exe
0x00007ffbee940000 - 0x00007ffbeeaed000 	C:\Windows\SYSTEM32\ntdll.dll
0x00007ffbec4b0000 - 0x00007ffbec5ee000 	C:\Windows\system32\KERNEL32.DLL
0x00007ffbebb60000 - 0x00007ffbebc75000 	C:\Windows\system32\KERNELBASE.dll
0x00007ffbedeb0000 - 0x00007ffbedf5a000 	C:\Windows\system32\ADVAPI32.dll
0x00007ffbee110000 - 0x00007ffbee287000 	C:\Windows\system32\USER32.dll
0x00007ffbe9780000 - 0x00007ffbe99fb000 	C:\Windows\WinSxS\amd64_microsoft.windows.common-controls_6595b64144ccf1df_6.0.9600.18006_none_623f33d3ecbe86e8\COMCTL32.dll
0x00007ffbedb90000 - 0x00007ffbedc3a000 	C:\Windows\system32\msvcrt.dll
0x00007ffbee4d0000 - 0x00007ffbee529000 	C:\Windows\SYSTEM32\sechost.dll
0x00007ffbebfd0000 - 0x00007ffbec110000 	C:\Windows\system32\RPCRT4.dll
0x00007ffbedfc0000 - 0x00007ffbee10f000 	C:\Windows\system32\GDI32.dll
0x00007ffbebb30000 - 0x00007ffbebb5e000 	C:\Windows\system32\SspiCli.dll
0x00007ffbec470000 - 0x00007ffbec4a6000 	C:\Windows\system32\IMM32.DLL
0x00007ffbec310000 - 0x00007ffbec462000 	C:\Windows\system32\MSCTF.dll
0x000000006ed70000 - 0x000000006ee42000 	C:\Program Files\Android\Android Studio\jre\jre\bin\msvcr100.dll
0x000000006ee50000 - 0x000000006f68e000 	C:\Program Files\Android\Android Studio\jre\jre\bin\server\jvm.dll
0x00007ffbe4260000 - 0x00007ffbe4269000 	C:\Windows\SYSTEM32\WSOCK32.dll
0x00007ffbd8d20000 - 0x00007ffbd8d42000 	C:\Windows\SYSTEM32\WINMM.dll
0x00007ffbe5bd0000 - 0x00007ffbe5bda000 	C:\Windows\SYSTEM32\VERSION.dll
0x00007ffbedb20000 - 0x00007ffbedb27000 	C:\Windows\system32\PSAPI.DLL
0x00007ffbedf60000 - 0x00007ffbedfba000 	C:\Windows\system32\WS2_32.dll
0x00007ffbd8cf0000 - 0x00007ffbd8d1a000 	C:\Windows\SYSTEM32\WINMMBASE.dll
0x00007ffbebfc0000 - 0x00007ffbebfc9000 	C:\Windows\system32\NSI.dll
0x00007ffbebd90000 - 0x00007ffbebddf000 	C:\Windows\SYSTEM32\cfgmgr32.dll
0x00007ffbea890000 - 0x00007ffbea8b8000 	C:\Windows\SYSTEM32\DEVOBJ.dll
0x00007ffbc9b00000 - 0x00007ffbc9b0f000 	C:\Program Files\Android\Android Studio\jre\jre\bin\verify.dll
0x00007ffbc0740000 - 0x00007ffbc0769000 	C:\Program Files\Android\Android Studio\jre\jre\bin\java.dll
0x00007ffbc0720000 - 0x00007ffbc0736000 	C:\Program Files\Android\Android Studio\jre\jre\bin\zip.dll
0x00007ffbec5f0000 - 0x00007ffbedb18000 	C:\Windows\system32\SHELL32.dll
0x00007ffbee720000 - 0x00007ffbee931000 	C:\Windows\SYSTEM32\combase.dll
0x00007ffbedb30000 - 0x00007ffbedb84000 	C:\Windows\system32\SHLWAPI.dll
0x00007ffbea000000 - 0x00007ffbea0b2000 	C:\Windows\SYSTEM32\SHCORE.dll
0x00007ffbeba60000 - 0x00007ffbeba75000 	C:\Windows\SYSTEM32\profapi.dll
0x00007ffbeb360000 - 0x00007ffbeb380000 	C:\Windows\SYSTEM32\CRYPTSP.dll
0x00007ffbeaf80000 - 0x00007ffbeafb6000 	C:\Windows\system32\rsaenh.dll
0x00007ffbeb5b0000 - 0x00007ffbeb5d6000 	C:\Windows\SYSTEM32\bcrypt.dll
0x00007ffbeb090000 - 0x00007ffbeb0b1000 	C:\Windows\SYSTEM32\USERENV.dll
0x00007ffbeb8c0000 - 0x00007ffbeb923000 	C:\Windows\system32\bcryptprimitives.dll
0x00007ffbeb930000 - 0x00007ffbeb93b000 	C:\Windows\SYSTEM32\CRYPTBASE.dll
0x00007ffbd02d0000 - 0x00007ffbd02ea000 	C:\Program Files\Android\Android Studio\jre\jre\bin\net.dll
0x00007ffbeb300000 - 0x00007ffbeb359000 	C:\Windows\system32\mswsock.dll
0x00007ffbe6f50000 - 0x00007ffbe6f7a000 	C:\Windows\SYSTEM32\IPHLPAPI.DLL
0x00007ffbe6f30000 - 0x00007ffbe6f3a000 	C:\Windows\SYSTEM32\WINNSI.DLL
0x00007ffbe6a10000 - 0x00007ffbe6a26000 	C:\Windows\SYSTEM32\dhcpcsvc6.DLL
0x00007ffbe6b80000 - 0x00007ffbe6b9a000 	C:\Windows\SYSTEM32\dhcpcsvc.DLL
0x00007ffbcdd70000 - 0x00007ffbcdd81000 	C:\Program Files\Android\Android Studio\jre\jre\bin\nio.dll

VM Arguments:
jvm_args: -Djava.awt.headless=true -Xmx64M -Dfile.encoding=windows-1256 -Duser.country=US -Duser.language=en -Duser.variant 
java_command: com.google.devtools.build.android.desugar.Desugar --input C:\Users\Tareq Naji\AndroidStudioProjects\ALTARIQ_Restaurant\app\build\intermediates\transforms\stackFramesFixer\debug\14.jar --output C:\Users\Tareq Naji\AndroidStudioProjects\ALTARIQ_Restaurant\app\build\intermediates\transforms\desugar\debug\16.jar --input C:\Users\Tareq Naji\AndroidStudioProjects\ALTARIQ_Restaurant\app\build\intermediates\transforms\stackFramesFixer\debug\26.jar --output C:\Users\Tareq Naji\AndroidStudioProjects\ALTARIQ_Restaurant\app\build\intermediates\transforms\desugar\debug\28.jar --input C:\Users\Tareq Naji\AndroidStudioProjects\ALTARIQ_Restaurant\app\build\intermediates\transforms\stackFramesFixer\debug\29.jar --output C:\Users\Tareq Naji\AndroidStudioProjects\ALTARIQ_Restaurant\app\build\intermediates\transforms\desugar\debug\31.jar --input C:\Users\Tareq Naji\AndroidStudioProjects\ALTARIQ_Restaurant\app\build\intermediates\transforms\stackFramesFixer\debug\2.jar --output C:\Users\Tareq Naji\AndroidStudioProjects\ALTARIQ_Restaurant\app\build\intermediates\transforms\desugar\debug\4.jar --input C:\Users\Tareq Naji\AndroidStudioProjects\ALTARIQ_Restaurant\app\build\intermediates\transforms\stackFramesFixer\debug\24.jar --output C:\Users\Tareq Naji\AndroidStudioProjects\ALTARIQ_Restaurant\app\build\intermediates\transforms\desugar\debug\26.jar --input C:\Users\Tareq Naji\AndroidStudioProjects\ALTARIQ_Restaurant\app\build\intermediates\transforms\stackFramesFixer\debug\23.jar --output C:\Users\Tareq Naji\AndroidStudioProjects\ALTARIQ_Restaurant\app\build\intermediates\transforms\desugar\debug\25.jar --input C:\Users\Tareq Naji\AndroidStudioProjects\ALTARIQ_Restaurant\app\build\intermediates\transforms\stackFramesFixer\debug\6.jar --output C:\Users\Tareq Naji\AndroidStudioProjects\ALTARIQ_Restaurant\app\build\intermediates\transforms\desugar\debug\8.jar --input C:\Users\Tareq Naji\AndroidStudioProjects\ALTARIQ_Restaurant\app\build\tmp\kapt3\classes\debug --output C:\Use
java_class_path (initial): C:\Users\Tareq Naji\AppData\Local\Temp\desugar_deploy.jar3103544775793964176
Launcher Type: SUN_STANDARD

Environment Variables:
PATH=C:\ProgramData\Oracle\Java\javapath;C:\Windows\system32;C:\Windows;C:\Windows\System32\Wbem;C:\Windows\System32\WindowsPowerShell\v1.0\;C:\Program Files (x86)\Intel\OpenCL SDK\2.0\bin\x86;C:\Program Files (x86)\Intel\OpenCL SDK\2.0\bin\x64;C:\Program Files\Microsoft SQL Server\120\DTS\Binn\;C:\Program Files\Microsoft SQL Server\Client SDK\ODBC\110\Tools\Binn\;C:\Program Files (x86)\Microsoft SQL Server\120\Tools\Binn\;C:\Program Files\Microsoft SQL Server\120\Tools\Binn\;C:\Program Files (x86)\Microsoft SQL Server\120\Tools\Binn\ManagementStudio\;C:\Program Files (x86)\Microsoft SQL Server\120\DTS\Binn\;C:\Program Files (x86)\Intel\OpenCL SDK\2.0\bin\x86;C:\Program Files (x86)\Intel\OpenCL SDK\2.0\bin\x64;E:\android-ndk-r10e\;C:\Program Files (x86)\GtkSharp\2.12\bin;C:\Program Files\Microsoft SQL Server\130\Tools\Binn\;C:\Program Files (x86)\Skype\Phone\;C:\Program Files\dotnet\;C:\Program Files\Git\cmd;C:\Program Files (x86)\Microsoft SQL Server\Client SDK\ODBC\130\Tools\Binn\;C:\Program Files (x86)\Microsoft SQL Server\140\Tools\Binn\;C:\Program Files (x86)\Microsoft SQL Server\140\DTS\Binn\;C:\Program Files (x86)\Microsoft SQL Server\140\Tools\Binn\ManagementStudio\;C:\Program Files\Microsoft SQL Server\Client SDK\ODBC\130\Tools\Binn\;C:\Program Files\Microsoft SQL Server\140\Tools\Binn\;C:\Program Files\Microsoft SQL Server\140\DTS\Binn\;C:\Users\Tareq Naji\.dnx\bin;E:\android-ndk-r13b
USERNAME=Tareq Naji
OS=Windows_NT
PROCESSOR_IDENTIFIER=Intel64 Family 6 Model 42 Stepping 7, GenuineIntel



---------------  S Y S T E M  ---------------

OS: Windows 8.1 , 64 bit Build 9600 (6.3.9600.17415)

CPU:total 4 (initial active 4) (2 cores per cpu, 2 threads per core) family 6 model 42 stepping 7, cmov, cx8, fxsr, mmx, sse, sse2, sse3, ssse3, sse4.1, sse4.2, popcnt, avx, aes, clmul, ht, tsc, tscinvbit

Memory: 4k page, physical 8321388k(751312k free), swap 9462972k(4724k free)

vm_info: OpenJDK 64-Bit Server VM (25.152-b01) for windows-amd64 JRE (1.8.0_152-release-915-b01), built by "builder" with MS VC++ 10.0 (VS2010)

time: Mon Mar 12 16:36:55 2018
elapsed time: 7 seconds (0d 0h 0m 7s)

