#
# There is insufficient memory for the Java Runtime Environment to continue.
# Native memory allocation (malloc) failed to allocate 131088 bytes for Chunk::new
# Possible reasons:
#   The system is out of physical RAM or swap space
#   In 32 bit mode, the process size limit was hit
# Possible solutions:
#   Reduce memory load on the system
#   Increase physical memory or swap space
#   Check if swap backing store is full
#   Use 64 bit Java on a 64 bit OS
#   Decrease Java heap size (-Xmx/-Xms)
#   Decrease number of Java threads
#   Decrease Java thread stack sizes (-Xss)
#   Set larger code cache with -XX:ReservedCodeCacheSize=
# This output file may be truncated or incomplete.
#
#  Out of Memory Error (allocation.cpp:390), pid=2320, tid=0x00000000000018f0
#
# JRE version: OpenJDK Runtime Environment (8.0_152-b01) (build 1.8.0_152-release-915-b01)
# Java VM: OpenJDK 64-Bit Server VM (25.152-b01 mixed mode windows-amd64 compressed oops)
# Failed to write core dump. Minidumps are not enabled by default on client versions of Windows
#

---------------  T H R E A D  ---------------

Current thread (0x0000000012cad000):  JavaThread "C2 CompilerThread0" daemon [_thread_in_native, id=6384, stack(0x00000000142e0000,0x00000000143e0000)]

Stack: [0x00000000142e0000,0x00000000143e0000]
[error occurred during error reporting (printing stack bounds), id 0xc0000005]

Native frames: (J=compiled Java code, j=interpreted, Vv=VM code, C=native code)


Current CompileTask:
C2:   6453  887 %     4       org.objectweb.asm.ClassReader::a @ 1480 (3587 bytes)


---------------  P R O C E S S  ---------------

Java Threads: ( => current thread )
  0x0000000014436800 JavaThread "Service Thread" daemon [_thread_blocked, id=6636, stack(0x00000000149e0000,0x0000000014ae0000)]
  0x0000000014432000 JavaThread "C1 CompilerThread2" daemon [_thread_in_native, id=856, stack(0x00000000148e0000,0x00000000149e0000)]
  0x0000000012cb5000 JavaThread "C2 CompilerThread1" daemon [_thread_in_native, id=3488, stack(0x00000000147e0000,0x00000000148e0000)]
=>0x0000000012cad000 JavaThread "C2 CompilerThread0" daemon [_thread_in_native, id=6384, stack(0x00000000142e0000,0x00000000143e0000)]
  0x0000000012cac000 JavaThread "Attach Listener" daemon [_thread_blocked, id=10072, stack(0x00000000141e0000,0x00000000142e0000)]
  0x0000000012c9d800 JavaThread "Signal Dispatcher" daemon [_thread_blocked, id=10048, stack(0x00000000140e0000,0x00000000141e0000)]
  0x000000000293e000 JavaThread "Finalizer" daemon [_thread_blocked, id=3856, stack(0x0000000013f00000,0x0000000014000000)]
  0x0000000002938800 JavaThread "Reference Handler" daemon [_thread_blocked, id=3456, stack(0x0000000013e00000,0x0000000013f00000)]
  0x0000000002846800 JavaThread "main" [_thread_in_Java, id=5840, stack(0x00000000026f0000,0x00000000027f0000)]

Other Threads:
  0x0000000012c64800 VMThread [stack: 0x0000000013d00000,0x0000000013e00000] [id=6176]
  0x0000000014438800 WatcherThread [stack: 0x0000000014ae0000,0x0000000014be0000] [id=10088]

VM state:not at safepoint (normal execution)

VM Mutex/Monitor currently owned by a thread: None

Heap:
 PSYoungGen      total 18944K, used 2854K [0x00000000feb00000, 0x0000000100000000, 0x0000000100000000)
  eden space 16384K, 1% used [0x00000000feb00000,0x00000000feb50d08,0x00000000ffb00000)
  from space 2560K, 98% used [0x00000000ffd80000,0x00000000ffff8bd0,0x0000000100000000)
  to   space 2560K, 0% used [0x00000000ffb00000,0x00000000ffb00000,0x00000000ffd80000)
 ParOldGen       total 44032K, used 5382K [0x00000000fc000000, 0x00000000feb00000, 0x00000000feb00000)
  object space 44032K, 12% used [0x00000000fc000000,0x00000000fc541ac0,0x00000000feb00000)
 Metaspace       used 7602K, capacity 7784K, committed 7936K, reserved 1056768K
  class space    used 872K, capacity 956K, committed 1024K, reserved 1048576K

Card table byte_map: [0x0000000000f90000,0x0000000000fc0000] byte_map_base: 0x00000000007b0000

Marking Bits: (ParMarkBitMap*) 0x000000005bdd3950
 Begin Bits: [0x0000000012100000, 0x0000000012200000)
 End Bits:   [0x0000000012200000, 0x0000000012300000)

Polling page: 0x0000000000cd0000

CodeCache: size=245760Kb used=3443Kb max_used=3446Kb free=242316Kb
 bounds [0x0000000002940000, 0x0000000002cb0000, 0x0000000011940000]
 total_blobs=1226 nmethods=894 adapters=246
 compilation: enabled

Compilation events (10 events):
Event: 5.374 Thread 0x0000000014432000 nmethod 891 0x0000000002ca0150 code [0x0000000002ca02c0, 0x0000000002ca05e8]
Event: 5.374 Thread 0x0000000014432000  892       3       org.objectweb.asm.ClassVisitor::visitEnd (15 bytes)
Event: 5.374 Thread 0x0000000014432000 nmethod 892 0x0000000002c9fcd0 code [0x0000000002c9fe40, 0x0000000002ca00a8]
Event: 5.374 Thread 0x0000000014432000  893       3       com.google.common.base.Preconditions::checkArgument (34 bytes)
Event: 5.375 Thread 0x0000000014432000 nmethod 893 0x0000000002c9f290 code [0x0000000002c9f440, 0x0000000002c9fa98]
Event: 5.503 Thread 0x0000000014432000  894       3       org.objectweb.asm.MethodVisitor::visitIntInsn (17 bytes)
Event: 5.503 Thread 0x0000000014432000 nmethod 894 0x0000000002c9edd0 code [0x0000000002c9ef40, 0x0000000002c9f1a8]
Event: 5.531 Thread 0x0000000014432000  895       3       org.objectweb.asm.tree.MethodNode::visitLdcInsn (16 bytes)
Event: 5.532 Thread 0x0000000014432000 nmethod 895 0x0000000002c9e750 code [0x0000000002c9e8e0, 0x0000000002c9ec28]
Event: 5.532 Thread 0x0000000014432000  896       3       org.objectweb.asm.tree.LdcInsnNode::accept (14 bytes)

GC Heap History (4 events):
Event: 2.593 GC heap before
{Heap before GC invocations=1 (full 0):
 PSYoungGen      total 18944K, used 16384K [0x00000000feb00000, 0x0000000100000000, 0x0000000100000000)
  eden space 16384K, 100% used [0x00000000feb00000,0x00000000ffb00000,0x00000000ffb00000)
  from space 2560K, 0% used [0x00000000ffd80000,0x00000000ffd80000,0x0000000100000000)
  to   space 2560K, 0% used [0x00000000ffb00000,0x00000000ffb00000,0x00000000ffd80000)
 ParOldGen       total 44032K, used 0K [0x00000000fc000000, 0x00000000feb00000, 0x00000000feb00000)
  object space 44032K, 0% used [0x00000000fc000000,0x00000000fc000000,0x00000000feb00000)
 Metaspace       used 6564K, capacity 6682K, committed 6784K, reserved 1056768K
  class space    used 772K, capacity 823K, committed 896K, reserved 1048576K
Event: 2.606 GC heap after
Heap after GC invocations=1 (full 0):
 PSYoungGen      total 18944K, used 2532K [0x00000000feb00000, 0x0000000100000000, 0x0000000100000000)
  eden space 16384K, 0% used [0x00000000feb00000,0x00000000feb00000,0x00000000ffb00000)
  from space 2560K, 98% used [0x00000000ffb00000,0x00000000ffd79328,0x00000000ffd80000)
  to   space 2560K, 0% used [0x00000000ffd80000,0x00000000ffd80000,0x0000000100000000)
 ParOldGen       total 44032K, used 1666K [0x00000000fc000000, 0x00000000feb00000, 0x00000000feb00000)
  object space 44032K, 3% used [0x00000000fc000000,0x00000000fc1a09d0,0x00000000feb00000)
 Metaspace       used 6564K, capacity 6682K, committed 6784K, reserved 1056768K
  class space    used 772K, capacity 823K, committed 896K, reserved 1048576K
}
Event: 5.532 GC heap before
{Heap before GC invocations=2 (full 0):
 PSYoungGen      total 18944K, used 18916K [0x00000000feb00000, 0x0000000100000000, 0x0000000100000000)
  eden space 16384K, 100% used [0x00000000feb00000,0x00000000ffb00000,0x00000000ffb00000)
  from space 2560K, 98% used [0x00000000ffb00000,0x00000000ffd79328,0x00000000ffd80000)
  to   space 2560K, 0% used [0x00000000ffd80000,0x00000000ffd80000,0x0000000100000000)
 ParOldGen       total 44032K, used 1666K [0x00000000fc000000, 0x00000000feb00000, 0x00000000feb00000)
  object space 44032K, 3% used [0x00000000fc000000,0x00000000fc1a09d0,0x00000000feb00000)
 Metaspace       used 7600K, capacity 7784K, committed 7936K, reserved 1056768K
  class space    used 872K, capacity 956K, committed 1024K, reserved 1048576K
Event: 6.233 GC heap after
Heap after GC invocations=2 (full 0):
 PSYoungGen      total 18944K, used 2530K [0x00000000feb00000, 0x0000000100000000, 0x0000000100000000)
  eden space 16384K, 0% used [0x00000000feb00000,0x00000000feb00000,0x00000000ffb00000)
  from space 2560K, 98% used [0x00000000ffd80000,0x00000000ffff8bd0,0x0000000100000000)
  to   space 2560K, 0% used [0x00000000ffb00000,0x00000000ffb00000,0x00000000ffd80000)
 ParOldGen       total 44032K, used 5382K [0x00000000fc000000, 0x00000000feb00000, 0x00000000feb00000)
  object space 44032K, 12% used [0x00000000fc000000,0x00000000fc541ac0,0x00000000feb00000)
 Metaspace       used 7600K, capacity 7784K, committed 7936K, reserved 1056768K
  class space    used 872K, capacity 956K, committed 1024K, reserved 1048576K
}

Deoptimization events (10 events):
Event: 2.485 Thread 0x0000000002846800 Uncommon trap: reason=unstable_if action=reinterpret pc=0x0000000002b5d178 method=java.util.zip.ZipCoder.decoder()Ljava/nio/charset/CharsetDecoder; @ 4
Event: 2.490 Thread 0x0000000002846800 Uncommon trap: reason=unstable_if action=reinterpret pc=0x0000000002b54a5c method=java.util.zip.ZipCoder.decoder()Ljava/nio/charset/CharsetDecoder; @ 4
Event: 2.812 Thread 0x0000000002846800 Uncommon trap: reason=unstable_if action=reinterpret pc=0x0000000002b61d0c method=java.util.zip.ZipCoder.decoder()Ljava/nio/charset/CharsetDecoder; @ 4
Event: 2.828 Thread 0x0000000002846800 Uncommon trap: reason=unstable_if action=reinterpret pc=0x0000000002b6e008 method=java.util.HashMap$HashIterator.nextNode()Ljava/util/HashMap$Node; @ 74
Event: 2.892 Thread 0x0000000002846800 Uncommon trap: reason=unloaded action=reinterpret pc=0x0000000002b5fd3c method=java.util.zip.ZipEntry.setExtra0([BZ)V @ 37
Event: 2.997 Thread 0x0000000002846800 Uncommon trap: reason=unstable_if action=reinterpret pc=0x0000000002b696c8 method=java.util.HashMap$HashIterator.nextNode()Ljava/util/HashMap$Node; @ 74
Event: 4.430 Thread 0x0000000002846800 Uncommon trap: reason=unstable_if action=reinterpret pc=0x0000000002b3052c method=java.lang.String.<init>([CII)V @ 18
Event: 5.036 Thread 0x0000000002846800 Uncommon trap: reason=unstable_if action=reinterpret pc=0x0000000002bffa9c method=org.objectweb.asm.ClassReader.readUTF8(I[C)Ljava/lang/String; @ 7
Event: 5.332 Thread 0x0000000002846800 Uncommon trap: reason=unstable_if action=reinterpret pc=0x0000000002c5c900 method=org.objectweb.asm.Item.a(Lorg/objectweb/asm/Item;)Z @ 345
Event: 5.356 Thread 0x0000000002846800 Uncommon trap: reason=unstable_if action=reinterpret pc=0x0000000002c8e014 method=org.objectweb.asm.MethodWriter.visitVarInsn(II)V @ 136

Classes redefined (0 events):
No events

Internal exceptions (10 events):
Event: 2.950 Thread 0x0000000002846800 Exception <a 'sun/nio/fs/WindowsException'> (0x00000000ff18b890) thrown at [D:\src\AOSP-openjdk-cygwin\jdk8u\hotspot\src\share\vm\prims\jni.cpp, line 709]
Event: 2.950 Thread 0x0000000002846800 Exception <a 'sun/nio/fs/WindowsException'> (0x00000000ff18be88) thrown at [D:\src\AOSP-openjdk-cygwin\jdk8u\hotspot\src\share\vm\prims\jni.cpp, line 709]
Event: 2.950 Thread 0x0000000002846800 Exception <a 'sun/nio/fs/WindowsException'> (0x00000000ff18c658) thrown at [D:\src\AOSP-openjdk-cygwin\jdk8u\hotspot\src\share\vm\prims\jni.cpp, line 709]
Event: 2.950 Thread 0x0000000002846800 Exception <a 'sun/nio/fs/WindowsException'> (0x00000000ff18cc28) thrown at [D:\src\AOSP-openjdk-cygwin\jdk8u\hotspot\src\share\vm\prims\jni.cpp, line 709]
Event: 2.950 Thread 0x0000000002846800 Exception <a 'sun/nio/fs/WindowsException'> (0x00000000ff18d3e8) thrown at [D:\src\AOSP-openjdk-cygwin\jdk8u\hotspot\src\share\vm\prims\jni.cpp, line 709]
Event: 3.008 Thread 0x0000000002846800 Exception <a 'sun/nio/fs/WindowsException'> (0x00000000ff192850) thrown at [D:\src\AOSP-openjdk-cygwin\jdk8u\hotspot\src\share\vm\prims\jni.cpp, line 709]
Event: 3.411 Thread 0x0000000002846800 Exception <a 'sun/nio/fs/WindowsException'> (0x00000000ff62a428) thrown at [D:\src\AOSP-openjdk-cygwin\jdk8u\hotspot\src\share\vm\prims\jni.cpp, line 709]
Event: 3.412 Thread 0x0000000002846800 Exception <a 'sun/nio/fs/WindowsException'> (0x00000000ff62a9e8) thrown at [D:\src\AOSP-openjdk-cygwin\jdk8u\hotspot\src\share\vm\prims\jni.cpp, line 709]
Event: 4.698 Thread 0x0000000002846800 Exception <a 'sun/nio/fs/WindowsException'> (0x00000000ff8a7940) thrown at [D:\src\AOSP-openjdk-cygwin\jdk8u\hotspot\src\share\vm\prims\jni.cpp, line 709]
Event: 4.698 Thread 0x0000000002846800 Exception <a 'sun/nio/fs/WindowsException'> (0x00000000ff8a7e80) thrown at [D:\src\AOSP-openjdk-cygwin\jdk8u\hotspot\src\share\vm\prims\jni.cpp, line 709]

Events (10 events):
Event: 5.036 Thread 0x0000000002846800 DEOPT PACKING pc=0x0000000002bffa9c sp=0x00000000027eee00
Event: 5.036 Thread 0x0000000002846800 DEOPT UNPACKING pc=0x000000000298556a sp=0x00000000027eedd0 mode 2
Event: 5.332 Thread 0x0000000002846800 Uncommon trap: trap_request=0xffffff65 fr.pc=0x0000000002c5c900
Event: 5.332 Thread 0x0000000002846800 DEOPT PACKING pc=0x0000000002c5c900 sp=0x00000000027ee780
Event: 5.332 Thread 0x0000000002846800 DEOPT UNPACKING pc=0x000000000298556a sp=0x00000000027ee718 mode 2
Event: 5.356 Thread 0x0000000002846800 Uncommon trap: trap_request=0xffffff65 fr.pc=0x0000000002c8e014
Event: 5.356 Thread 0x0000000002846800 DEOPT PACKING pc=0x0000000002c8e014 sp=0x00000000027eea50
Event: 5.356 Thread 0x0000000002846800 DEOPT UNPACKING pc=0x000000000298556a sp=0x00000000027ee998 mode 2
Event: 5.532 Executing VM operation: ParallelGCFailedAllocation
Event: 6.233 Executing VM operation: ParallelGCFailedAllocation done


Dynamic libraries:
0x00007ff687940000 - 0x00007ff687971000 	C:\Program Files\Android\Android Studio\jre\bin\java.exe
0x00007ffbe79c0000 - 0x00007ffbe7b6d000 	C:\Windows\SYSTEM32\ntdll.dll
0x00007ffbe5730000 - 0x00007ffbe586e000 	C:\Windows\system32\KERNEL32.DLL
0x00007ffbe4e90000 - 0x00007ffbe4fa5000 	C:\Windows\system32\KERNELBASE.dll
0x00007ffbe5c30000 - 0x00007ffbe5cda000 	C:\Windows\system32\ADVAPI32.dll
0x00007ffbe5870000 - 0x00007ffbe59e7000 	C:\Windows\system32\USER32.dll
0x00007ffbe2230000 - 0x00007ffbe24ab000 	C:\Windows\WinSxS\amd64_microsoft.windows.common-controls_6595b64144ccf1df_6.0.9600.18006_none_623f33d3ecbe86e8\COMCTL32.dll
0x00007ffbe6140000 - 0x00007ffbe61ea000 	C:\Windows\system32\msvcrt.dll
0x00007ffbe5bd0000 - 0x00007ffbe5c29000 	C:\Windows\SYSTEM32\sechost.dll
0x00007ffbe55f0000 - 0x00007ffbe5730000 	C:\Windows\system32\RPCRT4.dll
0x00007ffbe51f0000 - 0x00007ffbe533f000 	C:\Windows\system32\GDI32.dll
0x00007ffbe5010000 - 0x00007ffbe503e000 	C:\Windows\system32\SspiCli.dll
0x00007ffbe5550000 - 0x00007ffbe5586000 	C:\Windows\system32\IMM32.DLL
0x00007ffbe59f0000 - 0x00007ffbe5b42000 	C:\Windows\system32\MSCTF.dll
0x000000005b480000 - 0x000000005b552000 	C:\Program Files\Android\Android Studio\jre\jre\bin\msvcr100.dll
0x000000005b610000 - 0x000000005be4e000 	C:\Program Files\Android\Android Studio\jre\jre\bin\server\jvm.dll
0x00007ffbdd240000 - 0x00007ffbdd249000 	C:\Windows\SYSTEM32\WSOCK32.dll
0x00007ffbd1e30000 - 0x00007ffbd1e52000 	C:\Windows\SYSTEM32\WINMM.dll
0x00007ffbdd7a0000 - 0x00007ffbdd7aa000 	C:\Windows\SYSTEM32\VERSION.dll
0x00007ffbe51e0000 - 0x00007ffbe51e7000 	C:\Windows\system32\PSAPI.DLL
0x00007ffbe61f0000 - 0x00007ffbe624a000 	C:\Windows\system32\WS2_32.dll
0x00007ffbd1e00000 - 0x00007ffbd1e2a000 	C:\Windows\SYSTEM32\WINMMBASE.dll
0x00007ffbe5400000 - 0x00007ffbe5409000 	C:\Windows\system32\NSI.dll
0x00007ffbe4e40000 - 0x00007ffbe4e8f000 	C:\Windows\SYSTEM32\cfgmgr32.dll
0x00007ffbe3930000 - 0x00007ffbe3958000 	C:\Windows\SYSTEM32\DEVOBJ.dll
0x00007ffbe11c0000 - 0x00007ffbe11cf000 	C:\Program Files\Android\Android Studio\jre\jre\bin\verify.dll
0x00007ffbe0d50000 - 0x00007ffbe0d79000 	C:\Program Files\Android\Android Studio\jre\jre\bin\java.dll
0x00007ffbe11a0000 - 0x00007ffbe11b6000 	C:\Program Files\Android\Android Studio\jre\jre\bin\zip.dll
0x00007ffbe6250000 - 0x00007ffbe7778000 	C:\Windows\system32\SHELL32.dll
0x00007ffbe7790000 - 0x00007ffbe79a1000 	C:\Windows\SYSTEM32\combase.dll
0x00007ffbe5590000 - 0x00007ffbe55e4000 	C:\Windows\system32\SHLWAPI.dll
0x00007ffbe2e60000 - 0x00007ffbe2f12000 	C:\Windows\SYSTEM32\SHCORE.dll
0x00007ffbe4ae0000 - 0x00007ffbe4af5000 	C:\Windows\SYSTEM32\profapi.dll
0x00007ffbe43e0000 - 0x00007ffbe4400000 	C:\Windows\SYSTEM32\CRYPTSP.dll
0x00007ffbe4000000 - 0x00007ffbe4036000 	C:\Windows\system32\rsaenh.dll
0x00007ffbe4630000 - 0x00007ffbe4656000 	C:\Windows\SYSTEM32\bcrypt.dll
0x00007ffbe4110000 - 0x00007ffbe4131000 	C:\Windows\SYSTEM32\USERENV.dll
0x00007ffbe4940000 - 0x00007ffbe49a3000 	C:\Windows\system32\bcryptprimitives.dll
0x00007ffbe49b0000 - 0x00007ffbe49bb000 	C:\Windows\SYSTEM32\CRYPTBASE.dll
0x00007ffbe0d30000 - 0x00007ffbe0d4a000 	C:\Program Files\Android\Android Studio\jre\jre\bin\net.dll
0x00007ffbe4380000 - 0x00007ffbe43d9000 	C:\Windows\system32\mswsock.dll
0x00007ffbdffd0000 - 0x00007ffbdfffa000 	C:\Windows\SYSTEM32\IPHLPAPI.DLL
0x00007ffbdffb0000 - 0x00007ffbdffba000 	C:\Windows\SYSTEM32\WINNSI.DLL
0x00007ffbdfa70000 - 0x00007ffbdfa86000 	C:\Windows\SYSTEM32\dhcpcsvc6.DLL
0x00007ffbdfc70000 - 0x00007ffbdfc8a000 	C:\Windows\SYSTEM32\dhcpcsvc.DLL
0x00007ffbe0d10000 - 0x00007ffbe0d21000 	C:\Program Files\Android\Android Studio\jre\jre\bin\nio.dll

VM Arguments:
jvm_args: -Djava.awt.headless=true -Xmx64M -Dfile.encoding=windows-1256 -Duser.country=US -Duser.language=en -Duser.variant 
java_command: com.google.devtools.build.android.desugar.Desugar --input C:\Users\Tareq Naji\AndroidStudioProjects\ALTARIQ_Restaurant\app\build\intermediates\transforms\stackFramesFixer\debug\27.jar --output C:\Users\Tareq Naji\AndroidStudioProjects\ALTARIQ_Restaurant\app\build\intermediates\transforms\desugar\debug\31.jar --input C:\Users\Tareq Naji\AndroidStudioProjects\ALTARIQ_Restaurant\app\build\intermediates\transforms\stackFramesFixer\debug\0.jar --output C:\Users\Tareq Naji\AndroidStudioProjects\ALTARIQ_Restaurant\app\build\intermediates\transforms\desugar\debug\4.jar --input C:\Users\Tareq Naji\AndroidStudioProjects\ALTARIQ_Restaurant\app\build\intermediates\transforms\stackFramesFixer\debug\28.jar --output C:\Users\Tareq Naji\AndroidStudioProjects\ALTARIQ_Restaurant\app\build\intermediates\transforms\desugar\debug\32.jar --input C:\Users\Tareq Naji\AndroidStudioProjects\ALTARIQ_Restaurant\app\build\intermediates\transforms\stackFramesFixer\debug\15.jar --output C:\Users\Tareq Naji\AndroidStudioProjects\ALTARIQ_Restaurant\app\build\intermediates\transforms\desugar\debug\19.jar --input C:\Users\Tareq Naji\AndroidStudioProjects\ALTARIQ_Restaurant\app\build\intermediates\transforms\stackFramesFixer\debug\2.jar --output C:\Users\Tareq Naji\AndroidStudioProjects\ALTARIQ_Restaurant\app\build\intermediates\transforms\desugar\debug\6.jar --input C:\Users\Tareq Naji\AndroidStudioProjects\ALTARIQ_Restaurant\app\build\intermediates\transforms\stackFramesFixer\debug\13.jar --output C:\Users\Tareq Naji\AndroidStudioProjects\ALTARIQ_Restaurant\app\build\intermediates\transforms\desugar\debug\17.jar --input C:\Users\Tareq Naji\AndroidStudioProjects\ALTARIQ_Restaurant\app\build\intermediates\transforms\stackFramesFixer\debug\38.jar --output C:\Users\Tareq Naji\AndroidStudioProjects\ALTARIQ_Restaurant\app\build\intermediates\transforms\desugar\debug\42.jar --input C:\Users\Tareq Naji\AndroidStudioProjects\ALTARIQ_Restaurant\app\build\intermediates\transforms\stackFramesFix
java_class_path (initial): C:\Users\Tareq Naji\AppData\Local\Temp\desugar_deploy.jar6854431857360693325
Launcher Type: SUN_STANDARD

Environment Variables:
PATH=C:\ProgramData\Oracle\Java\javapath;C:\Windows\system32;C:\Windows;C:\Windows\System32\Wbem;C:\Windows\System32\WindowsPowerShell\v1.0\;C:\Program Files (x86)\Intel\OpenCL SDK\2.0\bin\x86;C:\Program Files (x86)\Intel\OpenCL SDK\2.0\bin\x64;C:\Program Files\Microsoft SQL Server\120\DTS\Binn\;C:\Program Files\Microsoft SQL Server\Client SDK\ODBC\110\Tools\Binn\;C:\Program Files (x86)\Microsoft SQL Server\120\Tools\Binn\;C:\Program Files\Microsoft SQL Server\120\Tools\Binn\;C:\Program Files (x86)\Microsoft SQL Server\120\Tools\Binn\ManagementStudio\;C:\Program Files (x86)\Microsoft SQL Server\120\DTS\Binn\;C:\Program Files (x86)\Intel\OpenCL SDK\2.0\bin\x86;C:\Program Files (x86)\Intel\OpenCL SDK\2.0\bin\x64;E:\android-ndk-r10e\;C:\Program Files (x86)\GtkSharp\2.12\bin;C:\Program Files\Microsoft SQL Server\130\Tools\Binn\;C:\Program Files (x86)\Skype\Phone\;C:\Program Files\dotnet\;C:\Program Files\Git\cmd;C:\Program Files (x86)\Microsoft SQL Server\Client SDK\ODBC\130\Tools\Binn\;C:\Program Files (x86)\Microsoft SQL Server\140\Tools\Binn\;C:\Program Files (x86)\Microsoft SQL Server\140\DTS\Binn\;C:\Program Files (x86)\Microsoft SQL Server\140\Tools\Binn\ManagementStudio\;C:\Program Files\Microsoft SQL Server\Client SDK\ODBC\130\Tools\Binn\;C:\Program Files\Microsoft SQL Server\140\Tools\Binn\;C:\Program Files\Microsoft SQL Server\140\DTS\Binn\;C:\Users\Tareq Naji\.dnx\bin;E:\android-ndk-r13b
USERNAME=Tareq Naji
OS=Windows_NT
PROCESSOR_IDENTIFIER=Intel64 Family 6 Model 42 Stepping 7, GenuineIntel



---------------  S Y S T E M  ---------------

OS: Windows 8.1 , 64 bit Build 9600 (6.3.9600.17415)

CPU:total 4 (initial active 4) (2 cores per cpu, 2 threads per core) family 6 model 42 stepping 7, cmov, cx8, fxsr, mmx, sse, sse2, sse3, ssse3, sse4.1, sse4.2, popcnt, avx, aes, clmul, ht, tsc, tscinvbit

Memory: 4k page, physical 8321388k(351152k free), swap 9263608k(3084k free)

vm_info: OpenJDK 64-Bit Server VM (25.152-b01) for windows-amd64 JRE (1.8.0_152-release-915-b01), built by "builder" with MS VC++ 10.0 (VS2010)

time: Mon Mar 19 13:23:19 2018
elapsed time: 6 seconds (0d 0h 0m 6s)

