#
# There is insufficient memory for the Java Runtime Environment to continue.
# Native memory allocation (malloc) failed to allocate 524304 bytes for Chunk::new
# Possible reasons:
#   The system is out of physical RAM or swap space
#   In 32 bit mode, the process size limit was hit
# Possible solutions:
#   Reduce memory load on the system
#   Increase physical memory or swap space
#   Check if swap backing store is full
#   Use 64 bit Java on a 64 bit OS
#   Decrease Java heap size (-Xmx/-Xms)
#   Decrease number of Java threads
#   Decrease Java thread stack sizes (-Xss)
#   Set larger code cache with -XX:ReservedCodeCacheSize=
# This output file may be truncated or incomplete.
#
#  Out of Memory Error (allocation.cpp:390), pid=9028, tid=0x0000000000002514
#
# JRE version: OpenJDK Runtime Environment (8.0_152-b01) (build 1.8.0_152-release-915-b01)
# Java VM: OpenJDK 64-Bit Server VM (25.152-b01 mixed mode windows-amd64 compressed oops)
# Failed to write core dump. Minidumps are not enabled by default on client versions of Windows
#

---------------  T H R E A D  ---------------

Current thread (0x000000001249c800):  JavaThread "C2 CompilerThread0" daemon [_thread_in_native, id=9492, stack(0x0000000013af0000,0x0000000013bf0000)]

Stack: [0x0000000013af0000,0x0000000013bf0000]
[error occurred during error reporting (printing stack bounds), id 0xc0000005]

Native frames: (J=compiled Java code, j=interpreted, Vv=VM code, C=native code)


Current CompileTask:
C2:   2880  916       4       org.objectweb.asm.ClassReader::a (3587 bytes)


---------------  P R O C E S S  ---------------

Java Threads: ( => current thread )
  0x0000000013d46000 JavaThread "Service Thread" daemon [_thread_blocked, id=4108, stack(0x00000000141f0000,0x00000000142f0000)]
  0x0000000013d41800 JavaThread "C1 CompilerThread2" daemon [_thread_blocked, id=4860, stack(0x00000000140f0000,0x00000000141f0000)]
  0x00000000124a0000 JavaThread "C2 CompilerThread1" daemon [_thread_blocked, id=10732, stack(0x0000000013bf0000,0x0000000013cf0000)]
=>0x000000001249c800 JavaThread "C2 CompilerThread0" daemon [_thread_in_native, id=9492, stack(0x0000000013af0000,0x0000000013bf0000)]
  0x000000001249b000 JavaThread "Attach Listener" daemon [_thread_blocked, id=10056, stack(0x00000000139f0000,0x0000000013af0000)]
  0x00000000124e7800 JavaThread "Signal Dispatcher" daemon [_thread_blocked, id=2136, stack(0x00000000138f0000,0x00000000139f0000)]
  0x000000001247e800 JavaThread "Finalizer" daemon [_thread_blocked, id=10124, stack(0x0000000013710000,0x0000000013810000)]
  0x0000000002126800 JavaThread "Reference Handler" daemon [_thread_blocked, id=3564, stack(0x0000000013610000,0x0000000013710000)]
  0x0000000002036000 JavaThread "main" [_thread_in_vm, id=3048, stack(0x0000000001ee0000,0x0000000001fe0000)]

Other Threads:
  0x0000000012454000 VMThread [stack: 0x0000000013510000,0x0000000013610000] [id=7328]
  0x0000000013d48000 WatcherThread [stack: 0x00000000142f0000,0x00000000143f0000] [id=476]

VM state:not at safepoint (normal execution)

VM Mutex/Monitor currently owned by a thread: None

Heap:
 PSYoungGen      total 18944K, used 5260K [0x00000000feb00000, 0x0000000100000000, 0x0000000100000000)
  eden space 16384K, 16% used [0x00000000feb00000,0x00000000feda3e70,0x00000000ffb00000)
  from space 2560K, 99% used [0x00000000ffd80000,0x00000000fffff1c0,0x0000000100000000)
  to   space 2560K, 0% used [0x00000000ffb00000,0x00000000ffb00000,0x00000000ffd80000)
 ParOldGen       total 44032K, used 5206K [0x00000000fc000000, 0x00000000feb00000, 0x00000000feb00000)
  object space 44032K, 11% used [0x00000000fc000000,0x00000000fc515978,0x00000000feb00000)
 Metaspace       used 7626K, capacity 7848K, committed 7936K, reserved 1056768K
  class space    used 871K, capacity 956K, committed 1024K, reserved 1048576K

Card table byte_map: [0x0000000001d60000,0x0000000001d90000] byte_map_base: 0x0000000001580000

Marking Bits: (ParMarkBitMap*) 0x000000006f613950
 Begin Bits: [0x00000000118f0000, 0x00000000119f0000)
 End Bits:   [0x00000000119f0000, 0x0000000011af0000)

Polling page: 0x00000000004f0000

CodeCache: size=245760Kb used=3644Kb max_used=3655Kb free=242115Kb
 bounds [0x0000000002130000, 0x00000000024d0000, 0x0000000011130000]
 total_blobs=1274 nmethods=942 adapters=246
 compilation: enabled

Compilation events (10 events):
Event: 2.756 Thread 0x0000000013d41800  939       1       com.google.devtools.build.android.desugar.CoreLibraryRewriter::access$000 (5 bytes)
Event: 2.756 Thread 0x0000000013d41800 nmethod 939 0x00000000024b6a10 code [0x00000000024b6b60, 0x00000000024b6c50]
Event: 2.756 Thread 0x0000000013d41800  940       1       sun.util.calendar.CalendarDate::getZone (5 bytes)
Event: 2.756 Thread 0x0000000013d41800 nmethod 940 0x00000000024c0090 code [0x00000000024c01e0, 0x00000000024c02f0]
Event: 2.756 Thread 0x0000000013d41800  941       1       sun.util.calendar.CalendarDate::isNormalized (5 bytes)
Event: 2.756 Thread 0x0000000013d41800 nmethod 941 0x00000000024c0350 code [0x00000000024c04a0, 0x00000000024c05b0]
Event: 2.757 Thread 0x0000000013d41800  942       3       org.objectweb.asm.ClassVisitor::visitOuterClass (18 bytes)
Event: 2.757 Thread 0x0000000013d41800 nmethod 942 0x00000000024c0610 code [0x00000000024c0780, 0x00000000024c09e8]
Event: 2.758 Thread 0x00000000124a0000  943  s    4       java.io.BufferedOutputStream::write (35 bytes)
Event: 2.761 Thread 0x00000000124a0000 nmethod 943 0x00000000024c3a50 code [0x00000000024c3ba0, 0x00000000024c3f08]

GC Heap History (4 events):
Event: 1.435 GC heap before
{Heap before GC invocations=1 (full 0):
 PSYoungGen      total 18944K, used 16384K [0x00000000feb00000, 0x0000000100000000, 0x0000000100000000)
  eden space 16384K, 100% used [0x00000000feb00000,0x00000000ffb00000,0x00000000ffb00000)
  from space 2560K, 0% used [0x00000000ffd80000,0x00000000ffd80000,0x0000000100000000)
  to   space 2560K, 0% used [0x00000000ffb00000,0x00000000ffb00000,0x00000000ffd80000)
 ParOldGen       total 44032K, used 0K [0x00000000fc000000, 0x00000000feb00000, 0x00000000feb00000)
  object space 44032K, 0% used [0x00000000fc000000,0x00000000fc000000,0x00000000feb00000)
 Metaspace       used 6581K, capacity 6746K, committed 7040K, reserved 1056768K
  class space    used 772K, capacity 823K, committed 896K, reserved 1048576K
Event: 1.487 GC heap after
Heap after GC invocations=1 (full 0):
 PSYoungGen      total 18944K, used 2528K [0x00000000feb00000, 0x0000000100000000, 0x0000000100000000)
  eden space 16384K, 0% used [0x00000000feb00000,0x00000000feb00000,0x00000000ffb00000)
  from space 2560K, 98% used [0x00000000ffb00000,0x00000000ffd78030,0x00000000ffd80000)
  to   space 2560K, 0% used [0x00000000ffd80000,0x00000000ffd80000,0x0000000100000000)
 ParOldGen       total 44032K, used 1587K [0x00000000fc000000, 0x00000000feb00000, 0x00000000feb00000)
  object space 44032K, 3% used [0x00000000fc000000,0x00000000fc18cc70,0x00000000feb00000)
 Metaspace       used 6581K, capacity 6746K, committed 7040K, reserved 1056768K
  class space    used 772K, capacity 823K, committed 896K, reserved 1048576K
}
Event: 2.439 GC heap before
{Heap before GC invocations=2 (full 0):
 PSYoungGen      total 18944K, used 18912K [0x00000000feb00000, 0x0000000100000000, 0x0000000100000000)
  eden space 16384K, 100% used [0x00000000feb00000,0x00000000ffb00000,0x00000000ffb00000)
  from space 2560K, 98% used [0x00000000ffb00000,0x00000000ffd78030,0x00000000ffd80000)
  to   space 2560K, 0% used [0x00000000ffd80000,0x00000000ffd80000,0x0000000100000000)
 ParOldGen       total 44032K, used 1587K [0x00000000fc000000, 0x00000000feb00000, 0x00000000feb00000)
  object space 44032K, 3% used [0x00000000fc000000,0x00000000fc18cc70,0x00000000feb00000)
 Metaspace       used 7599K, capacity 7784K, committed 7936K, reserved 1056768K
  class space    used 871K, capacity 956K, committed 1024K, reserved 1048576K
Event: 2.700 GC heap after
Heap after GC invocations=2 (full 0):
 PSYoungGen      total 18944K, used 2556K [0x00000000feb00000, 0x0000000100000000, 0x0000000100000000)
  eden space 16384K, 0% used [0x00000000feb00000,0x00000000feb00000,0x00000000ffb00000)
  from space 2560K, 99% used [0x00000000ffd80000,0x00000000fffff1c0,0x0000000100000000)
  to   space 2560K, 0% used [0x00000000ffb00000,0x00000000ffb00000,0x00000000ffd80000)
 ParOldGen       total 44032K, used 5206K [0x00000000fc000000, 0x00000000feb00000, 0x00000000feb00000)
  object space 44032K, 11% used [0x00000000fc000000,0x00000000fc515978,0x00000000feb00000)
 Metaspace       used 7599K, capacity 7784K, committed 7936K, reserved 1056768K
  class space    used 871K, capacity 956K, committed 1024K, reserved 1048576K
}

Deoptimization events (10 events):
Event: 1.342 Thread 0x0000000002036000 Uncommon trap: reason=unstable_if action=reinterpret pc=0x000000000231fa18 method=java.util.zip.ZipEntry.setExtra0([BZ)V @ 1
Event: 1.350 Thread 0x0000000002036000 Uncommon trap: reason=unstable_if action=reinterpret pc=0x0000000002351578 method=java.util.zip.ZipCoder.decoder()Ljava/nio/charset/CharsetDecoder; @ 4
Event: 1.353 Thread 0x0000000002036000 Uncommon trap: reason=unstable_if action=reinterpret pc=0x0000000002353c4c method=java.util.zip.ZipCoder.decoder()Ljava/nio/charset/CharsetDecoder; @ 4
Event: 1.546 Thread 0x0000000002036000 Uncommon trap: reason=unstable_if action=reinterpret pc=0x000000000235610c method=java.util.zip.ZipCoder.decoder()Ljava/nio/charset/CharsetDecoder; @ 4
Event: 1.547 Thread 0x0000000002036000 Uncommon trap: reason=unstable_if action=reinterpret pc=0x000000000234655c method=java.util.zip.ZipCoder.decoder()Ljava/nio/charset/CharsetDecoder; @ 4
Event: 1.561 Thread 0x0000000002036000 Uncommon trap: reason=unstable_if action=reinterpret pc=0x0000000002366448 method=java.util.HashMap$HashIterator.nextNode()Ljava/util/HashMap$Node; @ 74
Event: 1.657 Thread 0x0000000002036000 Uncommon trap: reason=unloaded action=reinterpret pc=0x000000000234717c method=java.util.zip.ZipEntry.setExtra0([BZ)V @ 37
Event: 1.668 Thread 0x0000000002036000 Uncommon trap: reason=unstable_if action=reinterpret pc=0x000000000235ed48 method=java.util.HashMap$HashIterator.nextNode()Ljava/util/HashMap$Node; @ 74
Event: 2.710 Thread 0x0000000002036000 Uncommon trap: reason=unstable_if action=reinterpret pc=0x000000000247d60c method=org.objectweb.asm.Type.getArgumentsAndReturnSizes(Ljava/lang/String;)I @ 136
Event: 2.718 Thread 0x0000000002036000 Uncommon trap: reason=unstable_if action=reinterpret pc=0x000000000245e6dc method=org.objectweb.asm.Item.a(Lorg/objectweb/asm/Item;)Z @ 251

Classes redefined (0 events):
No events

Internal exceptions (10 events):
Event: 1.547 Thread 0x0000000002036000 Implicit null exception at 0x0000000002345f64 to 0x000000000234652d
Event: 1.666 Thread 0x0000000002036000 Exception <a 'sun/nio/fs/WindowsException'> (0x00000000ff1a51f0) thrown at [D:\src\AOSP-openjdk-cygwin\jdk8u\hotspot\src\share\vm\prims\jni.cpp, line 709]
Event: 1.667 Thread 0x0000000002036000 Exception <a 'sun/nio/fs/WindowsException'> (0x00000000ff1a57c0) thrown at [D:\src\AOSP-openjdk-cygwin\jdk8u\hotspot\src\share\vm\prims\jni.cpp, line 709]
Event: 1.667 Thread 0x0000000002036000 Exception <a 'sun/nio/fs/WindowsException'> (0x00000000ff1a5db8) thrown at [D:\src\AOSP-openjdk-cygwin\jdk8u\hotspot\src\share\vm\prims\jni.cpp, line 709]
Event: 1.667 Thread 0x0000000002036000 Exception <a 'sun/nio/fs/WindowsException'> (0x00000000ff1a6588) thrown at [D:\src\AOSP-openjdk-cygwin\jdk8u\hotspot\src\share\vm\prims\jni.cpp, line 709]
Event: 1.667 Thread 0x0000000002036000 Exception <a 'sun/nio/fs/WindowsException'> (0x00000000ff1a6b58) thrown at [D:\src\AOSP-openjdk-cygwin\jdk8u\hotspot\src\share\vm\prims\jni.cpp, line 709]
Event: 1.667 Thread 0x0000000002036000 Exception <a 'sun/nio/fs/WindowsException'> (0x00000000ff1a7318) thrown at [D:\src\AOSP-openjdk-cygwin\jdk8u\hotspot\src\share\vm\prims\jni.cpp, line 709]
Event: 1.669 Thread 0x0000000002036000 Exception <a 'sun/nio/fs/WindowsException'> (0x00000000ff1ac9a0) thrown at [D:\src\AOSP-openjdk-cygwin\jdk8u\hotspot\src\share\vm\prims\jni.cpp, line 709]
Event: 1.853 Thread 0x0000000002036000 Exception <a 'sun/nio/fs/WindowsException'> (0x00000000ff5c2a50) thrown at [D:\src\AOSP-openjdk-cygwin\jdk8u\hotspot\src\share\vm\prims\jni.cpp, line 709]
Event: 1.853 Thread 0x0000000002036000 Exception <a 'sun/nio/fs/WindowsException'> (0x00000000ff5c3010) thrown at [D:\src\AOSP-openjdk-cygwin\jdk8u\hotspot\src\share\vm\prims\jni.cpp, line 709]

Events (10 events):
Event: 2.439 Executing VM operation: ParallelGCFailedAllocation
Event: 2.700 Executing VM operation: ParallelGCFailedAllocation done
Event: 2.710 Thread 0x0000000002036000 Uncommon trap: trap_request=0xffffff65 fr.pc=0x000000000247d60c
Event: 2.710 Thread 0x0000000002036000 DEOPT PACKING pc=0x000000000247d60c sp=0x0000000001fde9a0
Event: 2.710 Thread 0x0000000002036000 DEOPT UNPACKING pc=0x000000000217556a sp=0x0000000001fde938 mode 2
Event: 2.715 Thread 0x0000000002036000 DEOPT PACKING pc=0x0000000002280a87 sp=0x0000000001fdf150
Event: 2.715 Thread 0x0000000002036000 DEOPT UNPACKING pc=0x00000000021775bf sp=0x0000000001fdee80 mode 0
Event: 2.718 Thread 0x0000000002036000 Uncommon trap: trap_request=0xffffff65 fr.pc=0x000000000245e6dc
Event: 2.718 Thread 0x0000000002036000 DEOPT PACKING pc=0x000000000245e6dc sp=0x0000000001fdea60
Event: 2.718 Thread 0x0000000002036000 DEOPT UNPACKING pc=0x000000000217556a sp=0x0000000001fde9f8 mode 2


Dynamic libraries:
0x00007ff67b3f0000 - 0x00007ff67b421000 	C:\Program Files\Android\Android Studio\jre\bin\java.exe
0x00007ffbee940000 - 0x00007ffbeeaed000 	C:\Windows\SYSTEM32\ntdll.dll
0x00007ffbec4b0000 - 0x00007ffbec5ee000 	C:\Windows\system32\KERNEL32.DLL
0x00007ffbebb60000 - 0x00007ffbebc75000 	C:\Windows\system32\KERNELBASE.dll
0x00007ffbedeb0000 - 0x00007ffbedf5a000 	C:\Windows\system32\ADVAPI32.dll
0x00007ffbee110000 - 0x00007ffbee287000 	C:\Windows\system32\USER32.dll
0x00007ffbe9780000 - 0x00007ffbe99fb000 	C:\Windows\WinSxS\amd64_microsoft.windows.common-controls_6595b64144ccf1df_6.0.9600.18006_none_623f33d3ecbe86e8\COMCTL32.dll
0x00007ffbedb90000 - 0x00007ffbedc3a000 	C:\Windows\system32\msvcrt.dll
0x00007ffbee4d0000 - 0x00007ffbee529000 	C:\Windows\SYSTEM32\sechost.dll
0x00007ffbebfd0000 - 0x00007ffbec110000 	C:\Windows\system32\RPCRT4.dll
0x00007ffbedfc0000 - 0x00007ffbee10f000 	C:\Windows\system32\GDI32.dll
0x00007ffbebb30000 - 0x00007ffbebb5e000 	C:\Windows\system32\SspiCli.dll
0x00007ffbec470000 - 0x00007ffbec4a6000 	C:\Windows\system32\IMM32.DLL
0x00007ffbec310000 - 0x00007ffbec462000 	C:\Windows\system32\MSCTF.dll
0x000000006ed70000 - 0x000000006ee42000 	C:\Program Files\Android\Android Studio\jre\jre\bin\msvcr100.dll
0x000000006ee50000 - 0x000000006f68e000 	C:\Program Files\Android\Android Studio\jre\jre\bin\server\jvm.dll
0x00007ffbe4260000 - 0x00007ffbe4269000 	C:\Windows\SYSTEM32\WSOCK32.dll
0x00007ffbd8d20000 - 0x00007ffbd8d42000 	C:\Windows\SYSTEM32\WINMM.dll
0x00007ffbe5bd0000 - 0x00007ffbe5bda000 	C:\Windows\SYSTEM32\VERSION.dll
0x00007ffbedb20000 - 0x00007ffbedb27000 	C:\Windows\system32\PSAPI.DLL
0x00007ffbedf60000 - 0x00007ffbedfba000 	C:\Windows\system32\WS2_32.dll
0x00007ffbd8cf0000 - 0x00007ffbd8d1a000 	C:\Windows\SYSTEM32\WINMMBASE.dll
0x00007ffbebfc0000 - 0x00007ffbebfc9000 	C:\Windows\system32\NSI.dll
0x00007ffbebd90000 - 0x00007ffbebddf000 	C:\Windows\SYSTEM32\cfgmgr32.dll
0x00007ffbea890000 - 0x00007ffbea8b8000 	C:\Windows\SYSTEM32\DEVOBJ.dll
0x00007ffbe5f90000 - 0x00007ffbe5f9f000 	C:\Program Files\Android\Android Studio\jre\jre\bin\verify.dll
0x00007ffbd04f0000 - 0x00007ffbd0519000 	C:\Program Files\Android\Android Studio\jre\jre\bin\java.dll
0x00007ffbe5f70000 - 0x00007ffbe5f86000 	C:\Program Files\Android\Android Studio\jre\jre\bin\zip.dll
0x00007ffbec5f0000 - 0x00007ffbedb18000 	C:\Windows\system32\SHELL32.dll
0x00007ffbee720000 - 0x00007ffbee931000 	C:\Windows\SYSTEM32\combase.dll
0x00007ffbedb30000 - 0x00007ffbedb84000 	C:\Windows\system32\SHLWAPI.dll
0x00007ffbea000000 - 0x00007ffbea0b2000 	C:\Windows\SYSTEM32\SHCORE.dll
0x00007ffbeba60000 - 0x00007ffbeba75000 	C:\Windows\SYSTEM32\profapi.dll
0x00007ffbeb360000 - 0x00007ffbeb380000 	C:\Windows\SYSTEM32\CRYPTSP.dll
0x00007ffbeaf80000 - 0x00007ffbeafb6000 	C:\Windows\system32\rsaenh.dll
0x00007ffbeb5b0000 - 0x00007ffbeb5d6000 	C:\Windows\SYSTEM32\bcrypt.dll
0x00007ffbeb090000 - 0x00007ffbeb0b1000 	C:\Windows\SYSTEM32\USERENV.dll
0x00007ffbeb8c0000 - 0x00007ffbeb923000 	C:\Windows\system32\bcryptprimitives.dll
0x00007ffbeb930000 - 0x00007ffbeb93b000 	C:\Windows\SYSTEM32\CRYPTBASE.dll
0x00007ffbd04d0000 - 0x00007ffbd04ea000 	C:\Program Files\Android\Android Studio\jre\jre\bin\net.dll
0x00007ffbeb300000 - 0x00007ffbeb359000 	C:\Windows\system32\mswsock.dll
0x00007ffbe6f50000 - 0x00007ffbe6f7a000 	C:\Windows\SYSTEM32\IPHLPAPI.DLL
0x00007ffbe6f30000 - 0x00007ffbe6f3a000 	C:\Windows\SYSTEM32\WINNSI.DLL
0x00007ffbe6a10000 - 0x00007ffbe6a26000 	C:\Windows\SYSTEM32\dhcpcsvc6.DLL
0x00007ffbe6b80000 - 0x00007ffbe6b9a000 	C:\Windows\SYSTEM32\dhcpcsvc.DLL
0x00007ffbd04b0000 - 0x00007ffbd04c1000 	C:\Program Files\Android\Android Studio\jre\jre\bin\nio.dll

VM Arguments:
jvm_args: -Djava.awt.headless=true -Xmx64M -Dfile.encoding=windows-1256 -Duser.country=US -Duser.language=en -Duser.variant 
java_command: com.google.devtools.build.android.desugar.Desugar --input C:\Users\Tareq Naji\AndroidStudioProjects\ALTARIQ_Restaurant\app\build\intermediates\transforms\stackFramesFixer\debug\27.jar --output C:\Users\Tareq Naji\AndroidStudioProjects\ALTARIQ_Restaurant\app\build\intermediates\transforms\desugar\debug\31.jar --input C:\Users\Tareq Naji\AndroidStudioProjects\ALTARIQ_Restaurant\app\build\intermediates\transforms\stackFramesFixer\debug\10.jar --output C:\Users\Tareq Naji\AndroidStudioProjects\ALTARIQ_Restaurant\app\build\intermediates\transforms\desugar\debug\14.jar --input C:\Users\Tareq Naji\AndroidStudioProjects\ALTARIQ_Restaurant\app\build\intermediates\transforms\stackFramesFixer\debug\17.jar --output C:\Users\Tareq Naji\AndroidStudioProjects\ALTARIQ_Restaurant\app\build\intermediates\transforms\desugar\debug\21.jar --input C:\Users\Tareq Naji\AndroidStudioProjects\ALTARIQ_Restaurant\app\build\intermediates\transforms\stackFramesFixer\debug\2.jar --output C:\Users\Tareq Naji\AndroidStudioProjects\ALTARIQ_Restaurant\app\build\intermediates\transforms\desugar\debug\6.jar --input C:\Users\Tareq Naji\AndroidStudioProjects\ALTARIQ_Restaurant\app\build\intermediates\transforms\stackFramesFixer\debug\7.jar --output C:\Users\Tareq Naji\AndroidStudioProjects\ALTARIQ_Restaurant\app\build\intermediates\transforms\desugar\debug\11.jar --input C:\Users\Tareq Naji\AndroidStudioProjects\ALTARIQ_Restaurant\app\build\intermediates\transforms\stackFramesFixer\debug\12.jar --output C:\Users\Tareq Naji\AndroidStudioProjects\ALTARIQ_Restaurant\app\build\intermediates\transforms\desugar\debug\16.jar --input C:\Users\Tareq Naji\AndroidStudioProjects\ALTARIQ_Restaurant\app\build\intermediates\classes\debug --output C:\Users\Tareq Naji\AndroidStudioProjects\ALTARIQ_Restaurant\app\build\intermediates\transforms\desugar\debug\1 --input C:\Users\Tareq Naji\AndroidStudioProjects\ALTARIQ_Restaurant\app\build\intermediates\transforms\stackFramesFixer\debug\35.jar --output C:\Use
java_class_path (initial): C:\Users\Tareq Naji\AppData\Local\Temp\desugar_deploy.jar3748663850244346686
Launcher Type: SUN_STANDARD

Environment Variables:
PATH=C:\ProgramData\Oracle\Java\javapath;C:\Windows\system32;C:\Windows;C:\Windows\System32\Wbem;C:\Windows\System32\WindowsPowerShell\v1.0\;C:\Program Files (x86)\Intel\OpenCL SDK\2.0\bin\x86;C:\Program Files (x86)\Intel\OpenCL SDK\2.0\bin\x64;C:\Program Files\Microsoft SQL Server\120\DTS\Binn\;C:\Program Files\Microsoft SQL Server\Client SDK\ODBC\110\Tools\Binn\;C:\Program Files (x86)\Microsoft SQL Server\120\Tools\Binn\;C:\Program Files\Microsoft SQL Server\120\Tools\Binn\;C:\Program Files (x86)\Microsoft SQL Server\120\Tools\Binn\ManagementStudio\;C:\Program Files (x86)\Microsoft SQL Server\120\DTS\Binn\;C:\Program Files (x86)\Intel\OpenCL SDK\2.0\bin\x86;C:\Program Files (x86)\Intel\OpenCL SDK\2.0\bin\x64;E:\android-ndk-r10e\;C:\Program Files (x86)\GtkSharp\2.12\bin;C:\Program Files\Microsoft SQL Server\130\Tools\Binn\;C:\Program Files (x86)\Skype\Phone\;C:\Program Files\dotnet\;C:\Program Files\Git\cmd;C:\Program Files (x86)\Microsoft SQL Server\Client SDK\ODBC\130\Tools\Binn\;C:\Program Files (x86)\Microsoft SQL Server\140\Tools\Binn\;C:\Program Files (x86)\Microsoft SQL Server\140\DTS\Binn\;C:\Program Files (x86)\Microsoft SQL Server\140\Tools\Binn\ManagementStudio\;C:\Program Files\Microsoft SQL Server\Client SDK\ODBC\130\Tools\Binn\;C:\Program Files\Microsoft SQL Server\140\Tools\Binn\;C:\Program Files\Microsoft SQL Server\140\DTS\Binn\;C:\Users\Tareq Naji\.dnx\bin;E:\android-ndk-r13b
USERNAME=Tareq Naji
OS=Windows_NT
PROCESSOR_IDENTIFIER=Intel64 Family 6 Model 42 Stepping 7, GenuineIntel



---------------  S Y S T E M  ---------------

OS: Windows 8.1 , 64 bit Build 9600 (6.3.9600.17415)

CPU:total 4 (initial active 4) (2 cores per cpu, 2 threads per core) family 6 model 42 stepping 7, cmov, cx8, fxsr, mmx, sse, sse2, sse3, ssse3, sse4.1, sse4.2, popcnt, avx, aes, clmul, ht, tsc, tscinvbit

Memory: 4k page, physical 8321388k(594132k free), swap 9462972k(5316k free)

vm_info: OpenJDK 64-Bit Server VM (25.152-b01) for windows-amd64 JRE (1.8.0_152-release-915-b01), built by "builder" with MS VC++ 10.0 (VS2010)

time: Tue Mar 13 13:38:47 2018
elapsed time: 2 seconds (0d 0h 0m 2s)

