#
# There is insufficient memory for the Java Runtime Environment to continue.
# Native memory allocation (malloc) failed to allocate 32744 bytes for ChunkPool::allocate
# Possible reasons:
#   The system is out of physical RAM or swap space
#   In 32 bit mode, the process size limit was hit
# Possible solutions:
#   Reduce memory load on the system
#   Increase physical memory or swap space
#   Check if swap backing store is full
#   Use 64 bit Java on a 64 bit OS
#   Decrease Java heap size (-Xmx/-Xms)
#   Decrease number of Java threads
#   Decrease Java thread stack sizes (-Xss)
#   Set larger code cache with -XX:ReservedCodeCacheSize=
# This output file may be truncated or incomplete.
#
#  Out of Memory Error (allocation.cpp:273), pid=9548, tid=0x0000000000001e5c
#
# JRE version: OpenJDK Runtime Environment (8.0_152-b01) (build 1.8.0_152-release-915-b01)
# Java VM: OpenJDK 64-Bit Server VM (25.152-b01 mixed mode windows-amd64 compressed oops)
# Failed to write core dump. Minidumps are not enabled by default on client versions of Windows
#

---------------  T H R E A D  ---------------

Current thread (0x00000000147e1000):  JavaThread "C2 CompilerThread1" daemon [_thread_in_native, id=7772, stack(0x0000000014b90000,0x0000000014c90000)]

Stack: [0x0000000014b90000,0x0000000014c90000]
[error occurred during error reporting (printing stack bounds), id 0xc0000005]

Native frames: (J=compiled Java code, j=interpreted, Vv=VM code, C=native code)


Current CompileTask:
C2:   4460  876       4       org.objectweb.asm.ClassReader::a (3587 bytes)


---------------  P R O C E S S  ---------------

Java Threads: ( => current thread )
  0x00000000147e8000 JavaThread "Service Thread" daemon [_thread_blocked, id=5604, stack(0x0000000014d90000,0x0000000014e90000)]
  0x00000000147e3800 JavaThread "C1 CompilerThread2" daemon [_thread_in_native, id=9876, stack(0x0000000014c90000,0x0000000014d90000)]
=>0x00000000147e1000 JavaThread "C2 CompilerThread1" daemon [_thread_in_native, id=7772, stack(0x0000000014b90000,0x0000000014c90000)]
  0x000000001306e800 JavaThread "C2 CompilerThread0" daemon [_thread_in_vm, id=3192, stack(0x0000000014690000,0x0000000014790000)]
  0x000000001306d000 JavaThread "Attach Listener" daemon [_thread_blocked, id=6480, stack(0x0000000014590000,0x0000000014690000)]
  0x00000000130b8800 JavaThread "Signal Dispatcher" daemon [_thread_blocked, id=5324, stack(0x0000000014490000,0x0000000014590000)]
  0x0000000013048800 JavaThread "Finalizer" daemon [_thread_blocked, id=10552, stack(0x00000000142b0000,0x00000000143b0000)]
  0x0000000002c28000 JavaThread "Reference Handler" daemon [_thread_blocked, id=8272, stack(0x00000000141b0000,0x00000000142b0000)]
  0x0000000002b36000 JavaThread "main" [_thread_in_vm, id=8848, stack(0x00000000029f0000,0x0000000002af0000)]

Other Threads:
  0x0000000013024800 VMThread [stack: 0x00000000140b0000,0x00000000141b0000] [id=1252]
  0x00000000147ea800 WatcherThread [stack: 0x0000000014e90000,0x0000000014f90000] [id=1300]

VM state:not at safepoint (normal execution)

VM Mutex/Monitor currently owned by a thread: None

Heap:
 PSYoungGen      total 18944K, used 5225K [0x00000000feb00000, 0x0000000100000000, 0x0000000100000000)
  eden space 16384K, 16% used [0x00000000feb00000,0x00000000feda2340,0x00000000ffb00000)
  from space 2560K, 98% used [0x00000000ffd80000,0x00000000ffff82d8,0x0000000100000000)
  to   space 2560K, 0% used [0x00000000ffb00000,0x00000000ffb00000,0x00000000ffd80000)
 ParOldGen       total 44032K, used 5248K [0x00000000fc000000, 0x00000000feb00000, 0x00000000feb00000)
  object space 44032K, 11% used [0x00000000fc000000,0x00000000fc520398,0x00000000feb00000)
 Metaspace       used 7614K, capacity 7784K, committed 7936K, reserved 1056768K
  class space    used 872K, capacity 956K, committed 1024K, reserved 1048576K

Card table byte_map: [0x0000000001040000,0x0000000001070000] byte_map_base: 0x0000000000860000

Marking Bits: (ParMarkBitMap*) 0x000000006f613950
 Begin Bits: [0x00000000124c0000, 0x00000000125c0000)
 End Bits:   [0x00000000125c0000, 0x00000000126c0000)

Polling page: 0x0000000001010000

CodeCache: size=245760Kb used=3602Kb max_used=3609Kb free=242157Kb
 bounds [0x0000000002d00000, 0x0000000003090000, 0x0000000011d00000]
 total_blobs=1270 nmethods=938 adapters=246
 compilation: enabled

Compilation events (10 events):
Event: 4.236 Thread 0x00000000147e3800 nmethod 935 0x0000000003085050 code [0x00000000030851c0, 0x0000000003085488]
Event: 4.238 Thread 0x000000001306e800  936       4       java.util.Objects::requireNonNull (15 bytes)
Event: 4.239 Thread 0x000000001306e800 nmethod 936 0x0000000002fb5c50 code [0x0000000002fb5d80, 0x0000000002fb5dd8]
Event: 4.239 Thread 0x00000000147e3800  937       1       com.google.devtools.build.android.desugar.CoreLibraryRewriter::access$000 (5 bytes)
Event: 4.239 Thread 0x00000000147e3800 nmethod 937 0x00000000030883d0 code [0x0000000003088520, 0x0000000003088610]
Event: 4.239 Thread 0x00000000147e3800  938       3       org.objectweb.asm.tree.AnnotationNode::<init> (26 bytes)
Event: 4.239 Thread 0x00000000147e3800 nmethod 938 0x0000000003087c50 code [0x0000000003087de0, 0x0000000003088218]
Event: 4.444 Thread 0x00000000147e3800  939       3       org.objectweb.asm.tree.AnnotationNode::<init> (11 bytes)
Event: 4.444 Thread 0x00000000147e3800 nmethod 939 0x00000000030877d0 code [0x0000000003087940, 0x0000000003087b68]
Event: 4.445 Thread 0x00000000147e3800  940       3       org.objectweb.asm.ClassWriter::toByteArray (1282 bytes)

GC Heap History (4 events):
Event: 2.868 GC heap before
{Heap before GC invocations=1 (full 0):
 PSYoungGen      total 18944K, used 16384K [0x00000000feb00000, 0x0000000100000000, 0x0000000100000000)
  eden space 16384K, 100% used [0x00000000feb00000,0x00000000ffb00000,0x00000000ffb00000)
  from space 2560K, 0% used [0x00000000ffd80000,0x00000000ffd80000,0x0000000100000000)
  to   space 2560K, 0% used [0x00000000ffb00000,0x00000000ffb00000,0x00000000ffd80000)
 ParOldGen       total 44032K, used 0K [0x00000000fc000000, 0x00000000feb00000, 0x00000000feb00000)
  object space 44032K, 0% used [0x00000000fc000000,0x00000000fc000000,0x00000000feb00000)
 Metaspace       used 6592K, capacity 6682K, committed 6784K, reserved 1056768K
  class space    used 772K, capacity 823K, committed 896K, reserved 1048576K
Event: 2.931 GC heap after
Heap after GC invocations=1 (full 0):
 PSYoungGen      total 18944K, used 2544K [0x00000000feb00000, 0x0000000100000000, 0x0000000100000000)
  eden space 16384K, 0% used [0x00000000feb00000,0x00000000feb00000,0x00000000ffb00000)
  from space 2560K, 99% used [0x00000000ffb00000,0x00000000ffd7c020,0x00000000ffd80000)
  to   space 2560K, 0% used [0x00000000ffd80000,0x00000000ffd80000,0x0000000100000000)
 ParOldGen       total 44032K, used 1605K [0x00000000fc000000, 0x00000000feb00000, 0x00000000feb00000)
  object space 44032K, 3% used [0x00000000fc000000,0x00000000fc191690,0x00000000feb00000)
 Metaspace       used 6592K, capacity 6682K, committed 6784K, reserved 1056768K
  class space    used 772K, capacity 823K, committed 896K, reserved 1048576K
}
Event: 4.088 GC heap before
{Heap before GC invocations=2 (full 0):
 PSYoungGen      total 18944K, used 18928K [0x00000000feb00000, 0x0000000100000000, 0x0000000100000000)
  eden space 16384K, 100% used [0x00000000feb00000,0x00000000ffb00000,0x00000000ffb00000)
  from space 2560K, 99% used [0x00000000ffb00000,0x00000000ffd7c020,0x00000000ffd80000)
  to   space 2560K, 0% used [0x00000000ffd80000,0x00000000ffd80000,0x0000000100000000)
 ParOldGen       total 44032K, used 1605K [0x00000000fc000000, 0x00000000feb00000, 0x00000000feb00000)
  object space 44032K, 3% used [0x00000000fc000000,0x00000000fc191690,0x00000000feb00000)
 Metaspace       used 7578K, capacity 7720K, committed 7936K, reserved 1056768K
  class space    used 872K, capacity 956K, committed 1024K, reserved 1048576K
Event: 4.151 GC heap after
Heap after GC invocations=2 (full 0):
 PSYoungGen      total 18944K, used 2528K [0x00000000feb00000, 0x0000000100000000, 0x0000000100000000)
  eden space 16384K, 0% used [0x00000000feb00000,0x00000000feb00000,0x00000000ffb00000)
  from space 2560K, 98% used [0x00000000ffd80000,0x00000000ffff82d8,0x0000000100000000)
  to   space 2560K, 0% used [0x00000000ffb00000,0x00000000ffb00000,0x00000000ffd80000)
 ParOldGen       total 44032K, used 5248K [0x00000000fc000000, 0x00000000feb00000, 0x00000000feb00000)
  object space 44032K, 11% used [0x00000000fc000000,0x00000000fc520398,0x00000000feb00000)
 Metaspace       used 7578K, capacity 7720K, committed 7936K, reserved 1056768K
  class space    used 872K, capacity 956K, committed 1024K, reserved 1048576K
}

Deoptimization events (10 events):
Event: 2.630 Thread 0x0000000002b36000 Uncommon trap: reason=unstable_if action=reinterpret pc=0x0000000002f22978 method=java.util.zip.ZipCoder.decoder()Ljava/nio/charset/CharsetDecoder; @ 4
Event: 2.632 Thread 0x0000000002b36000 Uncommon trap: reason=unstable_if action=reinterpret pc=0x0000000002f2d88c method=java.util.zip.ZipCoder.decoder()Ljava/nio/charset/CharsetDecoder; @ 4
Event: 2.992 Thread 0x0000000002b36000 Uncommon trap: reason=unstable_if action=reinterpret pc=0x0000000002f2538c method=java.util.zip.ZipCoder.decoder()Ljava/nio/charset/CharsetDecoder; @ 4
Event: 2.996 Thread 0x0000000002b36000 Uncommon trap: reason=unstable_if action=reinterpret pc=0x0000000002f2701c method=java.util.zip.ZipCoder.decoder()Ljava/nio/charset/CharsetDecoder; @ 4
Event: 2.996 Thread 0x0000000002b36000 Uncommon trap: reason=unstable_if action=reinterpret pc=0x0000000002f1ee2c method=java.util.zip.ZipCoder.decoder()Ljava/nio/charset/CharsetDecoder; @ 4
Event: 3.007 Thread 0x0000000002b36000 Uncommon trap: reason=unstable_if action=reinterpret pc=0x0000000002f42a08 method=java.util.HashMap$HashIterator.nextNode()Ljava/util/HashMap$Node; @ 74
Event: 3.120 Thread 0x0000000002b36000 Uncommon trap: reason=unloaded action=reinterpret pc=0x0000000002f244bc method=java.util.zip.ZipEntry.setExtra0([BZ)V @ 37
Event: 3.131 Thread 0x0000000002b36000 Uncommon trap: reason=unstable_if action=reinterpret pc=0x0000000002f42f08 method=java.util.HashMap$HashIterator.nextNode()Ljava/util/HashMap$Node; @ 74
Event: 4.157 Thread 0x0000000002b36000 Uncommon trap: reason=unstable_if action=reinterpret pc=0x0000000002ffabb8 method=java.lang.String.<init>([CII)V @ 18
Event: 4.160 Thread 0x0000000002b36000 Uncommon trap: reason=unstable_if action=reinterpret pc=0x00000000030370ac method=org.objectweb.asm.Type.getArgumentsAndReturnSizes(Ljava/lang/String;)I @ 136

Classes redefined (0 events):
No events

Internal exceptions (10 events):
Event: 2.996 Thread 0x0000000002b36000 Implicit null exception at 0x0000000002f1e9b8 to 0x0000000002f1ee11
Event: 3.130 Thread 0x0000000002b36000 Exception <a 'sun/nio/fs/WindowsException'> (0x00000000ff1a87c8) thrown at [D:\src\AOSP-openjdk-cygwin\jdk8u\hotspot\src\share\vm\prims\jni.cpp, line 709]
Event: 3.130 Thread 0x0000000002b36000 Exception <a 'sun/nio/fs/WindowsException'> (0x00000000ff1a8d98) thrown at [D:\src\AOSP-openjdk-cygwin\jdk8u\hotspot\src\share\vm\prims\jni.cpp, line 709]
Event: 3.130 Thread 0x0000000002b36000 Exception <a 'sun/nio/fs/WindowsException'> (0x00000000ff1a9390) thrown at [D:\src\AOSP-openjdk-cygwin\jdk8u\hotspot\src\share\vm\prims\jni.cpp, line 709]
Event: 3.130 Thread 0x0000000002b36000 Exception <a 'sun/nio/fs/WindowsException'> (0x00000000ff1a9b60) thrown at [D:\src\AOSP-openjdk-cygwin\jdk8u\hotspot\src\share\vm\prims\jni.cpp, line 709]
Event: 3.130 Thread 0x0000000002b36000 Exception <a 'sun/nio/fs/WindowsException'> (0x00000000ff1aa130) thrown at [D:\src\AOSP-openjdk-cygwin\jdk8u\hotspot\src\share\vm\prims\jni.cpp, line 709]
Event: 3.130 Thread 0x0000000002b36000 Exception <a 'sun/nio/fs/WindowsException'> (0x00000000ff1aa8f0) thrown at [D:\src\AOSP-openjdk-cygwin\jdk8u\hotspot\src\share\vm\prims\jni.cpp, line 709]
Event: 3.133 Thread 0x0000000002b36000 Exception <a 'sun/nio/fs/WindowsException'> (0x00000000ff1afd58) thrown at [D:\src\AOSP-openjdk-cygwin\jdk8u\hotspot\src\share\vm\prims\jni.cpp, line 709]
Event: 3.369 Thread 0x0000000002b36000 Exception <a 'sun/nio/fs/WindowsException'> (0x00000000ff5ba060) thrown at [D:\src\AOSP-openjdk-cygwin\jdk8u\hotspot\src\share\vm\prims\jni.cpp, line 709]
Event: 3.369 Thread 0x0000000002b36000 Exception <a 'sun/nio/fs/WindowsException'> (0x00000000ff5ba620) thrown at [D:\src\AOSP-openjdk-cygwin\jdk8u\hotspot\src\share\vm\prims\jni.cpp, line 709]

Events (10 events):
Event: 4.088 Executing VM operation: ParallelGCFailedAllocation
Event: 4.151 Executing VM operation: ParallelGCFailedAllocation done
Event: 4.157 Thread 0x0000000002b36000 Uncommon trap: trap_request=0xffffff65 fr.pc=0x0000000002ffabb8
Event: 4.157 Thread 0x0000000002b36000 DEOPT PACKING pc=0x0000000002ffabb8 sp=0x0000000002aee590
Event: 4.157 Thread 0x0000000002b36000 DEOPT UNPACKING pc=0x0000000002d4556a sp=0x0000000002aee438 mode 2
Event: 4.160 Thread 0x0000000002b36000 Uncommon trap: trap_request=0xffffff65 fr.pc=0x00000000030370ac
Event: 4.160 Thread 0x0000000002b36000 DEOPT PACKING pc=0x00000000030370ac sp=0x0000000002aee6b0
Event: 4.160 Thread 0x0000000002b36000 DEOPT UNPACKING pc=0x0000000002d4556a sp=0x0000000002aee640 mode 2
Event: 4.404 Executing VM operation: EnableBiasedLocking
Event: 4.404 Executing VM operation: EnableBiasedLocking done


Dynamic libraries:
0x00007ff67b3f0000 - 0x00007ff67b421000 	C:\Program Files\Android\Android Studio\jre\bin\java.exe
0x00007ffbee940000 - 0x00007ffbeeaed000 	C:\Windows\SYSTEM32\ntdll.dll
0x00007ffbec4b0000 - 0x00007ffbec5ee000 	C:\Windows\system32\KERNEL32.DLL
0x00007ffbebb60000 - 0x00007ffbebc75000 	C:\Windows\system32\KERNELBASE.dll
0x00007ffbedeb0000 - 0x00007ffbedf5a000 	C:\Windows\system32\ADVAPI32.dll
0x00007ffbee110000 - 0x00007ffbee287000 	C:\Windows\system32\USER32.dll
0x00007ffbe9780000 - 0x00007ffbe99fb000 	C:\Windows\WinSxS\amd64_microsoft.windows.common-controls_6595b64144ccf1df_6.0.9600.18006_none_623f33d3ecbe86e8\COMCTL32.dll
0x00007ffbedb90000 - 0x00007ffbedc3a000 	C:\Windows\system32\msvcrt.dll
0x00007ffbee4d0000 - 0x00007ffbee529000 	C:\Windows\SYSTEM32\sechost.dll
0x00007ffbebfd0000 - 0x00007ffbec110000 	C:\Windows\system32\RPCRT4.dll
0x00007ffbedfc0000 - 0x00007ffbee10f000 	C:\Windows\system32\GDI32.dll
0x00007ffbebb30000 - 0x00007ffbebb5e000 	C:\Windows\system32\SspiCli.dll
0x00007ffbec470000 - 0x00007ffbec4a6000 	C:\Windows\system32\IMM32.DLL
0x00007ffbec310000 - 0x00007ffbec462000 	C:\Windows\system32\MSCTF.dll
0x000000006ed70000 - 0x000000006ee42000 	C:\Program Files\Android\Android Studio\jre\jre\bin\msvcr100.dll
0x000000006ee50000 - 0x000000006f68e000 	C:\Program Files\Android\Android Studio\jre\jre\bin\server\jvm.dll
0x00007ffbe4260000 - 0x00007ffbe4269000 	C:\Windows\SYSTEM32\WSOCK32.dll
0x00007ffbd8d20000 - 0x00007ffbd8d42000 	C:\Windows\SYSTEM32\WINMM.dll
0x00007ffbe5bd0000 - 0x00007ffbe5bda000 	C:\Windows\SYSTEM32\VERSION.dll
0x00007ffbedb20000 - 0x00007ffbedb27000 	C:\Windows\system32\PSAPI.DLL
0x00007ffbedf60000 - 0x00007ffbedfba000 	C:\Windows\system32\WS2_32.dll
0x00007ffbd8cf0000 - 0x00007ffbd8d1a000 	C:\Windows\SYSTEM32\WINMMBASE.dll
0x00007ffbebfc0000 - 0x00007ffbebfc9000 	C:\Windows\system32\NSI.dll
0x00007ffbebd90000 - 0x00007ffbebddf000 	C:\Windows\SYSTEM32\cfgmgr32.dll
0x00007ffbea890000 - 0x00007ffbea8b8000 	C:\Windows\SYSTEM32\DEVOBJ.dll
0x00007ffbe5f90000 - 0x00007ffbe5f9f000 	C:\Program Files\Android\Android Studio\jre\jre\bin\verify.dll
0x00007ffbd04f0000 - 0x00007ffbd0519000 	C:\Program Files\Android\Android Studio\jre\jre\bin\java.dll
0x00007ffbe5f70000 - 0x00007ffbe5f86000 	C:\Program Files\Android\Android Studio\jre\jre\bin\zip.dll
0x00007ffbec5f0000 - 0x00007ffbedb18000 	C:\Windows\system32\SHELL32.dll
0x00007ffbee720000 - 0x00007ffbee931000 	C:\Windows\SYSTEM32\combase.dll
0x00007ffbedb30000 - 0x00007ffbedb84000 	C:\Windows\system32\SHLWAPI.dll
0x00007ffbea000000 - 0x00007ffbea0b2000 	C:\Windows\SYSTEM32\SHCORE.dll
0x00007ffbeba60000 - 0x00007ffbeba75000 	C:\Windows\SYSTEM32\profapi.dll
0x00007ffbeb360000 - 0x00007ffbeb380000 	C:\Windows\SYSTEM32\CRYPTSP.dll
0x00007ffbeaf80000 - 0x00007ffbeafb6000 	C:\Windows\system32\rsaenh.dll
0x00007ffbeb5b0000 - 0x00007ffbeb5d6000 	C:\Windows\SYSTEM32\bcrypt.dll
0x00007ffbeb090000 - 0x00007ffbeb0b1000 	C:\Windows\SYSTEM32\USERENV.dll
0x00007ffbeb8c0000 - 0x00007ffbeb923000 	C:\Windows\system32\bcryptprimitives.dll
0x00007ffbeb930000 - 0x00007ffbeb93b000 	C:\Windows\SYSTEM32\CRYPTBASE.dll
0x00007ffbd04d0000 - 0x00007ffbd04ea000 	C:\Program Files\Android\Android Studio\jre\jre\bin\net.dll
0x00007ffbeb300000 - 0x00007ffbeb359000 	C:\Windows\system32\mswsock.dll
0x00007ffbe6f50000 - 0x00007ffbe6f7a000 	C:\Windows\SYSTEM32\IPHLPAPI.DLL
0x00007ffbe6f30000 - 0x00007ffbe6f3a000 	C:\Windows\SYSTEM32\WINNSI.DLL
0x00007ffbe6a10000 - 0x00007ffbe6a26000 	C:\Windows\SYSTEM32\dhcpcsvc6.DLL
0x00007ffbe6b80000 - 0x00007ffbe6b9a000 	C:\Windows\SYSTEM32\dhcpcsvc.DLL
0x00007ffbd04b0000 - 0x00007ffbd04c1000 	C:\Program Files\Android\Android Studio\jre\jre\bin\nio.dll

VM Arguments:
jvm_args: -Djava.awt.headless=true -Xmx64M -Dfile.encoding=windows-1256 -Duser.country=US -Duser.language=en -Duser.variant 
java_command: com.google.devtools.build.android.desugar.Desugar --input C:\Users\Tareq Naji\AndroidStudioProjects\ALTARIQ_Restaurant\app\build\intermediates\transforms\stackFramesFixer\debug\22.jar --output C:\Users\Tareq Naji\AndroidStudioProjects\ALTARIQ_Restaurant\app\build\intermediates\transforms\desugar\debug\26.jar --input C:\Users\Tareq Naji\AndroidStudioProjects\ALTARIQ_Restaurant\app\build\intermediates\transforms\stackFramesFixer\debug\0.jar --output C:\Users\Tareq Naji\AndroidStudioProjects\ALTARIQ_Restaurant\app\build\intermediates\transforms\desugar\debug\4.jar --input C:\Users\Tareq Naji\AndroidStudioProjects\ALTARIQ_Restaurant\app\build\intermediates\transforms\stackFramesFixer\debug\10.jar --output C:\Users\Tareq Naji\AndroidStudioProjects\ALTARIQ_Restaurant\app\build\intermediates\transforms\desugar\debug\14.jar --input C:\Users\Tareq Naji\AndroidStudioProjects\ALTARIQ_Restaurant\app\build\intermediates\transforms\stackFramesFixer\debug\16.jar --output C:\Users\Tareq Naji\AndroidStudioProjects\ALTARIQ_Restaurant\app\build\intermediates\transforms\desugar\debug\20.jar --input C:\Users\Tareq Naji\AndroidStudioProjects\ALTARIQ_Restaurant\app\build\intermediates\transforms\stackFramesFixer\debug\28.jar --output C:\Users\Tareq Naji\AndroidStudioProjects\ALTARIQ_Restaurant\app\build\intermediates\transforms\desugar\debug\32.jar --input C:\Users\Tareq Naji\AndroidStudioProjects\ALTARIQ_Restaurant\app\build\intermediates\transforms\stackFramesFixer\debug\37.jar --output C:\Users\Tareq Naji\AndroidStudioProjects\ALTARIQ_Restaurant\app\build\intermediates\transforms\desugar\debug\41.jar --input C:\Users\Tareq Naji\AndroidStudioProjects\ALTARIQ_Restaurant\app\build\intermediates\transforms\stackFramesFixer\debug\24.jar --output C:\Users\Tareq Naji\AndroidStudioProjects\ALTARIQ_Restaurant\app\build\intermediates\transforms\desugar\debug\28.jar --input C:\Users\Tareq Naji\AndroidStudioProjects\ALTARIQ_Restaurant\app\build\intermediates\transforms\stackFramesF
java_class_path (initial): C:\Users\Tareq Naji\AppData\Local\Temp\desugar_deploy.jar7902744861790598049
Launcher Type: SUN_STANDARD

Environment Variables:
PATH=C:\ProgramData\Oracle\Java\javapath;C:\Windows\system32;C:\Windows;C:\Windows\System32\Wbem;C:\Windows\System32\WindowsPowerShell\v1.0\;C:\Program Files (x86)\Intel\OpenCL SDK\2.0\bin\x86;C:\Program Files (x86)\Intel\OpenCL SDK\2.0\bin\x64;C:\Program Files\Microsoft SQL Server\120\DTS\Binn\;C:\Program Files\Microsoft SQL Server\Client SDK\ODBC\110\Tools\Binn\;C:\Program Files (x86)\Microsoft SQL Server\120\Tools\Binn\;C:\Program Files\Microsoft SQL Server\120\Tools\Binn\;C:\Program Files (x86)\Microsoft SQL Server\120\Tools\Binn\ManagementStudio\;C:\Program Files (x86)\Microsoft SQL Server\120\DTS\Binn\;C:\Program Files (x86)\Intel\OpenCL SDK\2.0\bin\x86;C:\Program Files (x86)\Intel\OpenCL SDK\2.0\bin\x64;E:\android-ndk-r10e\;C:\Program Files (x86)\GtkSharp\2.12\bin;C:\Program Files\Microsoft SQL Server\130\Tools\Binn\;C:\Program Files (x86)\Skype\Phone\;C:\Program Files\dotnet\;C:\Program Files\Git\cmd;C:\Program Files (x86)\Microsoft SQL Server\Client SDK\ODBC\130\Tools\Binn\;C:\Program Files (x86)\Microsoft SQL Server\140\Tools\Binn\;C:\Program Files (x86)\Microsoft SQL Server\140\DTS\Binn\;C:\Program Files (x86)\Microsoft SQL Server\140\Tools\Binn\ManagementStudio\;C:\Program Files\Microsoft SQL Server\Client SDK\ODBC\130\Tools\Binn\;C:\Program Files\Microsoft SQL Server\140\Tools\Binn\;C:\Program Files\Microsoft SQL Server\140\DTS\Binn\;C:\Users\Tareq Naji\.dnx\bin;E:\android-ndk-r13b
USERNAME=Tareq Naji
OS=Windows_NT
PROCESSOR_IDENTIFIER=Intel64 Family 6 Model 42 Stepping 7, GenuineIntel



---------------  S Y S T E M  ---------------

OS: Windows 8.1 , 64 bit Build 9600 (6.3.9600.17415)

CPU:total 4 (initial active 4) (2 cores per cpu, 2 threads per core) family 6 model 42 stepping 7, cmov, cx8, fxsr, mmx, sse, sse2, sse3, ssse3, sse4.1, sse4.2, popcnt, avx, aes, clmul, ht, tsc, tscinvbit

Memory: 4k page, physical 8321388k(432316k free), swap 9462972k(3840k free)

vm_info: OpenJDK 64-Bit Server VM (25.152-b01) for windows-amd64 JRE (1.8.0_152-release-915-b01), built by "builder" with MS VC++ 10.0 (VS2010)

time: Tue Mar 13 14:41:16 2018
elapsed time: 4 seconds (0d 0h 0m 4s)

