#
# There is insufficient memory for the Java Runtime Environment to continue.
# Native memory allocation (malloc) failed to allocate 180560 bytes for Chunk::new
# Possible reasons:
#   The system is out of physical RAM or swap space
#   In 32 bit mode, the process size limit was hit
# Possible solutions:
#   Reduce memory load on the system
#   Increase physical memory or swap space
#   Check if swap backing store is full
#   Use 64 bit Java on a 64 bit OS
#   Decrease Java heap size (-Xmx/-Xms)
#   Decrease number of Java threads
#   Decrease Java thread stack sizes (-Xss)
#   Set larger code cache with -XX:ReservedCodeCacheSize=
# This output file may be truncated or incomplete.
#
#  Out of Memory Error (allocation.cpp:390), pid=10028, tid=0x0000000000002328
#
# JRE version: OpenJDK Runtime Environment (8.0_152-b01) (build 1.8.0_152-release-915-b01)
# Java VM: OpenJDK 64-Bit Server VM (25.152-b01 mixed mode windows-amd64 compressed oops)
# Failed to write core dump. Minidumps are not enabled by default on client versions of Windows
#

---------------  T H R E A D  ---------------

Current thread (0x00000000124b9000):  JavaThread "C2 CompilerThread1" daemon [_thread_in_native, id=9000, stack(0x0000000013fb0000,0x00000000140b0000)]

Stack: [0x0000000013fb0000,0x00000000140b0000]
[error occurred during error reporting (printing stack bounds), id 0xc0000005]

Native frames: (J=compiled Java code, j=interpreted, Vv=VM code, C=native code)


Current CompileTask:
C2:   6507 1127       4       org.objectweb.asm.tree.MethodInsnNode::accept (30 bytes)


---------------  P R O C E S S  ---------------

Java Threads: ( => current thread )
  0x0000000013c05800 JavaThread "Service Thread" daemon [_thread_blocked, id=6380, stack(0x00000000141b0000,0x00000000142b0000)]
  0x0000000013c01000 JavaThread "C1 CompilerThread2" daemon [_thread_blocked, id=8236, stack(0x00000000140b0000,0x00000000141b0000)]
=>0x00000000124b9000 JavaThread "C2 CompilerThread1" daemon [_thread_in_native, id=9000, stack(0x0000000013fb0000,0x00000000140b0000)]
  0x000000001246c000 JavaThread "C2 CompilerThread0" daemon [_thread_blocked, id=2948, stack(0x0000000013ab0000,0x0000000013bb0000)]
  0x000000001246b000 JavaThread "Attach Listener" daemon [_thread_blocked, id=7864, stack(0x00000000139b0000,0x0000000013ab0000)]
  0x00000000124b7800 JavaThread "Signal Dispatcher" daemon [_thread_blocked, id=9516, stack(0x00000000138b0000,0x00000000139b0000)]
  0x000000001244e000 JavaThread "Finalizer" daemon [_thread_blocked, id=6340, stack(0x00000000136b0000,0x00000000137b0000)]
  0x00000000020f7800 JavaThread "Reference Handler" daemon [_thread_blocked, id=5240, stack(0x00000000135b0000,0x00000000136b0000)]
  0x0000000002006800 JavaThread "main" [_thread_in_Java, id=6860, stack(0x0000000001f00000,0x0000000002000000)]

Other Threads:
  0x0000000012424800 VMThread [stack: 0x00000000134b0000,0x00000000135b0000] [id=6044]
  0x0000000013c07800 WatcherThread [stack: 0x00000000142b0000,0x00000000143b0000] [id=1112]

VM state:not at safepoint (normal execution)

VM Mutex/Monitor currently owned by a thread: None

Heap:
 PSYoungGen      total 18944K, used 3006K [0x00000000feb00000, 0x0000000100000000, 0x0000000100000000)
  eden space 16384K, 2% used [0x00000000feb00000,0x00000000feb712b8,0x00000000ffb00000)
  from space 2560K, 99% used [0x00000000ffb00000,0x00000000ffd7e850,0x00000000ffd80000)
  to   space 2560K, 0% used [0x00000000ffd80000,0x00000000ffd80000,0x0000000100000000)
 ParOldGen       total 44032K, used 7020K [0x00000000fc000000, 0x00000000feb00000, 0x00000000feb00000)
  object space 44032K, 15% used [0x00000000fc000000,0x00000000fc6db118,0x00000000feb00000)
 Metaspace       used 7744K, capacity 7916K, committed 8192K, reserved 1056768K
  class space    used 875K, capacity 956K, committed 1024K, reserved 1048576K

Card table byte_map: [0x0000000000530000,0x0000000000560000] byte_map_base: 0xffffffffffd50000

Marking Bits: (ParMarkBitMap*) 0x000000005bdd3950
 Begin Bits: [0x00000000118c0000, 0x00000000119c0000)
 End Bits:   [0x00000000119c0000, 0x0000000011ac0000)

Polling page: 0x0000000000500000

CodeCache: size=245760Kb used=4316Kb max_used=4326Kb free=241443Kb
 bounds [0x0000000002100000, 0x0000000002540000, 0x0000000011100000]
 total_blobs=1463 nmethods=1130 adapters=246
 compilation: enabled

Compilation events (10 events):
Event: 5.414 Thread 0x00000000124b9000 1127       4       org.objectweb.asm.tree.MethodInsnNode::accept (30 bytes)
Event: 5.415 Thread 0x0000000013c01000 nmethod 1122 0x000000000250af90 code [0x000000000250b1e0, 0x000000000250c1a8]
Event: 5.415 Thread 0x0000000013c01000 1123       3       org.objectweb.asm.tree.AnnotationNode::visit (766 bytes)
Event: 5.426 Thread 0x0000000013c01000 nmethod 1123 0x00000000025354d0 code [0x0000000002535c00, 0x000000000253b448]
Event: 5.462 Thread 0x0000000013c01000 1128       3       org.objectweb.asm.tree.MethodNode::getLabelNodes (51 bytes)
Event: 5.463 Thread 0x000000001246c000 1129       4       java.util.ArrayList::<init> (61 bytes)
Event: 5.463 Thread 0x0000000013c01000 nmethod 1128 0x00000000025129d0 code [0x0000000002512ba0, 0x0000000002513630]
Event: 5.466 Thread 0x000000001246c000 nmethod 1129 0x0000000002512650 code [0x00000000025127a0, 0x0000000002512918]
Event: 5.466 Thread 0x0000000013c01000 1130       1       org.objectweb.asm.tree.AnnotationNode::visitEnd (1 bytes)
Event: 5.467 Thread 0x0000000013c01000 nmethod 1130 0x0000000002515050 code [0x00000000025151a0, 0x00000000025152b0]

GC Heap History (6 events):
Event: 1.959 GC heap before
{Heap before GC invocations=1 (full 0):
 PSYoungGen      total 18944K, used 16384K [0x00000000feb00000, 0x0000000100000000, 0x0000000100000000)
  eden space 16384K, 100% used [0x00000000feb00000,0x00000000ffb00000,0x00000000ffb00000)
  from space 2560K, 0% used [0x00000000ffd80000,0x00000000ffd80000,0x0000000100000000)
  to   space 2560K, 0% used [0x00000000ffb00000,0x00000000ffb00000,0x00000000ffd80000)
 ParOldGen       total 44032K, used 0K [0x00000000fc000000, 0x00000000feb00000, 0x00000000feb00000)
  object space 44032K, 0% used [0x00000000fc000000,0x00000000fc000000,0x00000000feb00000)
 Metaspace       used 6563K, capacity 6746K, committed 7040K, reserved 1056768K
  class space    used 773K, capacity 823K, committed 896K, reserved 1048576K
Event: 2.017 GC heap after
Heap after GC invocations=1 (full 0):
 PSYoungGen      total 18944K, used 2544K [0x00000000feb00000, 0x0000000100000000, 0x0000000100000000)
  eden space 16384K, 0% used [0x00000000feb00000,0x00000000feb00000,0x00000000ffb00000)
  from space 2560K, 99% used [0x00000000ffb00000,0x00000000ffd7c020,0x00000000ffd80000)
  to   space 2560K, 0% used [0x00000000ffd80000,0x00000000ffd80000,0x0000000100000000)
 ParOldGen       total 44032K, used 1662K [0x00000000fc000000, 0x00000000feb00000, 0x00000000feb00000)
  object space 44032K, 3% used [0x00000000fc000000,0x00000000fc19fb08,0x00000000feb00000)
 Metaspace       used 6563K, capacity 6746K, committed 7040K, reserved 1056768K
  class space    used 773K, capacity 823K, committed 896K, reserved 1048576K
}
Event: 3.384 GC heap before
{Heap before GC invocations=2 (full 0):
 PSYoungGen      total 18944K, used 18928K [0x00000000feb00000, 0x0000000100000000, 0x0000000100000000)
  eden space 16384K, 100% used [0x00000000feb00000,0x00000000ffb00000,0x00000000ffb00000)
  from space 2560K, 99% used [0x00000000ffb00000,0x00000000ffd7c020,0x00000000ffd80000)
  to   space 2560K, 0% used [0x00000000ffd80000,0x00000000ffd80000,0x0000000100000000)
 ParOldGen       total 44032K, used 1662K [0x00000000fc000000, 0x00000000feb00000, 0x00000000feb00000)
  object space 44032K, 3% used [0x00000000fc000000,0x00000000fc19fb08,0x00000000feb00000)
 Metaspace       used 7564K, capacity 7724K, committed 7936K, reserved 1056768K
  class space    used 875K, capacity 956K, committed 1024K, reserved 1048576K
Event: 3.418 GC heap after
Heap after GC invocations=2 (full 0):
 PSYoungGen      total 18944K, used 2547K [0x00000000feb00000, 0x0000000100000000, 0x0000000100000000)
  eden space 16384K, 0% used [0x00000000feb00000,0x00000000feb00000,0x00000000ffb00000)
  from space 2560K, 99% used [0x00000000ffd80000,0x00000000ffffcf20,0x0000000100000000)
  to   space 2560K, 0% used [0x00000000ffb00000,0x00000000ffb00000,0x00000000ffd80000)
 ParOldGen       total 44032K, used 5302K [0x00000000fc000000, 0x00000000feb00000, 0x00000000feb00000)
  object space 44032K, 12% used [0x00000000fc000000,0x00000000fc52d858,0x00000000feb00000)
 Metaspace       used 7564K, capacity 7724K, committed 7936K, reserved 1056768K
  class space    used 875K, capacity 956K, committed 1024K, reserved 1048576K
}
Event: 5.467 GC heap before
{Heap before GC invocations=3 (full 0):
 PSYoungGen      total 18944K, used 18931K [0x00000000feb00000, 0x0000000100000000, 0x0000000100000000)
  eden space 16384K, 100% used [0x00000000feb00000,0x00000000ffb00000,0x00000000ffb00000)
  from space 2560K, 99% used [0x00000000ffd80000,0x00000000ffffcf20,0x0000000100000000)
  to   space 2560K, 0% used [0x00000000ffb00000,0x00000000ffb00000,0x00000000ffd80000)
 ParOldGen       total 44032K, used 5302K [0x00000000fc000000, 0x00000000feb00000, 0x00000000feb00000)
  object space 44032K, 12% used [0x00000000fc000000,0x00000000fc52d858,0x00000000feb00000)
 Metaspace       used 7743K, capacity 7916K, committed 8192K, reserved 1056768K
  class space    used 875K, capacity 956K, committed 1024K, reserved 1048576K
Event: 6.504 GC heap after
Heap after GC invocations=3 (full 0):
 PSYoungGen      total 18944K, used 2554K [0x00000000feb00000, 0x0000000100000000, 0x0000000100000000)
  eden space 16384K, 0% used [0x00000000feb00000,0x00000000feb00000,0x00000000ffb00000)
  from space 2560K, 99% used [0x00000000ffb00000,0x00000000ffd7e850,0x00000000ffd80000)
  to   space 2560K, 0% used [0x00000000ffd80000,0x00000000ffd80000,0x0000000100000000)
 ParOldGen       total 44032K, used 7020K [0x00000000fc000000, 0x00000000feb00000, 0x00000000feb00000)
  object space 44032K, 15% used [0x00000000fc000000,0x00000000fc6db118,0x00000000feb00000)
 Metaspace       used 7743K, capacity 7916K, committed 8192K, reserved 1056768K
  class space    used 875K, capacity 956K, committed 1024K, reserved 1048576K
}

Deoptimization events (10 events):
Event: 2.463 Thread 0x0000000002006800 Uncommon trap: reason=unloaded action=reinterpret pc=0x0000000002307fc4 method=java.util.zip.ZipEntry.setExtra0([BZ)V @ 37
Event: 2.959 Thread 0x0000000002006800 Uncommon trap: reason=unstable_if action=reinterpret pc=0x00000000022ee62c method=java.lang.String.<init>([CII)V @ 18
Event: 3.495 Thread 0x0000000002006800 Uncommon trap: reason=unstable_if action=reinterpret pc=0x0000000002415340 method=org.objectweb.asm.Item.a(Lorg/objectweb/asm/Item;)Z @ 345
Event: 3.749 Thread 0x0000000002006800 Uncommon trap: reason=unstable_if action=reinterpret pc=0x000000000248feac method=org.objectweb.asm.ByteVector.putInt(I)Lorg/objectweb/asm/ByteVector; @ 13
Event: 4.575 Thread 0x0000000002006800 Uncommon trap: reason=unstable_if action=reinterpret pc=0x00000000023e50a4 method=org.objectweb.asm.ClassReader.a(II[C)Ljava/lang/String; @ 77
Event: 4.576 Thread 0x0000000002006800 Uncommon trap: reason=unstable_if action=reinterpret pc=0x000000000242da1c method=org.objectweb.asm.ByteVector.putUTF8(Ljava/lang/String;)Lorg/objectweb/asm/ByteVector; @ 91
Event: 4.578 Thread 0x0000000002006800 Uncommon trap: reason=unstable_if action=reinterpret pc=0x00000000023b37b0 method=org.objectweb.asm.ClassReader.a(II[C)Ljava/lang/String; @ 77
Event: 4.578 Thread 0x0000000002006800 Uncommon trap: reason=unstable_if action=reinterpret pc=0x00000000023b40f0 method=org.objectweb.asm.ByteVector.putUTF8(Ljava/lang/String;)Lorg/objectweb/asm/ByteVector; @ 91
Event: 5.388 Thread 0x0000000002006800 Uncommon trap: reason=null_check action=make_not_entrant pc=0x0000000002505454 method=com.google.devtools.build.android.desugar.InterfaceDesugaring$InterfaceInvocationRewriter.visitMethodInsn(ILjava/lang/String;Ljava/lang/String;Ljava/lang/String;Z)V @ 10
Event: 5.399 Thread 0x0000000002006800 Uncommon trap: reason=unstable_if action=reinterpret pc=0x00000000024e6fac method=org.objectweb.asm.tree.MethodNode.getLabelNodes([Ljava/lang/Object;)[Ljava/lang/Object; @ 24

Classes redefined (0 events):
No events

Internal exceptions (10 events):
Event: 3.935 Thread 0x0000000002006800 Exception <a 'sun/nio/fs/WindowsException'> (0x00000000ff2c5f20) thrown at [D:\src\AOSP-openjdk-cygwin\jdk8u\hotspot\src\share\vm\prims\jni.cpp, line 709]
Event: 3.948 Thread 0x0000000002006800 Exception <a 'sun/nio/fs/WindowsException'> (0x00000000ff31a348) thrown at [D:\src\AOSP-openjdk-cygwin\jdk8u\hotspot\src\share\vm\prims\jni.cpp, line 709]
Event: 3.949 Thread 0x0000000002006800 Exception <a 'sun/nio/fs/WindowsException'> (0x00000000ff31a888) thrown at [D:\src\AOSP-openjdk-cygwin\jdk8u\hotspot\src\share\vm\prims\jni.cpp, line 709]
Event: 4.502 Thread 0x0000000002006800 Exception <a 'sun/nio/fs/WindowsException'> (0x00000000ff3b72f0) thrown at [D:\src\AOSP-openjdk-cygwin\jdk8u\hotspot\src\share\vm\prims\jni.cpp, line 709]
Event: 4.503 Thread 0x0000000002006800 Exception <a 'sun/nio/fs/WindowsException'> (0x00000000ff3b7830) thrown at [D:\src\AOSP-openjdk-cygwin\jdk8u\hotspot\src\share\vm\prims\jni.cpp, line 709]
Event: 4.581 Thread 0x0000000002006800 Exception <a 'sun/nio/fs/WindowsException'> (0x00000000ff3ca7f0) thrown at [D:\src\AOSP-openjdk-cygwin\jdk8u\hotspot\src\share\vm\prims\jni.cpp, line 709]
Event: 4.582 Thread 0x0000000002006800 Exception <a 'sun/nio/fs/WindowsException'> (0x00000000ff3cad30) thrown at [D:\src\AOSP-openjdk-cygwin\jdk8u\hotspot\src\share\vm\prims\jni.cpp, line 709]
Event: 5.011 Thread 0x0000000002006800 Exception <a 'sun/nio/fs/WindowsException'> (0x00000000ff5c18e8) thrown at [D:\src\AOSP-openjdk-cygwin\jdk8u\hotspot\src\share\vm\prims\jni.cpp, line 709]
Event: 5.012 Thread 0x0000000002006800 Exception <a 'sun/nio/fs/WindowsException'> (0x00000000ff5c1e28) thrown at [D:\src\AOSP-openjdk-cygwin\jdk8u\hotspot\src\share\vm\prims\jni.cpp, line 709]
Event: 5.388 Thread 0x0000000002006800 Implicit null exception at 0x000000000250516a to 0x0000000002505431

Events (10 events):
Event: 5.388 Thread 0x0000000002006800 Uncommon trap: trap_request=0xfffffff4 fr.pc=0x0000000002505454
Event: 5.388 Thread 0x0000000002006800 DEOPT PACKING pc=0x0000000002505454 sp=0x0000000001ffee90
Event: 5.388 Thread 0x0000000002006800 DEOPT UNPACKING pc=0x000000000214556a sp=0x0000000001ffee10 mode 2
Event: 5.399 Thread 0x0000000002006800 Uncommon trap: trap_request=0xffffff65 fr.pc=0x00000000024e6fac
Event: 5.399 Thread 0x0000000002006800 DEOPT PACKING pc=0x00000000024e6fac sp=0x0000000001ffefb0
Event: 5.399 Thread 0x0000000002006800 DEOPT UNPACKING pc=0x000000000214556a sp=0x0000000001ffef40 mode 2
Event: 5.405 Thread 0x0000000002006800 DEOPT PACKING pc=0x00000000024290c6 sp=0x0000000001ffef40
Event: 5.405 Thread 0x0000000002006800 DEOPT UNPACKING pc=0x00000000021475bf sp=0x0000000001ffed20 mode 0
Event: 5.467 Executing VM operation: ParallelGCFailedAllocation
Event: 6.504 Executing VM operation: ParallelGCFailedAllocation done


Dynamic libraries:
0x00007ff687940000 - 0x00007ff687971000 	C:\Program Files\Android\Android Studio\jre\bin\java.exe
0x00007ffbe79c0000 - 0x00007ffbe7b6d000 	C:\Windows\SYSTEM32\ntdll.dll
0x00007ffbe5730000 - 0x00007ffbe586e000 	C:\Windows\system32\KERNEL32.DLL
0x00007ffbe4e90000 - 0x00007ffbe4fa5000 	C:\Windows\system32\KERNELBASE.dll
0x00007ffbe5c30000 - 0x00007ffbe5cda000 	C:\Windows\system32\ADVAPI32.dll
0x00007ffbe5870000 - 0x00007ffbe59e7000 	C:\Windows\system32\USER32.dll
0x00007ffbe2230000 - 0x00007ffbe24ab000 	C:\Windows\WinSxS\amd64_microsoft.windows.common-controls_6595b64144ccf1df_6.0.9600.18006_none_623f33d3ecbe86e8\COMCTL32.dll
0x00007ffbe6140000 - 0x00007ffbe61ea000 	C:\Windows\system32\msvcrt.dll
0x00007ffbe5bd0000 - 0x00007ffbe5c29000 	C:\Windows\SYSTEM32\sechost.dll
0x00007ffbe55f0000 - 0x00007ffbe5730000 	C:\Windows\system32\RPCRT4.dll
0x00007ffbe51f0000 - 0x00007ffbe533f000 	C:\Windows\system32\GDI32.dll
0x00007ffbe5010000 - 0x00007ffbe503e000 	C:\Windows\system32\SspiCli.dll
0x00007ffbe5550000 - 0x00007ffbe5586000 	C:\Windows\system32\IMM32.DLL
0x00007ffbe59f0000 - 0x00007ffbe5b42000 	C:\Windows\system32\MSCTF.dll
0x000000005b480000 - 0x000000005b552000 	C:\Program Files\Android\Android Studio\jre\jre\bin\msvcr100.dll
0x000000005b610000 - 0x000000005be4e000 	C:\Program Files\Android\Android Studio\jre\jre\bin\server\jvm.dll
0x00007ffbdd240000 - 0x00007ffbdd249000 	C:\Windows\SYSTEM32\WSOCK32.dll
0x00007ffbd1e30000 - 0x00007ffbd1e52000 	C:\Windows\SYSTEM32\WINMM.dll
0x00007ffbdd7a0000 - 0x00007ffbdd7aa000 	C:\Windows\SYSTEM32\VERSION.dll
0x00007ffbe51e0000 - 0x00007ffbe51e7000 	C:\Windows\system32\PSAPI.DLL
0x00007ffbe61f0000 - 0x00007ffbe624a000 	C:\Windows\system32\WS2_32.dll
0x00007ffbd1e00000 - 0x00007ffbd1e2a000 	C:\Windows\SYSTEM32\WINMMBASE.dll
0x00007ffbe5400000 - 0x00007ffbe5409000 	C:\Windows\system32\NSI.dll
0x00007ffbe4e40000 - 0x00007ffbe4e8f000 	C:\Windows\SYSTEM32\cfgmgr32.dll
0x00007ffbe3930000 - 0x00007ffbe3958000 	C:\Windows\SYSTEM32\DEVOBJ.dll
0x00007ffbe11c0000 - 0x00007ffbe11cf000 	C:\Program Files\Android\Android Studio\jre\jre\bin\verify.dll
0x00007ffbe0d50000 - 0x00007ffbe0d79000 	C:\Program Files\Android\Android Studio\jre\jre\bin\java.dll
0x00007ffbe11a0000 - 0x00007ffbe11b6000 	C:\Program Files\Android\Android Studio\jre\jre\bin\zip.dll
0x00007ffbe6250000 - 0x00007ffbe7778000 	C:\Windows\system32\SHELL32.dll
0x00007ffbe7790000 - 0x00007ffbe79a1000 	C:\Windows\SYSTEM32\combase.dll
0x00007ffbe5590000 - 0x00007ffbe55e4000 	C:\Windows\system32\SHLWAPI.dll
0x00007ffbe2e60000 - 0x00007ffbe2f12000 	C:\Windows\SYSTEM32\SHCORE.dll
0x00007ffbe4ae0000 - 0x00007ffbe4af5000 	C:\Windows\SYSTEM32\profapi.dll
0x00007ffbe43e0000 - 0x00007ffbe4400000 	C:\Windows\SYSTEM32\CRYPTSP.dll
0x00007ffbe4000000 - 0x00007ffbe4036000 	C:\Windows\system32\rsaenh.dll
0x00007ffbe4630000 - 0x00007ffbe4656000 	C:\Windows\SYSTEM32\bcrypt.dll
0x00007ffbe4110000 - 0x00007ffbe4131000 	C:\Windows\SYSTEM32\USERENV.dll
0x00007ffbe4940000 - 0x00007ffbe49a3000 	C:\Windows\system32\bcryptprimitives.dll
0x00007ffbe49b0000 - 0x00007ffbe49bb000 	C:\Windows\SYSTEM32\CRYPTBASE.dll
0x00007ffbe0d30000 - 0x00007ffbe0d4a000 	C:\Program Files\Android\Android Studio\jre\jre\bin\net.dll
0x00007ffbe4380000 - 0x00007ffbe43d9000 	C:\Windows\system32\mswsock.dll
0x00007ffbdffd0000 - 0x00007ffbdfffa000 	C:\Windows\SYSTEM32\IPHLPAPI.DLL
0x00007ffbdffb0000 - 0x00007ffbdffba000 	C:\Windows\SYSTEM32\WINNSI.DLL
0x00007ffbdfa70000 - 0x00007ffbdfa86000 	C:\Windows\SYSTEM32\dhcpcsvc6.DLL
0x00007ffbdfc70000 - 0x00007ffbdfc8a000 	C:\Windows\SYSTEM32\dhcpcsvc.DLL
0x00007ffbe0d10000 - 0x00007ffbe0d21000 	C:\Program Files\Android\Android Studio\jre\jre\bin\nio.dll

VM Arguments:
jvm_args: -Djava.awt.headless=true -Xmx64M -Dfile.encoding=windows-1256 -Duser.country=US -Duser.language=en -Duser.variant 
java_command: com.google.devtools.build.android.desugar.Desugar --input C:\Users\Tareq Naji\AndroidStudioProjects\ALTARIQ_Restaurant\app\build\intermediates\transforms\stackFramesFixer\debug\10.jar --output C:\Users\Tareq Naji\AndroidStudioProjects\ALTARIQ_Restaurant\app\build\intermediates\transforms\desugar\debug\14.jar --input C:\Users\Tareq Naji\AndroidStudioProjects\ALTARIQ_Restaurant\app\build\intermediates\transforms\stackFramesFixer\debug\39.jar --output C:\Users\Tareq Naji\AndroidStudioProjects\ALTARIQ_Restaurant\app\build\intermediates\transforms\desugar\debug\43.jar --input C:\Users\Tareq Naji\AndroidStudioProjects\ALTARIQ_Restaurant\app\build\intermediates\transforms\stackFramesFixer\debug\9.jar --output C:\Users\Tareq Naji\AndroidStudioProjects\ALTARIQ_Restaurant\app\build\intermediates\transforms\desugar\debug\13.jar --input C:\Users\Tareq Naji\AndroidStudioProjects\ALTARIQ_Restaurant\app\build\intermediates\transforms\stackFramesFixer\debug\11.jar --output C:\Users\Tareq Naji\AndroidStudioProjects\ALTARIQ_Restaurant\app\build\intermediates\transforms\desugar\debug\15.jar --input C:\Users\Tareq Naji\AndroidStudioProjects\ALTARIQ_Restaurant\app\build\intermediates\transforms\stackFramesFixer\debug\29.jar --output C:\Users\Tareq Naji\AndroidStudioProjects\ALTARIQ_Restaurant\app\build\intermediates\transforms\desugar\debug\33.jar --input C:\Users\Tareq Naji\AndroidStudioProjects\ALTARIQ_Restaurant\app\build\intermediates\transforms\stackFramesFixer\debug\18.jar --output C:\Users\Tareq Naji\AndroidStudioProjects\ALTARIQ_Restaurant\app\build\intermediates\transforms\desugar\debug\22.jar --input C:\Users\Tareq Naji\AndroidStudioProjects\ALTARIQ_Restaurant\app\build\intermediates\transforms\stackFramesFixer\debug\7.jar --output C:\Users\Tareq Naji\AndroidStudioProjects\ALTARIQ_Restaurant\app\build\intermediates\transforms\desugar\debug\11.jar --input C:\Users\Tareq Naji\AndroidStudioProjects\ALTARIQ_Restaurant\app\build\intermediates\transforms\stackFramesF
java_class_path (initial): C:\Users\Tareq Naji\AppData\Local\Temp\desugar_deploy.jar6854431857360693325
Launcher Type: SUN_STANDARD

Environment Variables:
PATH=C:\ProgramData\Oracle\Java\javapath;C:\Windows\system32;C:\Windows;C:\Windows\System32\Wbem;C:\Windows\System32\WindowsPowerShell\v1.0\;C:\Program Files (x86)\Intel\OpenCL SDK\2.0\bin\x86;C:\Program Files (x86)\Intel\OpenCL SDK\2.0\bin\x64;C:\Program Files\Microsoft SQL Server\120\DTS\Binn\;C:\Program Files\Microsoft SQL Server\Client SDK\ODBC\110\Tools\Binn\;C:\Program Files (x86)\Microsoft SQL Server\120\Tools\Binn\;C:\Program Files\Microsoft SQL Server\120\Tools\Binn\;C:\Program Files (x86)\Microsoft SQL Server\120\Tools\Binn\ManagementStudio\;C:\Program Files (x86)\Microsoft SQL Server\120\DTS\Binn\;C:\Program Files (x86)\Intel\OpenCL SDK\2.0\bin\x86;C:\Program Files (x86)\Intel\OpenCL SDK\2.0\bin\x64;E:\android-ndk-r10e\;C:\Program Files (x86)\GtkSharp\2.12\bin;C:\Program Files\Microsoft SQL Server\130\Tools\Binn\;C:\Program Files (x86)\Skype\Phone\;C:\Program Files\dotnet\;C:\Program Files\Git\cmd;C:\Program Files (x86)\Microsoft SQL Server\Client SDK\ODBC\130\Tools\Binn\;C:\Program Files (x86)\Microsoft SQL Server\140\Tools\Binn\;C:\Program Files (x86)\Microsoft SQL Server\140\DTS\Binn\;C:\Program Files (x86)\Microsoft SQL Server\140\Tools\Binn\ManagementStudio\;C:\Program Files\Microsoft SQL Server\Client SDK\ODBC\130\Tools\Binn\;C:\Program Files\Microsoft SQL Server\140\Tools\Binn\;C:\Program Files\Microsoft SQL Server\140\DTS\Binn\;C:\Users\Tareq Naji\.dnx\bin;E:\android-ndk-r13b
USERNAME=Tareq Naji
OS=Windows_NT
PROCESSOR_IDENTIFIER=Intel64 Family 6 Model 42 Stepping 7, GenuineIntel



---------------  S Y S T E M  ---------------

OS: Windows 8.1 , 64 bit Build 9600 (6.3.9600.17415)

CPU:total 4 (initial active 4) (2 cores per cpu, 2 threads per core) family 6 model 42 stepping 7, cmov, cx8, fxsr, mmx, sse, sse2, sse3, ssse3, sse4.1, sse4.2, popcnt, avx, aes, clmul, ht, tsc, tscinvbit

Memory: 4k page, physical 8321388k(350508k free), swap 9263608k(4072k free)

vm_info: OpenJDK 64-Bit Server VM (25.152-b01) for windows-amd64 JRE (1.8.0_152-release-915-b01), built by "builder" with MS VC++ 10.0 (VS2010)

time: Mon Mar 19 13:23:19 2018
elapsed time: 6 seconds (0d 0h 0m 6s)

