#
# There is insufficient memory for the Java Runtime Environment to continue.
# Native memory allocation (malloc) failed to allocate 1823824 bytes for Chunk::new
# Possible reasons:
#   The system is out of physical RAM or swap space
#   In 32 bit mode, the process size limit was hit
# Possible solutions:
#   Reduce memory load on the system
#   Increase physical memory or swap space
#   Check if swap backing store is full
#   Use 64 bit Java on a 64 bit OS
#   Decrease Java heap size (-Xmx/-Xms)
#   Decrease number of Java threads
#   Decrease Java thread stack sizes (-Xss)
#   Set larger code cache with -XX:ReservedCodeCacheSize=
# This output file may be truncated or incomplete.
#
#  Out of Memory Error (allocation.cpp:390), pid=4764, tid=0x0000000000001368
#
# JRE version: OpenJDK Runtime Environment (8.0_152-b01) (build 1.8.0_152-release-915-b01)
# Java VM: OpenJDK 64-Bit Server VM (25.152-b01 mixed mode windows-amd64 compressed oops)
# Failed to write core dump. Minidumps are not enabled by default on client versions of Windows
#

---------------  T H R E A D  ---------------

Current thread (0x0000000012428000):  JavaThread "C2 CompilerThread1" daemon [_thread_in_native, id=4968, stack(0x0000000013f10000,0x0000000014010000)]

Stack: [0x0000000013f10000,0x0000000014010000]
[error occurred during error reporting (printing stack bounds), id 0xc0000005]

Native frames: (J=compiled Java code, j=interpreted, Vv=VM code, C=native code)


Current CompileTask:
C2:   3565  906 %     4       org.objectweb.asm.ClassReader::a @ 1480 (3587 bytes)


---------------  P R O C E S S  ---------------

Java Threads: ( => current thread )
  0x0000000013b66000 JavaThread "Service Thread" daemon [_thread_blocked, id=7800, stack(0x0000000014110000,0x0000000014210000)]
  0x000000001242e800 JavaThread "C1 CompilerThread2" daemon [_thread_blocked, id=10676, stack(0x0000000014010000,0x0000000014110000)]
=>0x0000000012428000 JavaThread "C2 CompilerThread1" daemon [_thread_in_native, id=4968, stack(0x0000000013f10000,0x0000000014010000)]
  0x00000000123db800 JavaThread "C2 CompilerThread0" daemon [_thread_blocked, id=5988, stack(0x0000000013a10000,0x0000000013b10000)]
  0x00000000123cc000 JavaThread "Attach Listener" daemon [_thread_blocked, id=9012, stack(0x0000000013910000,0x0000000013a10000)]
  0x0000000012427800 JavaThread "Signal Dispatcher" daemon [_thread_blocked, id=11108, stack(0x0000000013810000,0x0000000013910000)]
  0x00000000123be000 JavaThread "Finalizer" daemon [_thread_blocked, id=10424, stack(0x0000000013630000,0x0000000013730000)]
  0x0000000002067000 JavaThread "Reference Handler" daemon [_thread_blocked, id=1916, stack(0x0000000013530000,0x0000000013630000)]
  0x0000000001f76000 JavaThread "main" [_thread_in_Java, id=3204, stack(0x0000000001e70000,0x0000000001f70000)]

Other Threads:
  0x0000000012394000 VMThread [stack: 0x0000000013430000,0x0000000013530000] [id=9576]
  0x0000000013b68000 WatcherThread [stack: 0x0000000014210000,0x0000000014310000] [id=10988]

VM state:not at safepoint (normal execution)

VM Mutex/Monitor currently owned by a thread: None

Heap:
 PSYoungGen      total 18944K, used 5256K [0x00000000feb00000, 0x0000000100000000, 0x0000000100000000)
  eden space 16384K, 16% used [0x00000000feb00000,0x00000000feda9690,0x00000000ffb00000)
  from space 2560K, 98% used [0x00000000ffd80000,0x00000000ffff8d28,0x0000000100000000)
  to   space 2560K, 0% used [0x00000000ffb00000,0x00000000ffb00000,0x00000000ffd80000)
 ParOldGen       total 44032K, used 5487K [0x00000000fc000000, 0x00000000feb00000, 0x00000000feb00000)
  object space 44032K, 12% used [0x00000000fc000000,0x00000000fc55bc68,0x00000000feb00000)
 Metaspace       used 7624K, capacity 7784K, committed 7936K, reserved 1056768K
  class space    used 874K, capacity 956K, committed 1024K, reserved 1048576K

Card table byte_map: [0x0000000001d80000,0x0000000001db0000] byte_map_base: 0x00000000015a0000

Marking Bits: (ParMarkBitMap*) 0x000000006f613950
 Begin Bits: [0x0000000011830000, 0x0000000011930000)
 End Bits:   [0x0000000011930000, 0x0000000011a30000)

Polling page: 0x0000000001d50000

CodeCache: size=245760Kb used=3641Kb max_used=3651Kb free=242118Kb
 bounds [0x0000000002070000, 0x0000000002410000, 0x0000000011070000]
 total_blobs=1290 nmethods=958 adapters=246
 compilation: enabled

Compilation events (10 events):
Event: 3.479 Thread 0x000000001242e800  955       3       org.objectweb.asm.ClassWriter::toByteArray (1282 bytes)
Event: 3.485 Thread 0x000000001242e800 nmethod 955 0x00000000023fa7d0 code [0x00000000023fb000, 0x00000000023fef38]
Event: 3.488 Thread 0x000000001242e800  956       3       com.google.common.collect.RegularImmutableMap::get (13 bytes)
Event: 3.488 Thread 0x000000001242e800 nmethod 956 0x00000000023f6d10 code [0x00000000023f6e80, 0x00000000023f7028]
Event: 3.488 Thread 0x000000001242e800  957       3       com.google.common.collect.RegularImmutableMap::get (60 bytes)
Event: 3.489 Thread 0x000000001242e800 nmethod 957 0x00000000023f6190 code [0x00000000023f6340, 0x00000000023f6a68]
Event: 3.490 Thread 0x00000000123db800  958       4       java.util.ArrayList::get (11 bytes)
Event: 3.491 Thread 0x00000000123db800 nmethod 958 0x00000000023f8bd0 code [0x00000000023f8d00, 0x00000000023f8db8]
Event: 3.492 Thread 0x000000001242e800  959       3       org.objectweb.asm.ClassVisitor::<init> (7 bytes)
Event: 3.492 Thread 0x000000001242e800 nmethod 959 0x00000000023f9d90 code [0x00000000023f9f20, 0x00000000023fa288]

GC Heap History (4 events):
Event: 1.572 GC heap before
{Heap before GC invocations=1 (full 0):
 PSYoungGen      total 18944K, used 16384K [0x00000000feb00000, 0x0000000100000000, 0x0000000100000000)
  eden space 16384K, 100% used [0x00000000feb00000,0x00000000ffb00000,0x00000000ffb00000)
  from space 2560K, 0% used [0x00000000ffd80000,0x00000000ffd80000,0x0000000100000000)
  to   space 2560K, 0% used [0x00000000ffb00000,0x00000000ffb00000,0x00000000ffd80000)
 ParOldGen       total 44032K, used 0K [0x00000000fc000000, 0x00000000feb00000, 0x00000000feb00000)
  object space 44032K, 0% used [0x00000000fc000000,0x00000000fc000000,0x00000000feb00000)
 Metaspace       used 6585K, capacity 6746K, committed 7040K, reserved 1056768K
  class space    used 773K, capacity 823K, committed 896K, reserved 1048576K
Event: 1.577 GC heap after
Heap after GC invocations=1 (full 0):
 PSYoungGen      total 18944K, used 2528K [0x00000000feb00000, 0x0000000100000000, 0x0000000100000000)
  eden space 16384K, 0% used [0x00000000feb00000,0x00000000feb00000,0x00000000ffb00000)
  from space 2560K, 98% used [0x00000000ffb00000,0x00000000ffd78030,0x00000000ffd80000)
  to   space 2560K, 0% used [0x00000000ffd80000,0x00000000ffd80000,0x0000000100000000)
 ParOldGen       total 44032K, used 1602K [0x00000000fc000000, 0x00000000feb00000, 0x00000000feb00000)
  object space 44032K, 3% used [0x00000000fc000000,0x00000000fc190930,0x00000000feb00000)
 Metaspace       used 6585K, capacity 6746K, committed 7040K, reserved 1056768K
  class space    used 773K, capacity 823K, committed 896K, reserved 1048576K
}
Event: 2.913 GC heap before
{Heap before GC invocations=2 (full 0):
 PSYoungGen      total 18944K, used 18912K [0x00000000feb00000, 0x0000000100000000, 0x0000000100000000)
  eden space 16384K, 100% used [0x00000000feb00000,0x00000000ffb00000,0x00000000ffb00000)
  from space 2560K, 98% used [0x00000000ffb00000,0x00000000ffd78030,0x00000000ffd80000)
  to   space 2560K, 0% used [0x00000000ffd80000,0x00000000ffd80000,0x0000000100000000)
 ParOldGen       total 44032K, used 1602K [0x00000000fc000000, 0x00000000feb00000, 0x00000000feb00000)
  object space 44032K, 3% used [0x00000000fc000000,0x00000000fc190930,0x00000000feb00000)
 Metaspace       used 7579K, capacity 7720K, committed 7936K, reserved 1056768K
  class space    used 873K, capacity 956K, committed 1024K, reserved 1048576K
Event: 3.124 GC heap after
Heap after GC invocations=2 (full 0):
 PSYoungGen      total 18944K, used 2531K [0x00000000feb00000, 0x0000000100000000, 0x0000000100000000)
  eden space 16384K, 0% used [0x00000000feb00000,0x00000000feb00000,0x00000000ffb00000)
  from space 2560K, 98% used [0x00000000ffd80000,0x00000000ffff8d28,0x0000000100000000)
  to   space 2560K, 0% used [0x00000000ffb00000,0x00000000ffb00000,0x00000000ffd80000)
 ParOldGen       total 44032K, used 5487K [0x00000000fc000000, 0x00000000feb00000, 0x00000000feb00000)
  object space 44032K, 12% used [0x00000000fc000000,0x00000000fc55bc68,0x00000000feb00000)
 Metaspace       used 7579K, capacity 7720K, committed 7936K, reserved 1056768K
  class space    used 873K, capacity 956K, committed 1024K, reserved 1048576K
}

Deoptimization events (10 events):
Event: 1.332 Thread 0x0000000001f76000 Uncommon trap: reason=unstable_if action=reinterpret pc=0x0000000002206bb8 method=java.lang.String.startsWith(Ljava/lang/String;I)Z @ 25
Event: 1.423 Thread 0x0000000001f76000 Uncommon trap: reason=unstable_if action=reinterpret pc=0x0000000002291dac method=java.util.zip.ZipFile$ZipEntryIterator.hasNext()Z @ 25
Event: 1.423 Thread 0x0000000001f76000 Uncommon trap: reason=unstable_if action=reinterpret pc=0x00000000022962dc method=java.util.zip.ZipCoder.decoder()Ljava/nio/charset/CharsetDecoder; @ 4
Event: 1.423 Thread 0x0000000001f76000 Uncommon trap: reason=unstable_if action=reinterpret pc=0x0000000002295518 method=java.util.zip.ZipEntry.setExtra0([BZ)V @ 1
Event: 1.428 Thread 0x0000000001f76000 Uncommon trap: reason=unstable_if action=reinterpret pc=0x00000000022a0a68 method=java.util.zip.ZipCoder.decoder()Ljava/nio/charset/CharsetDecoder; @ 4
Event: 1.431 Thread 0x0000000001f76000 Uncommon trap: reason=unstable_if action=reinterpret pc=0x000000000229bdb8 method=java.util.zip.ZipCoder.decoder()Ljava/nio/charset/CharsetDecoder; @ 4
Event: 1.648 Thread 0x0000000001f76000 Uncommon trap: reason=unstable_if action=reinterpret pc=0x00000000022952d4 method=java.util.HashMap$HashIterator.hasNext()Z @ 4
Event: 1.732 Thread 0x0000000001f76000 Uncommon trap: reason=unloaded action=reinterpret pc=0x000000000229e57c method=java.util.zip.ZipEntry.setExtra0([BZ)V @ 37
Event: 2.097 Thread 0x0000000001f76000 Uncommon trap: reason=unstable_if action=reinterpret pc=0x000000000225a9ac method=java.lang.String.<init>([CII)V @ 18
Event: 2.662 Thread 0x0000000001f76000 Uncommon trap: reason=unstable_if action=reinterpret pc=0x000000000239ff2c method=org.objectweb.asm.MethodWriter.visitVarInsn(II)V @ 148

Classes redefined (0 events):
No events

Internal exceptions (10 events):
Event: 1.768 Thread 0x0000000001f76000 Exception <a 'sun/nio/fs/WindowsException'> (0x00000000ff1a4310) thrown at [D:\src\AOSP-openjdk-cygwin\jdk8u\hotspot\src\share\vm\prims\jni.cpp, line 709]
Event: 1.768 Thread 0x0000000001f76000 Exception <a 'sun/nio/fs/WindowsException'> (0x00000000ff1a4908) thrown at [D:\src\AOSP-openjdk-cygwin\jdk8u\hotspot\src\share\vm\prims\jni.cpp, line 709]
Event: 1.768 Thread 0x0000000001f76000 Exception <a 'sun/nio/fs/WindowsException'> (0x00000000ff1a50d8) thrown at [D:\src\AOSP-openjdk-cygwin\jdk8u\hotspot\src\share\vm\prims\jni.cpp, line 709]
Event: 1.768 Thread 0x0000000001f76000 Exception <a 'sun/nio/fs/WindowsException'> (0x00000000ff1a56a8) thrown at [D:\src\AOSP-openjdk-cygwin\jdk8u\hotspot\src\share\vm\prims\jni.cpp, line 709]
Event: 1.769 Thread 0x0000000001f76000 Exception <a 'sun/nio/fs/WindowsException'> (0x00000000ff1a5e68) thrown at [D:\src\AOSP-openjdk-cygwin\jdk8u\hotspot\src\share\vm\prims\jni.cpp, line 709]
Event: 1.824 Thread 0x0000000001f76000 Exception <a 'sun/nio/fs/WindowsException'> (0x00000000ff1ab2d0) thrown at [D:\src\AOSP-openjdk-cygwin\jdk8u\hotspot\src\share\vm\prims\jni.cpp, line 709]
Event: 2.062 Thread 0x0000000001f76000 Exception <a 'sun/nio/fs/WindowsException'> (0x00000000ff5c19e0) thrown at [D:\src\AOSP-openjdk-cygwin\jdk8u\hotspot\src\share\vm\prims\jni.cpp, line 709]
Event: 2.062 Thread 0x0000000001f76000 Exception <a 'sun/nio/fs/WindowsException'> (0x00000000ff5c1fa0) thrown at [D:\src\AOSP-openjdk-cygwin\jdk8u\hotspot\src\share\vm\prims\jni.cpp, line 709]
Event: 2.411 Thread 0x0000000001f76000 Exception <a 'sun/nio/fs/WindowsException'> (0x00000000ffa0ac90) thrown at [D:\src\AOSP-openjdk-cygwin\jdk8u\hotspot\src\share\vm\prims\jni.cpp, line 709]
Event: 2.411 Thread 0x0000000001f76000 Exception <a 'sun/nio/fs/WindowsException'> (0x00000000ffa0b1d0) thrown at [D:\src\AOSP-openjdk-cygwin\jdk8u\hotspot\src\share\vm\prims\jni.cpp, line 709]

Events (10 events):
Event: 2.409 loading class com/google/devtools/build/android/desugar/DirectoryOutputFileProvider done
Event: 2.638 loading class org/objectweb/asm/tree/MethodNode$1
Event: 2.638 loading class org/objectweb/asm/tree/MethodNode$1 done
Event: 2.639 Executing VM operation: Deoptimize
Event: 2.639 Executing VM operation: Deoptimize done
Event: 2.662 Thread 0x0000000001f76000 Uncommon trap: trap_request=0xffffff65 fr.pc=0x000000000239ff2c
Event: 2.662 Thread 0x0000000001f76000 DEOPT PACKING pc=0x000000000239ff2c sp=0x0000000001f6ee40
Event: 2.662 Thread 0x0000000001f76000 DEOPT UNPACKING pc=0x00000000020b556a sp=0x0000000001f6ed88 mode 2
Event: 2.913 Executing VM operation: ParallelGCFailedAllocation
Event: 3.124 Executing VM operation: ParallelGCFailedAllocation done


Dynamic libraries:
0x00007ff67b3f0000 - 0x00007ff67b421000 	C:\Program Files\Android\Android Studio\jre\bin\java.exe
0x00007ffbee940000 - 0x00007ffbeeaed000 	C:\Windows\SYSTEM32\ntdll.dll
0x00007ffbec4b0000 - 0x00007ffbec5ee000 	C:\Windows\system32\KERNEL32.DLL
0x00007ffbebb60000 - 0x00007ffbebc75000 	C:\Windows\system32\KERNELBASE.dll
0x00007ffbedeb0000 - 0x00007ffbedf5a000 	C:\Windows\system32\ADVAPI32.dll
0x00007ffbee110000 - 0x00007ffbee287000 	C:\Windows\system32\USER32.dll
0x00007ffbe9780000 - 0x00007ffbe99fb000 	C:\Windows\WinSxS\amd64_microsoft.windows.common-controls_6595b64144ccf1df_6.0.9600.18006_none_623f33d3ecbe86e8\COMCTL32.dll
0x00007ffbedb90000 - 0x00007ffbedc3a000 	C:\Windows\system32\msvcrt.dll
0x00007ffbee4d0000 - 0x00007ffbee529000 	C:\Windows\SYSTEM32\sechost.dll
0x00007ffbebfd0000 - 0x00007ffbec110000 	C:\Windows\system32\RPCRT4.dll
0x00007ffbedfc0000 - 0x00007ffbee10f000 	C:\Windows\system32\GDI32.dll
0x00007ffbebb30000 - 0x00007ffbebb5e000 	C:\Windows\system32\SspiCli.dll
0x00007ffbec470000 - 0x00007ffbec4a6000 	C:\Windows\system32\IMM32.DLL
0x00007ffbec310000 - 0x00007ffbec462000 	C:\Windows\system32\MSCTF.dll
0x000000006ed70000 - 0x000000006ee42000 	C:\Program Files\Android\Android Studio\jre\jre\bin\msvcr100.dll
0x000000006ee50000 - 0x000000006f68e000 	C:\Program Files\Android\Android Studio\jre\jre\bin\server\jvm.dll
0x00007ffbe4260000 - 0x00007ffbe4269000 	C:\Windows\SYSTEM32\WSOCK32.dll
0x00007ffbd8d20000 - 0x00007ffbd8d42000 	C:\Windows\SYSTEM32\WINMM.dll
0x00007ffbe5bd0000 - 0x00007ffbe5bda000 	C:\Windows\SYSTEM32\VERSION.dll
0x00007ffbedb20000 - 0x00007ffbedb27000 	C:\Windows\system32\PSAPI.DLL
0x00007ffbedf60000 - 0x00007ffbedfba000 	C:\Windows\system32\WS2_32.dll
0x00007ffbd8cf0000 - 0x00007ffbd8d1a000 	C:\Windows\SYSTEM32\WINMMBASE.dll
0x00007ffbebfc0000 - 0x00007ffbebfc9000 	C:\Windows\system32\NSI.dll
0x00007ffbebd90000 - 0x00007ffbebddf000 	C:\Windows\SYSTEM32\cfgmgr32.dll
0x00007ffbea890000 - 0x00007ffbea8b8000 	C:\Windows\SYSTEM32\DEVOBJ.dll
0x00007ffbe5f90000 - 0x00007ffbe5f9f000 	C:\Program Files\Android\Android Studio\jre\jre\bin\verify.dll
0x00007ffbd04f0000 - 0x00007ffbd0519000 	C:\Program Files\Android\Android Studio\jre\jre\bin\java.dll
0x00007ffbe5f70000 - 0x00007ffbe5f86000 	C:\Program Files\Android\Android Studio\jre\jre\bin\zip.dll
0x00007ffbec5f0000 - 0x00007ffbedb18000 	C:\Windows\system32\SHELL32.dll
0x00007ffbee720000 - 0x00007ffbee931000 	C:\Windows\SYSTEM32\combase.dll
0x00007ffbedb30000 - 0x00007ffbedb84000 	C:\Windows\system32\SHLWAPI.dll
0x00007ffbea000000 - 0x00007ffbea0b2000 	C:\Windows\SYSTEM32\SHCORE.dll
0x00007ffbeba60000 - 0x00007ffbeba75000 	C:\Windows\SYSTEM32\profapi.dll
0x00007ffbeb360000 - 0x00007ffbeb380000 	C:\Windows\SYSTEM32\CRYPTSP.dll
0x00007ffbeaf80000 - 0x00007ffbeafb6000 	C:\Windows\system32\rsaenh.dll
0x00007ffbeb5b0000 - 0x00007ffbeb5d6000 	C:\Windows\SYSTEM32\bcrypt.dll
0x00007ffbeb090000 - 0x00007ffbeb0b1000 	C:\Windows\SYSTEM32\USERENV.dll
0x00007ffbeb8c0000 - 0x00007ffbeb923000 	C:\Windows\system32\bcryptprimitives.dll
0x00007ffbeb930000 - 0x00007ffbeb93b000 	C:\Windows\SYSTEM32\CRYPTBASE.dll
0x00007ffbd04d0000 - 0x00007ffbd04ea000 	C:\Program Files\Android\Android Studio\jre\jre\bin\net.dll
0x00007ffbeb300000 - 0x00007ffbeb359000 	C:\Windows\system32\mswsock.dll
0x00007ffbe6f50000 - 0x00007ffbe6f7a000 	C:\Windows\SYSTEM32\IPHLPAPI.DLL
0x00007ffbe6f30000 - 0x00007ffbe6f3a000 	C:\Windows\SYSTEM32\WINNSI.DLL
0x00007ffbe6a10000 - 0x00007ffbe6a26000 	C:\Windows\SYSTEM32\dhcpcsvc6.DLL
0x00007ffbe6b80000 - 0x00007ffbe6b9a000 	C:\Windows\SYSTEM32\dhcpcsvc.DLL
0x00007ffbd04b0000 - 0x00007ffbd04c1000 	C:\Program Files\Android\Android Studio\jre\jre\bin\nio.dll

VM Arguments:
jvm_args: -Djava.awt.headless=true -Xmx64M -Dfile.encoding=windows-1256 -Duser.country=US -Duser.language=en -Duser.variant 
java_command: com.google.devtools.build.android.desugar.Desugar --input C:\Users\Tareq Naji\AndroidStudioProjects\ALTARIQ_Restaurant\lib\build\intermediates\intermediate-jars\debug\classes.jar --output C:\Users\Tareq Naji\AndroidStudioProjects\ALTARIQ_Restaurant\app\build\intermediates\transforms\desugar\debug\0.jar --input C:\Users\Tareq Naji\AndroidStudioProjects\ALTARIQ_Restaurant\app\build\tmp\kotlin-classes\debug --output C:\Users\Tareq Naji\AndroidStudioProjects\ALTARIQ_Restaurant\app\build\intermediates\transforms\desugar\debug\2 --input C:\Users\Tareq Naji\AndroidStudioProjects\ALTARIQ_Restaurant\app\build\intermediates\transforms\stackFramesFixer\debug\11.jar --output C:\Users\Tareq Naji\AndroidStudioProjects\ALTARIQ_Restaurant\app\build\intermediates\transforms\desugar\debug\15.jar --input C:\Users\Tareq Naji\AndroidStudioProjects\ALTARIQ_Restaurant\app\build\intermediates\transforms\stackFramesFixer\debug\16.jar --output C:\Users\Tareq Naji\AndroidStudioProjects\ALTARIQ_Restaurant\app\build\intermediates\transforms\desugar\debug\20.jar --input C:\Users\Tareq Naji\AndroidStudioProjects\ALTARIQ_Restaurant\app\build\intermediates\transforms\stackFramesFixer\debug\15.jar --output C:\Users\Tareq Naji\AndroidStudioProjects\ALTARIQ_Restaurant\app\build\intermediates\transforms\desugar\debug\19.jar --input C:\Users\Tareq Naji\AndroidStudioProjects\ALTARIQ_Restaurant\app\build\intermediates\transforms\stackFramesFixer\debug\2.jar --output C:\Users\Tareq Naji\AndroidStudioProjects\ALTARIQ_Restaurant\app\build\intermediates\transforms\desugar\debug\6.jar --input C:\Users\Tareq Naji\AndroidStudioProjects\ALTARIQ_Restaurant\app\build\intermediates\transforms\stackFramesFixer\debug\7.jar --output C:\Users\Tareq Naji\AndroidStudioProjects\ALTARIQ_Restaurant\app\build\intermediates\transforms\desugar\debug\11.jar --input C:\Users\Tareq Naji\AndroidStudioProjects\ALTARIQ_Restaurant\app\build\intermediates\transforms\stackFramesFixer\debug\12.jar --output C:\Users\Tareq 
java_class_path (initial): C:\Users\Tareq Naji\AppData\Local\Temp\desugar_deploy.jar3748663850244346686
Launcher Type: SUN_STANDARD

Environment Variables:
PATH=C:\ProgramData\Oracle\Java\javapath;C:\Windows\system32;C:\Windows;C:\Windows\System32\Wbem;C:\Windows\System32\WindowsPowerShell\v1.0\;C:\Program Files (x86)\Intel\OpenCL SDK\2.0\bin\x86;C:\Program Files (x86)\Intel\OpenCL SDK\2.0\bin\x64;C:\Program Files\Microsoft SQL Server\120\DTS\Binn\;C:\Program Files\Microsoft SQL Server\Client SDK\ODBC\110\Tools\Binn\;C:\Program Files (x86)\Microsoft SQL Server\120\Tools\Binn\;C:\Program Files\Microsoft SQL Server\120\Tools\Binn\;C:\Program Files (x86)\Microsoft SQL Server\120\Tools\Binn\ManagementStudio\;C:\Program Files (x86)\Microsoft SQL Server\120\DTS\Binn\;C:\Program Files (x86)\Intel\OpenCL SDK\2.0\bin\x86;C:\Program Files (x86)\Intel\OpenCL SDK\2.0\bin\x64;E:\android-ndk-r10e\;C:\Program Files (x86)\GtkSharp\2.12\bin;C:\Program Files\Microsoft SQL Server\130\Tools\Binn\;C:\Program Files (x86)\Skype\Phone\;C:\Program Files\dotnet\;C:\Program Files\Git\cmd;C:\Program Files (x86)\Microsoft SQL Server\Client SDK\ODBC\130\Tools\Binn\;C:\Program Files (x86)\Microsoft SQL Server\140\Tools\Binn\;C:\Program Files (x86)\Microsoft SQL Server\140\DTS\Binn\;C:\Program Files (x86)\Microsoft SQL Server\140\Tools\Binn\ManagementStudio\;C:\Program Files\Microsoft SQL Server\Client SDK\ODBC\130\Tools\Binn\;C:\Program Files\Microsoft SQL Server\140\Tools\Binn\;C:\Program Files\Microsoft SQL Server\140\DTS\Binn\;C:\Users\Tareq Naji\.dnx\bin;E:\android-ndk-r13b
USERNAME=Tareq Naji
OS=Windows_NT
PROCESSOR_IDENTIFIER=Intel64 Family 6 Model 42 Stepping 7, GenuineIntel



---------------  S Y S T E M  ---------------

OS: Windows 8.1 , 64 bit Build 9600 (6.3.9600.17415)

CPU:total 4 (initial active 4) (2 cores per cpu, 2 threads per core) family 6 model 42 stepping 7, cmov, cx8, fxsr, mmx, sse, sse2, sse3, ssse3, sse4.1, sse4.2, popcnt, avx, aes, clmul, ht, tsc, tscinvbit

Memory: 4k page, physical 8321388k(662212k free), swap 9462972k(6528k free)

vm_info: OpenJDK 64-Bit Server VM (25.152-b01) for windows-amd64 JRE (1.8.0_152-release-915-b01), built by "builder" with MS VC++ 10.0 (VS2010)

time: Tue Mar 13 13:35:51 2018
elapsed time: 3 seconds (0d 0h 0m 3s)

