#
# There is insufficient memory for the Java Runtime Environment to continue.
# Native memory allocation (malloc) failed to allocate 32744 bytes for ChunkPool::allocate
# Possible reasons:
#   The system is out of physical RAM or swap space
#   In 32 bit mode, the process size limit was hit
# Possible solutions:
#   Reduce memory load on the system
#   Increase physical memory or swap space
#   Check if swap backing store is full
#   Use 64 bit Java on a 64 bit OS
#   Decrease Java heap size (-Xmx/-Xms)
#   Decrease number of Java threads
#   Decrease Java thread stack sizes (-Xss)
#   Set larger code cache with -XX:ReservedCodeCacheSize=
# This output file may be truncated or incomplete.
#
#  Out of Memory Error (allocation.cpp:273), pid=3936, tid=0x000000000000032c
#
# JRE version: OpenJDK Runtime Environment (8.0_152-b01) (build 1.8.0_152-release-915-b01)
# Java VM: OpenJDK 64-Bit Server VM (25.152-b01 mixed mode windows-amd64 compressed oops)
# Failed to write core dump. Minidumps are not enabled by default on client versions of Windows
#

---------------  T H R E A D  ---------------

Current thread (0x0000000012360000):  JavaThread "C2 CompilerThread1" daemon [_thread_in_native, id=812, stack(0x0000000013ac0000,0x0000000013bc0000)]

Stack: [0x0000000013ac0000,0x0000000013bc0000]
[error occurred during error reporting (printing stack bounds), id 0xc0000005]

Native frames: (J=compiled Java code, j=interpreted, Vv=VM code, C=native code)


Current CompileTask:
C2:   6448  905 %     4       org.objectweb.asm.ClassReader::a @ 1480 (3587 bytes)


---------------  P R O C E S S  ---------------

Java Threads: ( => current thread )
  0x0000000013c13000 JavaThread "Service Thread" daemon [_thread_blocked, id=8256, stack(0x00000000140c0000,0x00000000141c0000)]
  0x0000000012363800 JavaThread "C1 CompilerThread2" daemon [_thread_blocked, id=6504, stack(0x0000000013fc0000,0x00000000140c0000)]
=>0x0000000012360000 JavaThread "C2 CompilerThread1" daemon [_thread_in_native, id=812, stack(0x0000000013ac0000,0x0000000013bc0000)]
  0x000000001235c000 JavaThread "C2 CompilerThread0" daemon [_thread_blocked, id=3272, stack(0x00000000139c0000,0x0000000013ac0000)]
  0x000000001235b000 JavaThread "Attach Listener" daemon [_thread_blocked, id=8904, stack(0x00000000138c0000,0x00000000139c0000)]
  0x000000001234c800 JavaThread "Signal Dispatcher" daemon [_thread_blocked, id=7928, stack(0x00000000137c0000,0x00000000138c0000)]
  0x0000000001fec800 JavaThread "Finalizer" daemon [_thread_blocked, id=7472, stack(0x00000000135c0000,0x00000000136c0000)]
  0x0000000001fe7800 JavaThread "Reference Handler" daemon [_thread_blocked, id=1196, stack(0x00000000134c0000,0x00000000135c0000)]
  0x0000000001ef6800 JavaThread "main" [_thread_in_vm, id=1244, stack(0x0000000001d70000,0x0000000001e70000)]

Other Threads:
  0x0000000012314800 VMThread [stack: 0x00000000133c0000,0x00000000134c0000] [id=4112]
  0x0000000013c15000 WatcherThread [stack: 0x00000000141c0000,0x00000000142c0000] [id=6820]

VM state:not at safepoint (normal execution)

VM Mutex/Monitor currently owned by a thread: None

Heap:
 PSYoungGen      total 18944K, used 7063K [0x00000000feb00000, 0x0000000100000000, 0x0000000100000000)
  eden space 16384K, 27% used [0x00000000feb00000,0x00000000fef6cfc8,0x00000000ffb00000)
  from space 2560K, 98% used [0x00000000ffd80000,0x00000000ffff8ee0,0x0000000100000000)
  to   space 2560K, 0% used [0x00000000ffb00000,0x00000000ffb00000,0x00000000ffd80000)
 ParOldGen       total 44032K, used 5524K [0x00000000fc000000, 0x00000000feb00000, 0x00000000feb00000)
  object space 44032K, 12% used [0x00000000fc000000,0x00000000fc5651c8,0x00000000feb00000)
 Metaspace       used 7638K, capacity 7848K, committed 7936K, reserved 1056768K
  class space    used 874K, capacity 956K, committed 1024K, reserved 1048576K

Card table byte_map: [0x0000000001e70000,0x0000000001ea0000] byte_map_base: 0x0000000001690000

Marking Bits: (ParMarkBitMap*) 0x000000005bdd3950
 Begin Bits: [0x00000000117b0000, 0x00000000118b0000)
 End Bits:   [0x00000000118b0000, 0x00000000119b0000)

Polling page: 0x00000000004e0000

CodeCache: size=245760Kb used=3705Kb max_used=3716Kb free=242054Kb
 bounds [0x0000000001ff0000, 0x00000000023a0000, 0x0000000010ff0000]
 total_blobs=1291 nmethods=959 adapters=246
 compilation: enabled

Compilation events (10 events):
Event: 6.088 Thread 0x000000001235c000  956       4       org.objectweb.asm.MethodWriter::visitLabel (321 bytes)
Event: 6.104 Thread 0x000000001235c000 nmethod 956 0x0000000002385190 code [0x0000000002385300, 0x00000000023858d8]
Event: 6.109 Thread 0x0000000012363800  957       3       org.objectweb.asm.ClassWriter::a (313 bytes)
Event: 6.112 Thread 0x0000000012363800 nmethod 957 0x0000000002391290 code [0x0000000002391700, 0x00000000023943e8]
Event: 6.114 Thread 0x000000001235c000  958       4       org.objectweb.asm.tree.AbstractInsnNode::<init> (15 bytes)
Event: 6.115 Thread 0x000000001235c000 nmethod 958 0x00000000022f7b10 code [0x00000000022f7c40, 0x00000000022f7cb8]
Event: 6.115 Thread 0x000000001235c000  959       4       org.objectweb.asm.tree.MethodNode::visitLabel (13 bytes)
Event: 6.120 Thread 0x000000001235c000 nmethod 959 0x000000000238cf50 code [0x000000000238d0a0, 0x000000000238d278]
Event: 6.120 Thread 0x0000000012363800  960       1       java.util.Arrays$ArrayList::size (6 bytes)
Event: 6.121 Thread 0x0000000012363800 nmethod 960 0x0000000002384e90 code [0x0000000002384fe0, 0x00000000023850f0]

GC Heap History (4 events):
Event: 2.709 GC heap before
{Heap before GC invocations=1 (full 0):
 PSYoungGen      total 18944K, used 16384K [0x00000000feb00000, 0x0000000100000000, 0x0000000100000000)
  eden space 16384K, 100% used [0x00000000feb00000,0x00000000ffb00000,0x00000000ffb00000)
  from space 2560K, 0% used [0x00000000ffd80000,0x00000000ffd80000,0x0000000100000000)
  to   space 2560K, 0% used [0x00000000ffb00000,0x00000000ffb00000,0x00000000ffd80000)
 ParOldGen       total 44032K, used 0K [0x00000000fc000000, 0x00000000feb00000, 0x00000000feb00000)
  object space 44032K, 0% used [0x00000000fc000000,0x00000000fc000000,0x00000000feb00000)
 Metaspace       used 6572K, capacity 6746K, committed 7040K, reserved 1056768K
  class space    used 773K, capacity 823K, committed 896K, reserved 1048576K
Event: 2.740 GC heap after
Heap after GC invocations=1 (full 0):
 PSYoungGen      total 18944K, used 2532K [0x00000000feb00000, 0x0000000100000000, 0x0000000100000000)
  eden space 16384K, 0% used [0x00000000feb00000,0x00000000feb00000,0x00000000ffb00000)
  from space 2560K, 98% used [0x00000000ffb00000,0x00000000ffd79320,0x00000000ffd80000)
  to   space 2560K, 0% used [0x00000000ffd80000,0x00000000ffd80000,0x0000000100000000)
 ParOldGen       total 44032K, used 1663K [0x00000000fc000000, 0x00000000feb00000, 0x00000000feb00000)
  object space 44032K, 3% used [0x00000000fc000000,0x00000000fc19fea0,0x00000000feb00000)
 Metaspace       used 6572K, capacity 6746K, committed 7040K, reserved 1056768K
  class space    used 773K, capacity 823K, committed 896K, reserved 1048576K
}
Event: 5.260 GC heap before
{Heap before GC invocations=2 (full 0):
 PSYoungGen      total 18944K, used 18916K [0x00000000feb00000, 0x0000000100000000, 0x0000000100000000)
  eden space 16384K, 100% used [0x00000000feb00000,0x00000000ffb00000,0x00000000ffb00000)
  from space 2560K, 98% used [0x00000000ffb00000,0x00000000ffd79320,0x00000000ffd80000)
  to   space 2560K, 0% used [0x00000000ffd80000,0x00000000ffd80000,0x0000000100000000)
 ParOldGen       total 44032K, used 1663K [0x00000000fc000000, 0x00000000feb00000, 0x00000000feb00000)
  object space 44032K, 3% used [0x00000000fc000000,0x00000000fc19fea0,0x00000000feb00000)
 Metaspace       used 7591K, capacity 7784K, committed 7936K, reserved 1056768K
  class space    used 874K, capacity 956K, committed 1024K, reserved 1048576K
Event: 5.486 GC heap after
Heap after GC invocations=2 (full 0):
 PSYoungGen      total 18944K, used 2531K [0x00000000feb00000, 0x0000000100000000, 0x0000000100000000)
  eden space 16384K, 0% used [0x00000000feb00000,0x00000000feb00000,0x00000000ffb00000)
  from space 2560K, 98% used [0x00000000ffd80000,0x00000000ffff8ee0,0x0000000100000000)
  to   space 2560K, 0% used [0x00000000ffb00000,0x00000000ffb00000,0x00000000ffd80000)
 ParOldGen       total 44032K, used 5524K [0x00000000fc000000, 0x00000000feb00000, 0x00000000feb00000)
  object space 44032K, 12% used [0x00000000fc000000,0x00000000fc5651c8,0x00000000feb00000)
 Metaspace       used 7591K, capacity 7784K, committed 7936K, reserved 1056768K
  class space    used 874K, capacity 956K, committed 1024K, reserved 1048576K
}

Deoptimization events (10 events):
Event: 2.563 Thread 0x0000000001ef6800 Uncommon trap: reason=unstable_if action=reinterpret pc=0x0000000002206f58 method=java.util.zip.ZipEntry.setExtra0([BZ)V @ 1
Event: 2.567 Thread 0x0000000001ef6800 Uncommon trap: reason=unstable_if action=reinterpret pc=0x0000000002208488 method=java.util.zip.ZipFile$ZipEntryIterator.hasNext()Z @ 25
Event: 2.568 Thread 0x0000000001ef6800 Uncommon trap: reason=unstable_if action=reinterpret pc=0x000000000221430c method=java.util.zip.ZipCoder.decoder()Ljava/nio/charset/CharsetDecoder; @ 4
Event: 2.572 Thread 0x0000000001ef6800 Uncommon trap: reason=unstable_if action=reinterpret pc=0x0000000002207ddc method=java.util.zip.ZipFile$ZipEntryIterator.hasNext()Z @ 25
Event: 2.572 Thread 0x0000000001ef6800 Uncommon trap: reason=unstable_if action=reinterpret pc=0x00000000022167cc method=java.util.zip.ZipCoder.decoder()Ljava/nio/charset/CharsetDecoder; @ 4
Event: 2.838 Thread 0x0000000001ef6800 Uncommon trap: reason=unstable_if action=reinterpret pc=0x0000000002227ec8 method=java.util.HashMap$HashIterator.nextNode()Ljava/util/HashMap$Node; @ 74
Event: 2.873 Thread 0x0000000001ef6800 Uncommon trap: reason=unstable_if action=reinterpret pc=0x000000000220c570 method=java.util.zip.ZipFile.getZipEntry(Ljava/lang/String;J)Ljava/util/zip/ZipEntry; @ 19
Event: 2.891 Thread 0x0000000001ef6800 Uncommon trap: reason=unloaded action=reinterpret pc=0x000000000221227c method=java.util.zip.ZipEntry.setExtra0([BZ)V @ 37
Event: 2.996 Thread 0x0000000001ef6800 Uncommon trap: reason=unstable_if action=reinterpret pc=0x0000000002222908 method=java.util.HashMap$HashIterator.nextNode()Ljava/util/HashMap$Node; @ 74
Event: 3.517 Thread 0x0000000001ef6800 Uncommon trap: reason=unstable_if action=reinterpret pc=0x00000000021e512c method=java.lang.String.<init>([CII)V @ 18

Classes redefined (0 events):
No events

Internal exceptions (10 events):
Event: 2.950 Thread 0x0000000001ef6800 Exception <a 'sun/nio/fs/WindowsException'> (0x00000000ff18a008) thrown at [D:\src\AOSP-openjdk-cygwin\jdk8u\hotspot\src\share\vm\prims\jni.cpp, line 709]
Event: 2.950 Thread 0x0000000001ef6800 Exception <a 'sun/nio/fs/WindowsException'> (0x00000000ff18a600) thrown at [D:\src\AOSP-openjdk-cygwin\jdk8u\hotspot\src\share\vm\prims\jni.cpp, line 709]
Event: 2.950 Thread 0x0000000001ef6800 Exception <a 'sun/nio/fs/WindowsException'> (0x00000000ff18add0) thrown at [D:\src\AOSP-openjdk-cygwin\jdk8u\hotspot\src\share\vm\prims\jni.cpp, line 709]
Event: 2.950 Thread 0x0000000001ef6800 Exception <a 'sun/nio/fs/WindowsException'> (0x00000000ff18b3a0) thrown at [D:\src\AOSP-openjdk-cygwin\jdk8u\hotspot\src\share\vm\prims\jni.cpp, line 709]
Event: 2.981 Thread 0x0000000001ef6800 Exception <a 'sun/nio/fs/WindowsException'> (0x00000000ff18bb60) thrown at [D:\src\AOSP-openjdk-cygwin\jdk8u\hotspot\src\share\vm\prims\jni.cpp, line 709]
Event: 3.001 Thread 0x0000000001ef6800 Exception <a 'sun/nio/fs/WindowsException'> (0x00000000ff190fc8) thrown at [D:\src\AOSP-openjdk-cygwin\jdk8u\hotspot\src\share\vm\prims\jni.cpp, line 709]
Event: 3.359 Thread 0x0000000001ef6800 Exception <a 'sun/nio/fs/WindowsException'> (0x00000000ff6288c0) thrown at [D:\src\AOSP-openjdk-cygwin\jdk8u\hotspot\src\share\vm\prims\jni.cpp, line 709]
Event: 3.360 Thread 0x0000000001ef6800 Exception <a 'sun/nio/fs/WindowsException'> (0x00000000ff628e80) thrown at [D:\src\AOSP-openjdk-cygwin\jdk8u\hotspot\src\share\vm\prims\jni.cpp, line 709]
Event: 4.567 Thread 0x0000000001ef6800 Exception <a 'sun/nio/fs/WindowsException'> (0x00000000ffa6d600) thrown at [D:\src\AOSP-openjdk-cygwin\jdk8u\hotspot\src\share\vm\prims\jni.cpp, line 709]
Event: 4.567 Thread 0x0000000001ef6800 Exception <a 'sun/nio/fs/WindowsException'> (0x00000000ffa6db40) thrown at [D:\src\AOSP-openjdk-cygwin\jdk8u\hotspot\src\share\vm\prims\jni.cpp, line 709]

Events (10 events):
Event: 4.080 loading class java/time/temporal/Temporal done
Event: 4.080 loading class java/time/temporal/TemporalAdjuster
Event: 4.080 loading class java/time/temporal/TemporalAdjuster done
Event: 4.080 loading class java/time/Instant done
Event: 4.317 Executing VM operation: EnableBiasedLocking
Event: 4.317 Executing VM operation: EnableBiasedLocking done
Event: 4.564 loading class java/util/Vector$Itr
Event: 4.564 loading class java/util/Vector$Itr done
Event: 5.260 Executing VM operation: ParallelGCFailedAllocation
Event: 5.486 Executing VM operation: ParallelGCFailedAllocation done


Dynamic libraries:
0x00007ff687940000 - 0x00007ff687971000 	C:\Program Files\Android\Android Studio\jre\bin\java.exe
0x00007ffbe79c0000 - 0x00007ffbe7b6d000 	C:\Windows\SYSTEM32\ntdll.dll
0x00007ffbe5730000 - 0x00007ffbe586e000 	C:\Windows\system32\KERNEL32.DLL
0x00007ffbe4e90000 - 0x00007ffbe4fa5000 	C:\Windows\system32\KERNELBASE.dll
0x00007ffbe5c30000 - 0x00007ffbe5cda000 	C:\Windows\system32\ADVAPI32.dll
0x00007ffbe5870000 - 0x00007ffbe59e7000 	C:\Windows\system32\USER32.dll
0x00007ffbe2230000 - 0x00007ffbe24ab000 	C:\Windows\WinSxS\amd64_microsoft.windows.common-controls_6595b64144ccf1df_6.0.9600.18006_none_623f33d3ecbe86e8\COMCTL32.dll
0x00007ffbe6140000 - 0x00007ffbe61ea000 	C:\Windows\system32\msvcrt.dll
0x00007ffbe5bd0000 - 0x00007ffbe5c29000 	C:\Windows\SYSTEM32\sechost.dll
0x00007ffbe55f0000 - 0x00007ffbe5730000 	C:\Windows\system32\RPCRT4.dll
0x00007ffbe51f0000 - 0x00007ffbe533f000 	C:\Windows\system32\GDI32.dll
0x00007ffbe5010000 - 0x00007ffbe503e000 	C:\Windows\system32\SspiCli.dll
0x00007ffbe5550000 - 0x00007ffbe5586000 	C:\Windows\system32\IMM32.DLL
0x00007ffbe59f0000 - 0x00007ffbe5b42000 	C:\Windows\system32\MSCTF.dll
0x000000005b480000 - 0x000000005b552000 	C:\Program Files\Android\Android Studio\jre\jre\bin\msvcr100.dll
0x000000005b610000 - 0x000000005be4e000 	C:\Program Files\Android\Android Studio\jre\jre\bin\server\jvm.dll
0x00007ffbdd240000 - 0x00007ffbdd249000 	C:\Windows\SYSTEM32\WSOCK32.dll
0x00007ffbd1e30000 - 0x00007ffbd1e52000 	C:\Windows\SYSTEM32\WINMM.dll
0x00007ffbdd7a0000 - 0x00007ffbdd7aa000 	C:\Windows\SYSTEM32\VERSION.dll
0x00007ffbe51e0000 - 0x00007ffbe51e7000 	C:\Windows\system32\PSAPI.DLL
0x00007ffbe61f0000 - 0x00007ffbe624a000 	C:\Windows\system32\WS2_32.dll
0x00007ffbd1e00000 - 0x00007ffbd1e2a000 	C:\Windows\SYSTEM32\WINMMBASE.dll
0x00007ffbe5400000 - 0x00007ffbe5409000 	C:\Windows\system32\NSI.dll
0x00007ffbe4e40000 - 0x00007ffbe4e8f000 	C:\Windows\SYSTEM32\cfgmgr32.dll
0x00007ffbe3930000 - 0x00007ffbe3958000 	C:\Windows\SYSTEM32\DEVOBJ.dll
0x00007ffbe11c0000 - 0x00007ffbe11cf000 	C:\Program Files\Android\Android Studio\jre\jre\bin\verify.dll
0x00007ffbe0d50000 - 0x00007ffbe0d79000 	C:\Program Files\Android\Android Studio\jre\jre\bin\java.dll
0x00007ffbe11a0000 - 0x00007ffbe11b6000 	C:\Program Files\Android\Android Studio\jre\jre\bin\zip.dll
0x00007ffbe6250000 - 0x00007ffbe7778000 	C:\Windows\system32\SHELL32.dll
0x00007ffbe7790000 - 0x00007ffbe79a1000 	C:\Windows\SYSTEM32\combase.dll
0x00007ffbe5590000 - 0x00007ffbe55e4000 	C:\Windows\system32\SHLWAPI.dll
0x00007ffbe2e60000 - 0x00007ffbe2f12000 	C:\Windows\SYSTEM32\SHCORE.dll
0x00007ffbe4ae0000 - 0x00007ffbe4af5000 	C:\Windows\SYSTEM32\profapi.dll
0x00007ffbe43e0000 - 0x00007ffbe4400000 	C:\Windows\SYSTEM32\CRYPTSP.dll
0x00007ffbe4000000 - 0x00007ffbe4036000 	C:\Windows\system32\rsaenh.dll
0x00007ffbe4630000 - 0x00007ffbe4656000 	C:\Windows\SYSTEM32\bcrypt.dll
0x00007ffbe4110000 - 0x00007ffbe4131000 	C:\Windows\SYSTEM32\USERENV.dll
0x00007ffbe4940000 - 0x00007ffbe49a3000 	C:\Windows\system32\bcryptprimitives.dll
0x00007ffbe49b0000 - 0x00007ffbe49bb000 	C:\Windows\SYSTEM32\CRYPTBASE.dll
0x00007ffbe0d30000 - 0x00007ffbe0d4a000 	C:\Program Files\Android\Android Studio\jre\jre\bin\net.dll
0x00007ffbe4380000 - 0x00007ffbe43d9000 	C:\Windows\system32\mswsock.dll
0x00007ffbdffd0000 - 0x00007ffbdfffa000 	C:\Windows\SYSTEM32\IPHLPAPI.DLL
0x00007ffbdffb0000 - 0x00007ffbdffba000 	C:\Windows\SYSTEM32\WINNSI.DLL
0x00007ffbdfa70000 - 0x00007ffbdfa86000 	C:\Windows\SYSTEM32\dhcpcsvc6.DLL
0x00007ffbdfc70000 - 0x00007ffbdfc8a000 	C:\Windows\SYSTEM32\dhcpcsvc.DLL
0x00007ffbe0d10000 - 0x00007ffbe0d21000 	C:\Program Files\Android\Android Studio\jre\jre\bin\nio.dll

VM Arguments:
jvm_args: -Djava.awt.headless=true -Xmx64M -Dfile.encoding=windows-1256 -Duser.country=US -Duser.language=en -Duser.variant 
java_command: com.google.devtools.build.android.desugar.Desugar --input C:\Users\Tareq Naji\AndroidStudioProjects\ALTARIQ_Restaurant\lib\build\intermediates\intermediate-jars\debug\classes.jar --output C:\Users\Tareq Naji\AndroidStudioProjects\ALTARIQ_Restaurant\app\build\intermediates\transforms\desugar\debug\0.jar --input C:\Users\Tareq Naji\AndroidStudioProjects\ALTARIQ_Restaurant\app\build\intermediates\transforms\stackFramesFixer\debug\14.jar --output C:\Users\Tareq Naji\AndroidStudioProjects\ALTARIQ_Restaurant\app\build\intermediates\transforms\desugar\debug\18.jar --input C:\Users\Tareq Naji\AndroidStudioProjects\ALTARIQ_Restaurant\app\build\intermediates\transforms\stackFramesFixer\debug\43.jar --output C:\Users\Tareq Naji\AndroidStudioProjects\ALTARIQ_Restaurant\app\build\intermediates\transforms\desugar\debug\47.jar --input C:\Users\Tareq Naji\AndroidStudioProjects\ALTARIQ_Restaurant\app\build\intermediates\transforms\stackFramesFixer\debug\37.jar --output C:\Users\Tareq Naji\AndroidStudioProjects\ALTARIQ_Restaurant\app\build\intermediates\transforms\desugar\debug\41.jar --input C:\Users\Tareq Naji\AndroidStudioProjects\ALTARIQ_Restaurant\app\build\intermediates\transforms\stackFramesFixer\debug\8.jar --output C:\Users\Tareq Naji\AndroidStudioProjects\ALTARIQ_Restaurant\app\build\intermediates\transforms\desugar\debug\12.jar --input C:\Users\Tareq Naji\AndroidStudioProjects\ALTARIQ_Restaurant\app\build\intermediates\transforms\stackFramesFixer\debug\25.jar --output C:\Users\Tareq Naji\AndroidStudioProjects\ALTARIQ_Restaurant\app\build\intermediates\transforms\desugar\debug\29.jar --input C:\Users\Tareq Naji\AndroidStudioProjects\ALTARIQ_Restaurant\app\build\intermediates\classes\debug --output C:\Users\Tareq Naji\AndroidStudioProjects\ALTARIQ_Restaurant\app\build\intermediates\transforms\desugar\debug\1 --input C:\Users\Tareq Naji\AndroidStudioProjects\ALTARIQ_Restaurant\app\build\intermediates\transforms\stackFramesFixer\debug\1.jar --output C:\Users\Ta
java_class_path (initial): C:\Users\Tareq Naji\AppData\Local\Temp\desugar_deploy.jar6854431857360693325
Launcher Type: SUN_STANDARD

Environment Variables:
PATH=C:\ProgramData\Oracle\Java\javapath;C:\Windows\system32;C:\Windows;C:\Windows\System32\Wbem;C:\Windows\System32\WindowsPowerShell\v1.0\;C:\Program Files (x86)\Intel\OpenCL SDK\2.0\bin\x86;C:\Program Files (x86)\Intel\OpenCL SDK\2.0\bin\x64;C:\Program Files\Microsoft SQL Server\120\DTS\Binn\;C:\Program Files\Microsoft SQL Server\Client SDK\ODBC\110\Tools\Binn\;C:\Program Files (x86)\Microsoft SQL Server\120\Tools\Binn\;C:\Program Files\Microsoft SQL Server\120\Tools\Binn\;C:\Program Files (x86)\Microsoft SQL Server\120\Tools\Binn\ManagementStudio\;C:\Program Files (x86)\Microsoft SQL Server\120\DTS\Binn\;C:\Program Files (x86)\Intel\OpenCL SDK\2.0\bin\x86;C:\Program Files (x86)\Intel\OpenCL SDK\2.0\bin\x64;E:\android-ndk-r10e\;C:\Program Files (x86)\GtkSharp\2.12\bin;C:\Program Files\Microsoft SQL Server\130\Tools\Binn\;C:\Program Files (x86)\Skype\Phone\;C:\Program Files\dotnet\;C:\Program Files\Git\cmd;C:\Program Files (x86)\Microsoft SQL Server\Client SDK\ODBC\130\Tools\Binn\;C:\Program Files (x86)\Microsoft SQL Server\140\Tools\Binn\;C:\Program Files (x86)\Microsoft SQL Server\140\DTS\Binn\;C:\Program Files (x86)\Microsoft SQL Server\140\Tools\Binn\ManagementStudio\;C:\Program Files\Microsoft SQL Server\Client SDK\ODBC\130\Tools\Binn\;C:\Program Files\Microsoft SQL Server\140\Tools\Binn\;C:\Program Files\Microsoft SQL Server\140\DTS\Binn\;C:\Users\Tareq Naji\.dnx\bin;E:\android-ndk-r13b
USERNAME=Tareq Naji
OS=Windows_NT
PROCESSOR_IDENTIFIER=Intel64 Family 6 Model 42 Stepping 7, GenuineIntel



---------------  S Y S T E M  ---------------

OS: Windows 8.1 , 64 bit Build 9600 (6.3.9600.17415)

CPU:total 4 (initial active 4) (2 cores per cpu, 2 threads per core) family 6 model 42 stepping 7, cmov, cx8, fxsr, mmx, sse, sse2, sse3, ssse3, sse4.1, sse4.2, popcnt, avx, aes, clmul, ht, tsc, tscinvbit

Memory: 4k page, physical 8321388k(350824k free), swap 9263608k(3072k free)

vm_info: OpenJDK 64-Bit Server VM (25.152-b01) for windows-amd64 JRE (1.8.0_152-release-915-b01), built by "builder" with MS VC++ 10.0 (VS2010)

time: Mon Mar 19 13:23:19 2018
elapsed time: 6 seconds (0d 0h 0m 6s)

