#
# There is insufficient memory for the Java Runtime Environment to continue.
# Native memory allocation (malloc) failed to allocate 32744 bytes for ChunkPool::allocate
# Possible reasons:
#   The system is out of physical RAM or swap space
#   In 32 bit mode, the process size limit was hit
# Possible solutions:
#   Reduce memory load on the system
#   Increase physical memory or swap space
#   Check if swap backing store is full
#   Use 64 bit Java on a 64 bit OS
#   Decrease Java heap size (-Xmx/-Xms)
#   Decrease number of Java threads
#   Decrease Java thread stack sizes (-Xss)
#   Set larger code cache with -XX:ReservedCodeCacheSize=
# This output file may be truncated or incomplete.
#
#  Out of Memory Error (allocation.cpp:273), pid=9948, tid=0x0000000000001374
#
# JRE version: OpenJDK Runtime Environment (8.0_152-b01) (build 1.8.0_152-release-915-b01)
# Java VM: OpenJDK 64-Bit Server VM (25.152-b01 mixed mode windows-amd64 compressed oops)
# Failed to write core dump. Minidumps are not enabled by default on client versions of Windows
#

---------------  T H R E A D  ---------------

Current thread (0x000000001220c800):  JavaThread "C2 CompilerThread0" daemon [_thread_in_vm, id=4980, stack(0x0000000013870000,0x0000000013970000)]

Stack: [0x0000000013870000,0x0000000013970000]
[error occurred during error reporting (printing stack bounds), id 0xc0000005]

Native frames: (J=compiled Java code, j=interpreted, Vv=VM code, C=native code)


---------------  P R O C E S S  ---------------

Java Threads: ( => current thread )
  0x0000000013ae4800 JavaThread "Service Thread" daemon [_thread_blocked, id=2184, stack(0x0000000013f70000,0x0000000014070000)]
  0x0000000013a78800 JavaThread "C1 CompilerThread2" daemon [_thread_in_native, id=11096, stack(0x0000000013e70000,0x0000000013f70000)]
  0x0000000012210000 JavaThread "C2 CompilerThread1" daemon [_thread_blocked, id=6756, stack(0x0000000013970000,0x0000000013a70000)]
=>0x000000001220c800 JavaThread "C2 CompilerThread0" daemon [_thread_in_vm, id=4980, stack(0x0000000013870000,0x0000000013970000)]
  0x000000001220b000 JavaThread "Attach Listener" daemon [_thread_blocked, id=4692, stack(0x0000000013770000,0x0000000013870000)]
  0x0000000012257800 JavaThread "Signal Dispatcher" daemon [_thread_blocked, id=4000, stack(0x0000000013670000,0x0000000013770000)]
  0x00000000121ee000 JavaThread "Finalizer" daemon [_thread_blocked, id=8380, stack(0x0000000013460000,0x0000000013560000)]
  0x0000000001e06800 JavaThread "Reference Handler" daemon [_thread_blocked, id=11076, stack(0x0000000013360000,0x0000000013460000)]
  0x0000000001d16000 JavaThread "main" [_thread_in_Java, id=9036, stack(0x0000000001bf0000,0x0000000001cf0000)]

Other Threads:
  0x00000000121c4000 VMThread [stack: 0x0000000013260000,0x0000000013360000] [id=6604]
  0x0000000013ae6000 WatcherThread [stack: 0x0000000014070000,0x0000000014170000] [id=11172]

VM state:not at safepoint (normal execution)

VM Mutex/Monitor currently owned by a thread: None

Heap:
 PSYoungGen      total 18944K, used 671K [0x00000000feb00000, 0x0000000100000000, 0x0000000100000000)
  eden space 16384K, 4% used [0x00000000feb00000,0x00000000feba7d90,0x00000000ffb00000)
  from space 2560K, 0% used [0x00000000ffd80000,0x00000000ffd80000,0x0000000100000000)
  to   space 2560K, 0% used [0x00000000ffb00000,0x00000000ffb00000,0x00000000ffd80000)
 ParOldGen       total 44032K, used 0K [0x00000000fc000000, 0x00000000feb00000, 0x00000000feb00000)
  object space 44032K, 0% used [0x00000000fc000000,0x00000000fc000000,0x00000000feb00000)
 Metaspace       used 2408K, capacity 4480K, committed 4480K, reserved 1056768K
  class space    used 253K, capacity 384K, committed 384K, reserved 1048576K

Card table byte_map: [0x00000000111e0000,0x0000000011210000] byte_map_base: 0x0000000010a00000

Marking Bits: (ParMarkBitMap*) 0x000000006f613950
 Begin Bits: [0x0000000011630000, 0x0000000011730000)
 End Bits:   [0x0000000011730000, 0x0000000011830000)

Polling page: 0x0000000001bd0000

CodeCache: size=245760Kb used=1058Kb max_used=1058Kb free=244701Kb
 bounds [0x0000000001e20000, 0x0000000002090000, 0x0000000010e20000]
 total_blobs=214 nmethods=1 adapters=141
 compilation: enabled

Compilation events (0 events):
No events

GC Heap History (0 events):
No events

Deoptimization events (0 events):
No events

Classes redefined (0 events):
No events

Internal exceptions (2 events):
Event: 0.055 Thread 0x0000000001d16000 Exception <a 'java/lang/NoSuchMethodError': Method sun.misc.Unsafe.defineClass(Ljava/lang/String;[BII)Ljava/lang/Class; name or signature does not match> (0x00000000feb07ca8) thrown at [D:\src\AOSP-openjdk-cygwin\jdk8u\hotspot\src\share\vm\prims\jni.cpp, 
Event: 0.055 Thread 0x0000000001d16000 Exception <a 'java/lang/NoSuchMethodError': Method sun.misc.Unsafe.prefetchRead(Ljava/lang/Object;J)V name or signature does not match> (0x00000000feb07f90) thrown at [D:\src\AOSP-openjdk-cygwin\jdk8u\hotspot\src\share\vm\prims\jni.cpp, line 4011]

Events (10 events):
Event: 0.160 loading class java/lang/SystemClassLoaderAction
Event: 0.160 loading class java/lang/SystemClassLoaderAction done
Event: 0.164 Thread 0x0000000012257800 Thread added: 0x0000000012257800
Event: 0.164 Thread 0x000000001220b000 Thread added: 0x000000001220b000
Event: 0.164 Thread 0x000000001220c800 Thread added: 0x000000001220c800
Event: 0.164 Thread 0x0000000012210000 Thread added: 0x0000000012210000
Event: 0.165 Thread 0x0000000013a78800 Thread added: 0x0000000013a78800
Event: 0.165 loading class java/lang/invoke/MethodHandleImpl
Event: 0.166 loading class java/lang/invoke/MethodHandleImpl done
Event: 0.166 loading class java/lang/invoke/MethodHandleImpl$1


Dynamic libraries:
0x00007ff67b3f0000 - 0x00007ff67b421000 	C:\Program Files\Android\Android Studio\jre\bin\java.exe
0x00007ffbee940000 - 0x00007ffbeeaed000 	C:\Windows\SYSTEM32\ntdll.dll
0x00007ffbec4b0000 - 0x00007ffbec5ee000 	C:\Windows\system32\KERNEL32.DLL
0x00007ffbebb60000 - 0x00007ffbebc75000 	C:\Windows\system32\KERNELBASE.dll
0x00007ffbedeb0000 - 0x00007ffbedf5a000 	C:\Windows\system32\ADVAPI32.dll
0x00007ffbee110000 - 0x00007ffbee287000 	C:\Windows\system32\USER32.dll
0x00007ffbe9780000 - 0x00007ffbe99fb000 	C:\Windows\WinSxS\amd64_microsoft.windows.common-controls_6595b64144ccf1df_6.0.9600.18006_none_623f33d3ecbe86e8\COMCTL32.dll
0x00007ffbedb90000 - 0x00007ffbedc3a000 	C:\Windows\system32\msvcrt.dll
0x00007ffbee4d0000 - 0x00007ffbee529000 	C:\Windows\SYSTEM32\sechost.dll
0x00007ffbebfd0000 - 0x00007ffbec110000 	C:\Windows\system32\RPCRT4.dll
0x00007ffbedfc0000 - 0x00007ffbee10f000 	C:\Windows\system32\GDI32.dll
0x00007ffbebb30000 - 0x00007ffbebb5e000 	C:\Windows\system32\SspiCli.dll
0x00007ffbec470000 - 0x00007ffbec4a6000 	C:\Windows\system32\IMM32.DLL
0x00007ffbec310000 - 0x00007ffbec462000 	C:\Windows\system32\MSCTF.dll
0x000000006ed70000 - 0x000000006ee42000 	C:\Program Files\Android\Android Studio\jre\jre\bin\msvcr100.dll
0x000000006ee50000 - 0x000000006f68e000 	C:\Program Files\Android\Android Studio\jre\jre\bin\server\jvm.dll
0x00007ffbe4260000 - 0x00007ffbe4269000 	C:\Windows\SYSTEM32\WSOCK32.dll
0x00007ffbd8d20000 - 0x00007ffbd8d42000 	C:\Windows\SYSTEM32\WINMM.dll
0x00007ffbe5bd0000 - 0x00007ffbe5bda000 	C:\Windows\SYSTEM32\VERSION.dll
0x00007ffbedb20000 - 0x00007ffbedb27000 	C:\Windows\system32\PSAPI.DLL
0x00007ffbedf60000 - 0x00007ffbedfba000 	C:\Windows\system32\WS2_32.dll
0x00007ffbd8cf0000 - 0x00007ffbd8d1a000 	C:\Windows\SYSTEM32\WINMMBASE.dll
0x00007ffbebfc0000 - 0x00007ffbebfc9000 	C:\Windows\system32\NSI.dll
0x00007ffbebd90000 - 0x00007ffbebddf000 	C:\Windows\SYSTEM32\cfgmgr32.dll
0x00007ffbea890000 - 0x00007ffbea8b8000 	C:\Windows\SYSTEM32\DEVOBJ.dll
0x00007ffbe5f90000 - 0x00007ffbe5f9f000 	C:\Program Files\Android\Android Studio\jre\jre\bin\verify.dll
0x00007ffbd04f0000 - 0x00007ffbd0519000 	C:\Program Files\Android\Android Studio\jre\jre\bin\java.dll
0x00007ffbe5f70000 - 0x00007ffbe5f86000 	C:\Program Files\Android\Android Studio\jre\jre\bin\zip.dll
0x00007ffbec5f0000 - 0x00007ffbedb18000 	C:\Windows\system32\SHELL32.dll
0x00007ffbee720000 - 0x00007ffbee931000 	C:\Windows\SYSTEM32\combase.dll
0x00007ffbedb30000 - 0x00007ffbedb84000 	C:\Windows\system32\SHLWAPI.dll
0x00007ffbea000000 - 0x00007ffbea0b2000 	C:\Windows\SYSTEM32\SHCORE.dll
0x00007ffbeba60000 - 0x00007ffbeba75000 	C:\Windows\SYSTEM32\profapi.dll

VM Arguments:
jvm_args: -Djava.awt.headless=true -Xmx64M -Dfile.encoding=windows-1256 -Duser.country=US -Duser.language=en -Duser.variant 
java_command: com.google.devtools.build.android.desugar.Desugar --input C:\Users\Tareq Naji\AndroidStudioProjects\ALTARIQ_Restaurant\lib\build\intermediates\intermediate-jars\debug\classes.jar --output C:\Users\Tareq Naji\AndroidStudioProjects\ALTARIQ_Restaurant\app\build\intermediates\transforms\desugar\debug\0.jar --input C:\Users\Tareq Naji\AndroidStudioProjects\ALTARIQ_Restaurant\app\build\intermediates\transforms\stackFramesFixer\debug\22.jar --output C:\Users\Tareq Naji\AndroidStudioProjects\ALTARIQ_Restaurant\app\build\intermediates\transforms\desugar\debug\26.jar --input C:\Users\Tareq Naji\AndroidStudioProjects\ALTARIQ_Restaurant\app\build\intermediates\transforms\stackFramesFixer\debug\27.jar --output C:\Users\Tareq Naji\AndroidStudioProjects\ALTARIQ_Restaurant\app\build\intermediates\transforms\desugar\debug\31.jar --input C:\Users\Tareq Naji\AndroidStudioProjects\ALTARIQ_Restaurant\app\build\intermediates\transforms\stackFramesFixer\debug\10.jar --output C:\Users\Tareq Naji\AndroidStudioProjects\ALTARIQ_Restaurant\app\build\intermediates\transforms\desugar\debug\14.jar --input C:\Users\Tareq Naji\AndroidStudioProjects\ALTARIQ_Restaurant\app\build\intermediates\transforms\stackFramesFixer\debug\11.jar --output C:\Users\Tareq Naji\AndroidStudioProjects\ALTARIQ_Restaurant\app\build\intermediates\transforms\desugar\debug\15.jar --input C:\Users\Tareq Naji\AndroidStudioProjects\ALTARIQ_Restaurant\app\build\intermediates\transforms\stackFramesFixer\debug\17.jar --output C:\Users\Tareq Naji\AndroidStudioProjects\ALTARIQ_Restaurant\app\build\intermediates\transforms\desugar\debug\21.jar --input C:\Users\Tareq Naji\AndroidStudioProjects\ALTARIQ_Restaurant\app\build\intermediates\transforms\stackFramesFixer\debug\31.jar --output C:\Users\Tareq Naji\AndroidStudioProjects\ALTARIQ_Restaurant\app\build\intermediates\transforms\desugar\debug\35.jar --input C:\Users\Tareq Naji\AndroidStudioProjects\ALTARIQ_Restaurant\app\build\intermediates\transforms\stackFramesFixer
java_class_path (initial): C:\Users\Tareq Naji\AppData\Local\Temp\desugar_deploy.jar7902744861790598049
Launcher Type: SUN_STANDARD

Environment Variables:
PATH=C:\ProgramData\Oracle\Java\javapath;C:\Windows\system32;C:\Windows;C:\Windows\System32\Wbem;C:\Windows\System32\WindowsPowerShell\v1.0\;C:\Program Files (x86)\Intel\OpenCL SDK\2.0\bin\x86;C:\Program Files (x86)\Intel\OpenCL SDK\2.0\bin\x64;C:\Program Files\Microsoft SQL Server\120\DTS\Binn\;C:\Program Files\Microsoft SQL Server\Client SDK\ODBC\110\Tools\Binn\;C:\Program Files (x86)\Microsoft SQL Server\120\Tools\Binn\;C:\Program Files\Microsoft SQL Server\120\Tools\Binn\;C:\Program Files (x86)\Microsoft SQL Server\120\Tools\Binn\ManagementStudio\;C:\Program Files (x86)\Microsoft SQL Server\120\DTS\Binn\;C:\Program Files (x86)\Intel\OpenCL SDK\2.0\bin\x86;C:\Program Files (x86)\Intel\OpenCL SDK\2.0\bin\x64;E:\android-ndk-r10e\;C:\Program Files (x86)\GtkSharp\2.12\bin;C:\Program Files\Microsoft SQL Server\130\Tools\Binn\;C:\Program Files (x86)\Skype\Phone\;C:\Program Files\dotnet\;C:\Program Files\Git\cmd;C:\Program Files (x86)\Microsoft SQL Server\Client SDK\ODBC\130\Tools\Binn\;C:\Program Files (x86)\Microsoft SQL Server\140\Tools\Binn\;C:\Program Files (x86)\Microsoft SQL Server\140\DTS\Binn\;C:\Program Files (x86)\Microsoft SQL Server\140\Tools\Binn\ManagementStudio\;C:\Program Files\Microsoft SQL Server\Client SDK\ODBC\130\Tools\Binn\;C:\Program Files\Microsoft SQL Server\140\Tools\Binn\;C:\Program Files\Microsoft SQL Server\140\DTS\Binn\;C:\Users\Tareq Naji\.dnx\bin;E:\android-ndk-r13b
USERNAME=Tareq Naji
OS=Windows_NT
PROCESSOR_IDENTIFIER=Intel64 Family 6 Model 42 Stepping 7, GenuineIntel



---------------  S Y S T E M  ---------------

OS: Windows 8.1 , 64 bit Build 9600 (6.3.9600.17415)

CPU:total 4 (initial active 4) (2 cores per cpu, 2 threads per core) family 6 model 42 stepping 7, cmov, cx8, fxsr, mmx, sse, sse2, sse3, ssse3, sse4.1, sse4.2, popcnt, avx, aes, clmul, ht, tsc, tscinvbit

Memory: 4k page, physical 8321388k(691508k free), swap 9462972k(4836k free)

vm_info: OpenJDK 64-Bit Server VM (25.152-b01) for windows-amd64 JRE (1.8.0_152-release-915-b01), built by "builder" with MS VC++ 10.0 (VS2010)

time: Tue Mar 13 16:18:28 2018
elapsed time: 0 seconds (0d 0h 0m 0s)

