#
# There is insufficient memory for the Java Runtime Environment to continue.
# Native memory allocation (malloc) failed to allocate 32744 bytes for ChunkPool::allocate
# Possible reasons:
#   The system is out of physical RAM or swap space
#   In 32 bit mode, the process size limit was hit
# Possible solutions:
#   Reduce memory load on the system
#   Increase physical memory or swap space
#   Check if swap backing store is full
#   Use 64 bit Java on a 64 bit OS
#   Decrease Java heap size (-Xmx/-Xms)
#   Decrease number of Java threads
#   Decrease Java thread stack sizes (-Xss)
#   Set larger code cache with -XX:ReservedCodeCacheSize=
# This output file may be truncated or incomplete.
#
#  Out of Memory Error (allocation.cpp:273), pid=7112, tid=0x0000000000000750
#
# JRE version: OpenJDK Runtime Environment (8.0_152-b01) (build 1.8.0_152-release-915-b01)
# Java VM: OpenJDK 64-Bit Server VM (25.152-b01 mixed mode windows-amd64 compressed oops)
# Failed to write core dump. Minidumps are not enabled by default on client versions of Windows
#

---------------  T H R E A D  ---------------

Current thread (0x000000001296d800):  JavaThread "C2 CompilerThread1" daemon [_thread_in_native, id=1872, stack(0x0000000014460000,0x0000000014560000)]

Stack: [0x0000000014460000,0x0000000014560000]
[error occurred during error reporting (printing stack bounds), id 0xc0000005]

Native frames: (J=compiled Java code, j=interpreted, Vv=VM code, C=native code)


Current CompileTask:
C2:   6157  920 %     4       org.objectweb.asm.ClassReader::a @ 1480 (3587 bytes)


---------------  P R O C E S S  ---------------

Java Threads: ( => current thread )
  0x00000000140bf000 JavaThread "Service Thread" daemon [_thread_blocked, id=3580, stack(0x0000000014660000,0x0000000014760000)]
  0x000000001296e800 JavaThread "C1 CompilerThread2" daemon [_thread_blocked, id=6808, stack(0x0000000014560000,0x0000000014660000)]
=>0x000000001296d800 JavaThread "C2 CompilerThread1" daemon [_thread_in_native, id=1872, stack(0x0000000014460000,0x0000000014560000)]
  0x000000001291e000 JavaThread "C2 CompilerThread0" daemon [_thread_blocked, id=6492, stack(0x0000000013f60000,0x0000000014060000)]
  0x000000001291c800 JavaThread "Attach Listener" daemon [_thread_blocked, id=8556, stack(0x0000000013e60000,0x0000000013f60000)]
  0x0000000012968800 JavaThread "Signal Dispatcher" daemon [_thread_blocked, id=468, stack(0x0000000013d60000,0x0000000013e60000)]
  0x00000000128fe800 JavaThread "Finalizer" daemon [_thread_blocked, id=8828, stack(0x0000000013b80000,0x0000000013c80000)]
  0x00000000025a8000 JavaThread "Reference Handler" daemon [_thread_blocked, id=9096, stack(0x0000000013a80000,0x0000000013b80000)]
  0x00000000024b7000 JavaThread "main" [_thread_in_native, id=4900, stack(0x00000000023b0000,0x00000000024b0000)]

Other Threads:
  0x00000000128d4800 VMThread [stack: 0x0000000013980000,0x0000000013a80000] [id=7496]
  0x00000000140c1000 WatcherThread [stack: 0x0000000014760000,0x0000000014860000] [id=7884]

VM state:not at safepoint (normal execution)

VM Mutex/Monitor currently owned by a thread: None

Heap:
 PSYoungGen      total 18944K, used 14078K [0x00000000feb00000, 0x0000000100000000, 0x0000000100000000)
  eden space 16384K, 70% used [0x00000000feb00000,0x00000000ff63fa60,0x00000000ffb00000)
  from space 2560K, 99% used [0x00000000ffd80000,0x00000000fffffff0,0x0000000100000000)
  to   space 2560K, 0% used [0x00000000ffb00000,0x00000000ffb00000,0x00000000ffd80000)
 ParOldGen       total 44032K, used 5620K [0x00000000fc000000, 0x00000000feb00000, 0x00000000feb00000)
  object space 44032K, 12% used [0x00000000fc000000,0x00000000fc57d3e0,0x00000000feb00000)
 Metaspace       used 7686K, capacity 7858K, committed 7936K, reserved 1056768K
  class space    used 875K, capacity 957K, committed 1024K, reserved 1048576K

Card table byte_map: [0x00000000009a0000,0x00000000009d0000] byte_map_base: 0x00000000001c0000

Marking Bits: (ParMarkBitMap*) 0x0000000056ba3950
 Begin Bits: [0x0000000011d70000, 0x0000000011e70000)
 End Bits:   [0x0000000011e70000, 0x0000000011f70000)

Polling page: 0x0000000000970000

CodeCache: size=245760Kb used=3932Kb max_used=3932Kb free=241828Kb
 bounds [0x00000000025b0000, 0x0000000002990000, 0x00000000115b0000]
 total_blobs=1378 nmethods=1046 adapters=246
 compilation: enabled

Compilation events (10 events):
Event: 4.930 Thread 0x000000001296e800 1044       3       java.util.concurrent.TimeUnit$4::convert (6 bytes)
Event: 4.930 Thread 0x000000001296e800 nmethod 1044 0x00000000029850d0 code [0x0000000002985240, 0x0000000002985468]
Event: 4.930 Thread 0x000000001296e800 1045       3       java.util.concurrent.TimeUnit$3::toSeconds (6 bytes)
Event: 4.930 Thread 0x000000001296e800 nmethod 1045 0x0000000002984d90 code [0x0000000002984ee0, 0x0000000002985050]
Event: 4.930 Thread 0x000000001296e800 1046       3       java.util.zip.ZipOutputStream::writeExtra (106 bytes)
Event: 4.931 Thread 0x000000001296e800 nmethod 1046 0x0000000002986c50 code [0x0000000002986e40, 0x0000000002987908]
Event: 4.931 Thread 0x000000001296e800 1047       3       java.util.Vector::elementData (7 bytes)
Event: 4.932 Thread 0x000000001296e800 nmethod 1047 0x00000000029849d0 code [0x0000000002984b20, 0x0000000002984c90]
Event: 4.932 Thread 0x000000001296e800 1048       3       sun.nio.ch.Util::access$000 (4 bytes)
Event: 4.933 Thread 0x000000001296e800 nmethod 1048 0x0000000002986950 code [0x0000000002986aa0, 0x0000000002986bd0]

GC Heap History (4 events):
Event: 2.046 GC heap before
{Heap before GC invocations=1 (full 0):
 PSYoungGen      total 18944K, used 16384K [0x00000000feb00000, 0x0000000100000000, 0x0000000100000000)
  eden space 16384K, 100% used [0x00000000feb00000,0x00000000ffb00000,0x00000000ffb00000)
  from space 2560K, 0% used [0x00000000ffd80000,0x00000000ffd80000,0x0000000100000000)
  to   space 2560K, 0% used [0x00000000ffb00000,0x00000000ffb00000,0x00000000ffd80000)
 ParOldGen       total 44032K, used 0K [0x00000000fc000000, 0x00000000feb00000, 0x00000000feb00000)
  object space 44032K, 0% used [0x00000000fc000000,0x00000000fc000000,0x00000000feb00000)
 Metaspace       used 6588K, capacity 6688K, committed 6784K, reserved 1056768K
  class space    used 773K, capacity 824K, committed 896K, reserved 1048576K
Event: 2.078 GC heap after
Heap after GC invocations=1 (full 0):
 PSYoungGen      total 18944K, used 2551K [0x00000000feb00000, 0x0000000100000000, 0x0000000100000000)
  eden space 16384K, 0% used [0x00000000feb00000,0x00000000feb00000,0x00000000ffb00000)
  from space 2560K, 99% used [0x00000000ffb00000,0x00000000ffd7de10,0x00000000ffd80000)
  to   space 2560K, 0% used [0x00000000ffd80000,0x00000000ffd80000,0x0000000100000000)
 ParOldGen       total 44032K, used 1561K [0x00000000fc000000, 0x00000000feb00000, 0x00000000feb00000)
  object space 44032K, 3% used [0x00000000fc000000,0x00000000fc1866d8,0x00000000feb00000)
 Metaspace       used 6588K, capacity 6688K, committed 6784K, reserved 1056768K
  class space    used 773K, capacity 824K, committed 896K, reserved 1048576K
}
Event: 3.188 GC heap before
{Heap before GC invocations=2 (full 0):
 PSYoungGen      total 18944K, used 18935K [0x00000000feb00000, 0x0000000100000000, 0x0000000100000000)
  eden space 16384K, 100% used [0x00000000feb00000,0x00000000ffb00000,0x00000000ffb00000)
  from space 2560K, 99% used [0x00000000ffb00000,0x00000000ffd7de10,0x00000000ffd80000)
  to   space 2560K, 0% used [0x00000000ffd80000,0x00000000ffd80000,0x0000000100000000)
 ParOldGen       total 44032K, used 1561K [0x00000000fc000000, 0x00000000feb00000, 0x00000000feb00000)
  object space 44032K, 3% used [0x00000000fc000000,0x00000000fc1866d8,0x00000000feb00000)
 Metaspace       used 7556K, capacity 7730K, committed 7936K, reserved 1056768K
  class space    used 875K, capacity 957K, committed 1024K, reserved 1048576K
Event: 3.281 GC heap after
Heap after GC invocations=2 (full 0):
 PSYoungGen      total 18944K, used 2559K [0x00000000feb00000, 0x0000000100000000, 0x0000000100000000)
  eden space 16384K, 0% used [0x00000000feb00000,0x00000000feb00000,0x00000000ffb00000)
  from space 2560K, 99% used [0x00000000ffd80000,0x00000000fffffff0,0x0000000100000000)
  to   space 2560K, 0% used [0x00000000ffb00000,0x00000000ffb00000,0x00000000ffd80000)
 ParOldGen       total 44032K, used 5620K [0x00000000fc000000, 0x00000000feb00000, 0x00000000feb00000)
  object space 44032K, 12% used [0x00000000fc000000,0x00000000fc57d3e0,0x00000000feb00000)
 Metaspace       used 7556K, capacity 7730K, committed 7936K, reserved 1056768K
  class space    used 875K, capacity 957K, committed 1024K, reserved 1048576K
}

Deoptimization events (10 events):
Event: 1.964 Thread 0x00000000024b7000 Uncommon trap: reason=unstable_if action=reinterpret pc=0x00000000027cd25c method=java.util.zip.ZipFile$ZipEntryIterator.hasNext()Z @ 25
Event: 1.964 Thread 0x00000000024b7000 Uncommon trap: reason=unstable_if action=reinterpret pc=0x00000000027dec0c method=java.util.zip.ZipCoder.decoder()Ljava/nio/charset/CharsetDecoder; @ 4
Event: 2.165 Thread 0x00000000024b7000 Uncommon trap: reason=unstable_if action=reinterpret pc=0x00000000027d544c method=java.util.zip.ZipCoder.decoder()Ljava/nio/charset/CharsetDecoder; @ 4
Event: 2.170 Thread 0x00000000024b7000 Uncommon trap: reason=unstable_if action=reinterpret pc=0x00000000027d11dc method=java.util.zip.ZipCoder.decoder()Ljava/nio/charset/CharsetDecoder; @ 4
Event: 2.174 Thread 0x00000000024b7000 Uncommon trap: reason=unstable_if action=reinterpret pc=0x00000000027cdaec method=java.util.zip.ZipCoder.decoder()Ljava/nio/charset/CharsetDecoder; @ 4
Event: 2.198 Thread 0x00000000024b7000 Uncommon trap: reason=unstable_if action=reinterpret pc=0x00000000027ef848 method=java.util.HashMap$HashIterator.nextNode()Ljava/util/HashMap$Node; @ 74
Event: 2.302 Thread 0x00000000024b7000 Uncommon trap: reason=unloaded action=reinterpret pc=0x00000000027e49bc method=java.util.zip.ZipEntry.setExtra0([BZ)V @ 37
Event: 2.317 Thread 0x00000000024b7000 Uncommon trap: reason=unstable_if action=reinterpret pc=0x00000000027efd48 method=java.util.HashMap$HashIterator.nextNode()Ljava/util/HashMap$Node; @ 74
Event: 2.788 Thread 0x00000000024b7000 Uncommon trap: reason=unstable_if action=reinterpret pc=0x00000000027948ec method=java.lang.String.<init>([CII)V @ 18
Event: 3.474 Thread 0x00000000024b7000 Uncommon trap: reason=unstable_if action=reinterpret pc=0x000000000290350c method=org.objectweb.asm.Type.getArgumentsAndReturnSizes(Ljava/lang/String;)I @ 130

Classes redefined (0 events):
No events

Internal exceptions (10 events):
Event: 2.316 Thread 0x00000000024b7000 Exception <a 'sun/nio/fs/WindowsException'> (0x00000000ff1d0390) thrown at [D:\src\AOSP-openjdk-cygwin\jdk8u\hotspot\src\share\vm\prims\jni.cpp, line 709]
Event: 2.316 Thread 0x00000000024b7000 Exception <a 'sun/nio/fs/WindowsException'> (0x00000000ff1d0960) thrown at [D:\src\AOSP-openjdk-cygwin\jdk8u\hotspot\src\share\vm\prims\jni.cpp, line 709]
Event: 2.316 Thread 0x00000000024b7000 Exception <a 'sun/nio/fs/WindowsException'> (0x00000000ff1d1120) thrown at [D:\src\AOSP-openjdk-cygwin\jdk8u\hotspot\src\share\vm\prims\jni.cpp, line 709]
Event: 2.347 Thread 0x00000000024b7000 Exception <a 'sun/nio/fs/WindowsException'> (0x00000000ff1d6588) thrown at [D:\src\AOSP-openjdk-cygwin\jdk8u\hotspot\src\share\vm\prims\jni.cpp, line 709]
Event: 2.676 Thread 0x00000000024b7000 Exception <a 'sun/nio/fs/WindowsException'> (0x00000000ff7aaa58) thrown at [D:\src\AOSP-openjdk-cygwin\jdk8u\hotspot\src\share\vm\prims\jni.cpp, line 709]
Event: 2.676 Thread 0x00000000024b7000 Exception <a 'sun/nio/fs/WindowsException'> (0x00000000ff7ab018) thrown at [D:\src\AOSP-openjdk-cygwin\jdk8u\hotspot\src\share\vm\prims\jni.cpp, line 709]
Event: 3.064 Thread 0x00000000024b7000 Exception <a 'sun/nio/fs/WindowsException'> (0x00000000ff91f900) thrown at [D:\src\AOSP-openjdk-cygwin\jdk8u\hotspot\src\share\vm\prims\jni.cpp, line 709]
Event: 3.064 Thread 0x00000000024b7000 Exception <a 'sun/nio/fs/WindowsException'> (0x00000000ff91fe40) thrown at [D:\src\AOSP-openjdk-cygwin\jdk8u\hotspot\src\share\vm\prims\jni.cpp, line 709]
Event: 5.571 Thread 0x00000000024b7000 Exception <a 'sun/nio/fs/WindowsException'> (0x00000000ff62cb38) thrown at [D:\src\AOSP-openjdk-cygwin\jdk8u\hotspot\src\share\vm\prims\jni.cpp, line 709]
Event: 5.571 Thread 0x00000000024b7000 Exception <a 'sun/nio/fs/WindowsException'> (0x00000000ff62d078) thrown at [D:\src\AOSP-openjdk-cygwin\jdk8u\hotspot\src\share\vm\prims\jni.cpp, line 709]

Events (10 events):
Event: 3.066 loading class java/time/temporal/TemporalAdjuster
Event: 3.066 loading class java/time/temporal/TemporalAdjuster done
Event: 3.067 loading class java/time/Instant done
Event: 3.187 Executing VM operation: ParallelGCFailedAllocation
Event: 3.281 Executing VM operation: ParallelGCFailedAllocation done
Event: 3.474 Thread 0x00000000024b7000 Uncommon trap: trap_request=0xffffff65 fr.pc=0x000000000290350c
Event: 3.474 Thread 0x00000000024b7000 DEOPT PACKING pc=0x000000000290350c sp=0x00000000024aeca0
Event: 3.474 Thread 0x00000000024b7000 DEOPT UNPACKING pc=0x00000000025f556a sp=0x00000000024aec30 mode 2
Event: 4.381 Executing VM operation: EnableBiasedLocking
Event: 4.381 Executing VM operation: EnableBiasedLocking done


Dynamic libraries:
0x00007ff759090000 - 0x00007ff7590c1000 	C:\Program Files\Android\Android Studio\jre\bin\java.exe
0x00007ff816700000 - 0x00007ff8168ad000 	C:\Windows\SYSTEM32\ntdll.dll
0x00007ff816080000 - 0x00007ff8161be000 	C:\Windows\system32\KERNEL32.DLL
0x00007ff813bd0000 - 0x00007ff813ce5000 	C:\Windows\system32\KERNELBASE.dll
0x00007ff813dc0000 - 0x00007ff813e6a000 	C:\Windows\system32\ADVAPI32.dll
0x00007ff813e80000 - 0x00007ff813ff7000 	C:\Windows\system32\USER32.dll
0x00007ff8114b0000 - 0x00007ff81172b000 	C:\Windows\WinSxS\amd64_microsoft.windows.common-controls_6595b64144ccf1df_6.0.9600.18006_none_623f33d3ecbe86e8\COMCTL32.dll
0x00007ff8163c0000 - 0x00007ff81646a000 	C:\Windows\system32\msvcrt.dll
0x00007ff8142f0000 - 0x00007ff814349000 	C:\Windows\SYSTEM32\sechost.dll
0x00007ff816280000 - 0x00007ff8163c0000 	C:\Windows\system32\RPCRT4.dll
0x00007ff816550000 - 0x00007ff81669f000 	C:\Windows\system32\GDI32.dll
0x00007ff813d50000 - 0x00007ff813d7e000 	C:\Windows\system32\SspiCli.dll
0x00007ff813d80000 - 0x00007ff813db6000 	C:\Windows\system32\IMM32.DLL
0x00007ff814450000 - 0x00007ff8145a2000 	C:\Windows\system32\MSCTF.dll
0x0000000056300000 - 0x00000000563d2000 	C:\Program Files\Android\Android Studio\jre\jre\bin\msvcr100.dll
0x00000000563e0000 - 0x0000000056c1e000 	C:\Program Files\Android\Android Studio\jre\jre\bin\server\jvm.dll
0x00007ff80c020000 - 0x00007ff80c029000 	C:\Windows\SYSTEM32\WSOCK32.dll
0x00007ff800ae0000 - 0x00007ff800b02000 	C:\Windows\SYSTEM32\WINMM.dll
0x00007ff80cfb0000 - 0x00007ff80cfba000 	C:\Windows\SYSTEM32\VERSION.dll
0x00007ff816470000 - 0x00007ff816477000 	C:\Windows\system32\PSAPI.DLL
0x00007ff816020000 - 0x00007ff81607a000 	C:\Windows\system32\WS2_32.dll
0x00007ff800ab0000 - 0x00007ff800ada000 	C:\Windows\SYSTEM32\WINMMBASE.dll
0x00007ff814350000 - 0x00007ff814359000 	C:\Windows\system32\NSI.dll
0x00007ff813b80000 - 0x00007ff813bcf000 	C:\Windows\SYSTEM32\cfgmgr32.dll
0x00007ff812670000 - 0x00007ff812698000 	C:\Windows\SYSTEM32\DEVOBJ.dll
0x00007ff810160000 - 0x00007ff81016f000 	C:\Program Files\Android\Android Studio\jre\jre\bin\verify.dll
0x00007ff810130000 - 0x00007ff810159000 	C:\Program Files\Android\Android Studio\jre\jre\bin\java.dll
0x00007ff80ff90000 - 0x00007ff80ffa6000 	C:\Program Files\Android\Android Studio\jre\jre\bin\zip.dll
0x00007ff8145b0000 - 0x00007ff815ad8000 	C:\Windows\system32\SHELL32.dll
0x00007ff814060000 - 0x00007ff814271000 	C:\Windows\SYSTEM32\combase.dll
0x00007ff8166a0000 - 0x00007ff8166f4000 	C:\Windows\system32\SHLWAPI.dll
0x00007ff811dc0000 - 0x00007ff811e72000 	C:\Windows\SYSTEM32\SHCORE.dll
0x00007ff813820000 - 0x00007ff813835000 	C:\Windows\SYSTEM32\profapi.dll
0x00007ff813120000 - 0x00007ff813140000 	C:\Windows\SYSTEM32\CRYPTSP.dll
0x00007ff812d40000 - 0x00007ff812d76000 	C:\Windows\system32\rsaenh.dll
0x00007ff813370000 - 0x00007ff813396000 	C:\Windows\SYSTEM32\bcrypt.dll
0x00007ff812e50000 - 0x00007ff812e71000 	C:\Windows\SYSTEM32\USERENV.dll
0x00007ff813680000 - 0x00007ff8136e3000 	C:\Windows\system32\bcryptprimitives.dll
0x00007ff8136f0000 - 0x00007ff8136fb000 	C:\Windows\SYSTEM32\CRYPTBASE.dll
0x00007ffff7560000 - 0x00007ffff757a000 	C:\Program Files\Android\Android Studio\jre\jre\bin\net.dll
0x00007ff8130c0000 - 0x00007ff813119000 	C:\Windows\system32\mswsock.dll
0x00007ff80ecb0000 - 0x00007ff80ecda000 	C:\Windows\SYSTEM32\IPHLPAPI.DLL
0x00007ff80ec90000 - 0x00007ff80ec9a000 	C:\Windows\SYSTEM32\WINNSI.DLL
0x00007ff80e7d0000 - 0x00007ff80e7e6000 	C:\Windows\SYSTEM32\dhcpcsvc6.DLL
0x00007ff80ea00000 - 0x00007ff80ea1a000 	C:\Windows\SYSTEM32\dhcpcsvc.DLL
0x00007ffff7540000 - 0x00007ffff7551000 	C:\Program Files\Android\Android Studio\jre\jre\bin\nio.dll

VM Arguments:
jvm_args: -Djava.awt.headless=true -Xmx64M -Dfile.encoding=windows-1256 -Duser.country=US -Duser.language=en -Duser.variant 
java_command: com.google.devtools.build.android.desugar.Desugar --input C:\Users\Tareq Naji\AndroidStudioProjects\ALTARIQ_Restaurant\app\build\intermediates\transforms\stackFramesFixer\debug\41.jar --output C:\Users\Tareq Naji\AndroidStudioProjects\ALTARIQ_Restaurant\app\build\intermediates\transforms\desugar\debug\45.jar --input C:\Users\Tareq Naji\AndroidStudioProjects\ALTARIQ_Restaurant\app\build\intermediates\transforms\stackFramesFixer\debug\29.jar --output C:\Users\Tareq Naji\AndroidStudioProjects\ALTARIQ_Restaurant\app\build\intermediates\transforms\desugar\debug\33.jar --input C:\Users\Tareq Naji\AndroidStudioProjects\ALTARIQ_Restaurant\app\build\intermediates\transforms\stackFramesFixer\debug\13.jar --output C:\Users\Tareq Naji\AndroidStudioProjects\ALTARIQ_Restaurant\app\build\intermediates\transforms\desugar\debug\17.jar --input C:\Users\Tareq Naji\AndroidStudioProjects\ALTARIQ_Restaurant\app\build\intermediates\transforms\stackFramesFixer\debug\35.jar --output C:\Users\Tareq Naji\AndroidStudioProjects\ALTARIQ_Restaurant\app\build\intermediates\transforms\desugar\debug\39.jar --input C:\Users\Tareq Naji\AndroidStudioProjects\ALTARIQ_Restaurant\app\build\intermediates\transforms\stackFramesFixer\debug\4.jar --output C:\Users\Tareq Naji\AndroidStudioProjects\ALTARIQ_Restaurant\app\build\intermediates\transforms\desugar\debug\8.jar --input C:\Users\Tareq Naji\AndroidStudioProjects\ALTARIQ_Restaurant\app\build\tmp\kapt3\classes\debug --output C:\Users\Tareq Naji\AndroidStudioProjects\ALTARIQ_Restaurant\app\build\intermediates\transforms\desugar\debug\3 --input C:\Users\Tareq Naji\AndroidStudioProjects\ALTARIQ_Restaurant\app\build\intermediates\transforms\stackFramesFixer\debug\28.jar --output C:\Users\Tareq Naji\AndroidStudioProjects\ALTARIQ_Restaurant\app\build\intermediates\transforms\desugar\debug\32.jar --input C:\Users\Tareq Naji\AndroidStudioProjects\ALTARIQ_Restaurant\app\build\intermediates\transforms\stackFramesFixer\debug\15.jar --output C:\Users\
java_class_path (initial): C:\Users\Tareq Naji\AppData\Local\Temp\desugar_deploy.jar2038568132954709756
Launcher Type: SUN_STANDARD

Environment Variables:
PATH=C:\ProgramData\Oracle\Java\javapath;C:\Windows\system32;C:\Windows;C:\Windows\System32\Wbem;C:\Windows\System32\WindowsPowerShell\v1.0\;C:\Program Files (x86)\Intel\OpenCL SDK\2.0\bin\x86;C:\Program Files (x86)\Intel\OpenCL SDK\2.0\bin\x64;C:\Program Files\Microsoft SQL Server\120\DTS\Binn\;C:\Program Files\Microsoft SQL Server\Client SDK\ODBC\110\Tools\Binn\;C:\Program Files (x86)\Microsoft SQL Server\120\Tools\Binn\;C:\Program Files\Microsoft SQL Server\120\Tools\Binn\;C:\Program Files (x86)\Microsoft SQL Server\120\Tools\Binn\ManagementStudio\;C:\Program Files (x86)\Microsoft SQL Server\120\DTS\Binn\;C:\Program Files (x86)\Intel\OpenCL SDK\2.0\bin\x86;C:\Program Files (x86)\Intel\OpenCL SDK\2.0\bin\x64;E:\android-ndk-r10e\;C:\Program Files (x86)\GtkSharp\2.12\bin;C:\Program Files\Microsoft SQL Server\130\Tools\Binn\;C:\Program Files (x86)\Skype\Phone\;C:\Program Files\dotnet\;C:\Program Files\Git\cmd;C:\Program Files (x86)\Microsoft SQL Server\Client SDK\ODBC\130\Tools\Binn\;C:\Program Files (x86)\Microsoft SQL Server\140\Tools\Binn\;C:\Program Files (x86)\Microsoft SQL Server\140\DTS\Binn\;C:\Program Files (x86)\Microsoft SQL Server\140\Tools\Binn\ManagementStudio\;C:\Program Files\Microsoft SQL Server\Client SDK\ODBC\130\Tools\Binn\;C:\Program Files\Microsoft SQL Server\140\Tools\Binn\;C:\Program Files\Microsoft SQL Server\140\DTS\Binn\;C:\Users\Tareq Naji\.dnx\bin;E:\android-ndk-r13b
USERNAME=Tareq Naji
OS=Windows_NT
PROCESSOR_IDENTIFIER=Intel64 Family 6 Model 42 Stepping 7, GenuineIntel



---------------  S Y S T E M  ---------------

OS: Windows 8.1 , 64 bit Build 9600 (6.3.9600.17415)

CPU:total 4 (initial active 4) (2 cores per cpu, 2 threads per core) family 6 model 42 stepping 7, cmov, cx8, fxsr, mmx, sse, sse2, sse3, ssse3, sse4.1, sse4.2, popcnt, avx, aes, clmul, ht, tsc, tscinvbit

Memory: 4k page, physical 8321388k(234652k free), swap 11467116k(5116k free)

vm_info: OpenJDK 64-Bit Server VM (25.152-b01) for windows-amd64 JRE (1.8.0_152-release-915-b01), built by "builder" with MS VC++ 10.0 (VS2010)

time: Tue Mar 20 21:58:15 2018
elapsed time: 6 seconds (0d 0h 0m 6s)

